15:19:27.104 [JavaFX Application Thread] DEBUG GameApplication      - Logger initialized
15:19:27.124 [JavaFX Application Thread] DEBUG GameApplication      - Logging settings
Title: LuigiFactory
Version: 0.0
Width: 1400
Height: 1050
Fullscreen: false
Intro: false
Menus: true
Profiling: false
Single step:false
App Mode: DEVELOPER
Menu Key: ESCAPE
Stage Style: DECORATED
Scene Factory: class com.almasb.fxgl.scene.SceneFactory
Dialog Factory: class com.almasb.fxgl.ui.FXGLDialogFactory
UI Factory: class com.almasb.fxgl.ui.FXGLUIFactory
Notification Service: class com.almasb.fxgl.gameplay.notification.XboxNotificationView
Exception Handler: class com.almasb.fxgl.app.FXGLExceptionHandler
15:19:27.125 [JavaFX Application Thread] DEBUG GameApplication      - Starting FXGL
15:19:27.145 [JavaFX Application Thread] INFO  FXGL                 - FXGL-0.5.4 on DESKTOP
15:19:27.146 [JavaFX Application Thread] INFO  FXGL                 - Source code and latest versions at: https://github.com/AlmasB/FXGL
15:19:27.146 [JavaFX Application Thread] INFO  FXGL                 -              Join the FXGL chat at: https://gitter.im/AlmasB/FXGL
15:19:27.161 [JavaFX Application Thread] DEBUG FXGL                 - FXGL started
15:19:27.162 [JavaFX Application Thread] DEBUG FXGL                 - Initializing FXGL
15:19:27.267 [JavaFX Application Thread] DEBUG AssetLoader          - Loading from disk: /assets/ui/cursors/fxgl_default.png
15:19:27.367 [JavaFX Application Thread] DEBUG AssetLoader          - Loading from disk: /assets/ui/fonts/VarelaRound-Regular.ttf
15:19:27.789 [JavaFX Application Thread] DEBUG MainWindow           - Creating a JavaFX scene
15:19:27.789 [JavaFX Application Thread] DEBUG MainWindow           - Target size > screen size
15:19:27.907 [JavaFX Application Thread] DEBUG MainWindow           - Target settings size: 1400.0 x 1050.0
15:19:27.907 [JavaFX Application Thread] DEBUG MainWindow           - Scaled scene size:    1121.0 x 859.0
15:19:27.908 [JavaFX Application Thread] DEBUG MainWindow           - Scaled ratio: (0.8007142857142857, 0.8180952380952381)
15:19:27.916 [JavaFX Application Thread] DEBUG AssetLoader          - Loading from disk: /assets/ui/css/fxgl_dark.css
15:19:27.927 [JavaFX Application Thread] DEBUG AssetLoader          - Loading from disk: /assets/textures/fxgl_icon.png
15:19:27.970 [JavaFX Application Thread] DEBUG MainWindow           - Opening main window
15:19:28.592 [JavaFX Application Thread] DEBUG MainWindow           - Window border size: (6.0, 29.0)
15:19:28.593 [JavaFX Application Thread] DEBUG MainWindow           - Scaled size: 1121.0 x 859.0
15:19:28.594 [JavaFX Application Thread] DEBUG MainWindow           - Scaled ratio: (0.8007142857142857, 0.8180952380952381)
15:19:28.594 [JavaFX Application Thread] DEBUG MainWindow           - Scene size: 1121.0 x 859.0
15:19:28.594 [JavaFX Application Thread] DEBUG MainWindow           - Stage size: 1127.0 x 888.0
15:19:28.729 [ForkJoinPool.commonPool-worker-1] DEBUG FS                   - Loaded DesktopFSService
15:19:28.730 [ForkJoinPool.commonPool-worker-1] DEBUG FXGL                 - Loading FXGL system data
15:19:28.746 [ForkJoinPool.commonPool-worker-1] DEBUG DesktopFSService     - Reading from: system\fxgl.bundle
15:19:28.772 [ForkJoinPool.commonPool-worker-1] DEBUG Bundle               - Logging bundle: FXGL
15:19:28.774 [ForkJoinPool.commonPool-worker-1] DEBUG Bundle               - FXGL.offline.timer.version.check=2019-01-28T11:57:03.073
15:19:28.775 [ForkJoinPool.commonPool-worker-1] DEBUG FXGL                 - Initializing state machine and application states
15:19:28.798 [ForkJoinPool.commonPool-worker-1] DEBUG AssetLoader          - Loading from disk: /assets/ui/cursors/fxgl_default.png
15:19:28.812 [ForkJoinPool.commonPool-worker-1] DEBUG AssetLoader          - Loading from disk: /assets/ui/cursors/fxgl_default.png
15:19:28.833 [ForkJoinPool.commonPool-worker-1] DEBUG AssetLoader          - Loading from cache: /assets/ui/fonts/VarelaRound-Regular.ttf
15:19:28.840 [ForkJoinPool.commonPool-worker-1] DEBUG AssetLoader          - Loading from disk: /assets/ui/cursors/fxgl_default.png
15:19:28.851 [ForkJoinPool.commonPool-worker-1] DEBUG GameScene            - Game scene initialized: 1400x1050
15:19:28.866 [ForkJoinPool.commonPool-worker-1] DEBUG GameWorld            - Game world initialized
15:19:28.998 [ForkJoinPool.commonPool-worker-1] DEBUG PhysicsWorld         - Physics world initialized: appHeight=1050, physics.ppm=50,0
15:19:29.073 [ForkJoinPool.commonPool-worker-1] DEBUG AssetLoader          - Loading from disk: /assets/ui/cursors/fxgl_default.png
15:19:29.081 [ForkJoinPool.commonPool-worker-1] DEBUG AssetLoader          - Loading from disk: /assets/properties/languages/english.properties
15:19:29.083 [ForkJoinPool.commonPool-worker-1] DEBUG AssetLoader          - Loading from cache: /assets/ui/fonts/VarelaRound-Regular.ttf
15:19:29.084 [ForkJoinPool.commonPool-worker-1] DEBUG AssetLoader          - Loading from cache: /assets/ui/fonts/VarelaRound-Regular.ttf
15:19:29.085 [ForkJoinPool.commonPool-worker-1] DEBUG AssetLoader          - Loading from cache: /assets/ui/fonts/VarelaRound-Regular.ttf
15:19:29.106 [ForkJoinPool.commonPool-worker-1] DEBUG AssetLoader          - Loading from disk: /assets/textures/particles/trace_horizontal.png
15:19:29.142 [ForkJoinPool.commonPool-worker-1] DEBUG AssetLoader          - Loading from cache: /assets/ui/fonts/VarelaRound-Regular.ttf
15:19:29.144 [ForkJoinPool.commonPool-worker-1] DEBUG FXGL.Menu            - createMenuBodyMainMenu()
15:19:29.173 [ForkJoinPool.commonPool-worker-1] DEBUG AssetLoader          - Loading from cache: /assets/ui/fonts/VarelaRound-Regular.ttf
15:19:29.178 [ForkJoinPool.commonPool-worker-1] DEBUG AssetLoader          - Loading from cache: /assets/properties/languages/english.properties
15:19:29.183 [ForkJoinPool.commonPool-worker-1] DEBUG AssetLoader          - Loading from cache: /assets/ui/fonts/VarelaRound-Regular.ttf
15:19:29.184 [ForkJoinPool.commonPool-worker-1] DEBUG AssetLoader          - Loading from cache: /assets/properties/languages/english.properties
15:19:29.184 [ForkJoinPool.commonPool-worker-1] DEBUG FXGL.Menu            - createOptionsMenu()
15:19:29.185 [ForkJoinPool.commonPool-worker-1] DEBUG AssetLoader          - Loading from cache: /assets/ui/fonts/VarelaRound-Regular.ttf
15:19:29.186 [ForkJoinPool.commonPool-worker-1] DEBUG AssetLoader          - Loading from cache: /assets/properties/languages/english.properties
15:19:29.191 [ForkJoinPool.commonPool-worker-1] DEBUG AssetLoader          - Loading from cache: /assets/ui/fonts/VarelaRound-Regular.ttf
15:19:29.191 [ForkJoinPool.commonPool-worker-1] DEBUG AssetLoader          - Loading from cache: /assets/properties/languages/english.properties
15:19:29.193 [ForkJoinPool.commonPool-worker-1] DEBUG AssetLoader          - Loading from cache: /assets/ui/fonts/VarelaRound-Regular.ttf
15:19:29.194 [ForkJoinPool.commonPool-worker-1] DEBUG AssetLoader          - Loading from cache: /assets/properties/languages/english.properties
15:19:29.195 [ForkJoinPool.commonPool-worker-1] DEBUG AssetLoader          - Loading from cache: /assets/ui/fonts/VarelaRound-Regular.ttf
15:19:29.196 [ForkJoinPool.commonPool-worker-1] DEBUG AssetLoader          - Loading from cache: /assets/properties/languages/english.properties
15:19:29.197 [ForkJoinPool.commonPool-worker-1] DEBUG AssetLoader          - Loading from cache: /assets/ui/fonts/VarelaRound-Regular.ttf
15:19:29.197 [ForkJoinPool.commonPool-worker-1] DEBUG AssetLoader          - Loading from cache: /assets/properties/languages/english.properties
15:19:29.198 [ForkJoinPool.commonPool-worker-1] DEBUG AssetLoader          - Loading from cache: /assets/ui/fonts/VarelaRound-Regular.ttf
15:19:29.198 [ForkJoinPool.commonPool-worker-1] DEBUG AssetLoader          - Loading from cache: /assets/properties/languages/english.properties
15:19:29.200 [ForkJoinPool.commonPool-worker-1] DEBUG AssetLoader          - Loading from cache: /assets/ui/fonts/VarelaRound-Regular.ttf
15:19:29.200 [ForkJoinPool.commonPool-worker-1] DEBUG AssetLoader          - Loading from cache: /assets/properties/languages/english.properties
15:19:29.202 [ForkJoinPool.commonPool-worker-1] DEBUG AssetLoader          - Loading from cache: /assets/ui/fonts/VarelaRound-Regular.ttf
15:19:29.202 [ForkJoinPool.commonPool-worker-1] DEBUG AssetLoader          - Loading from cache: /assets/properties/languages/english.properties
15:19:29.203 [ForkJoinPool.commonPool-worker-1] DEBUG AssetLoader          - Loading from disk: /assets/textures/particles/smoke.png
15:19:29.422 [ForkJoinPool.commonPool-worker-1] DEBUG AssetLoader          - Loading from disk: /assets/ui/cursors/fxgl_default.png
15:19:29.426 [ForkJoinPool.commonPool-worker-1] DEBUG AssetLoader          - Loading from cache: /assets/properties/languages/english.properties
15:19:29.429 [ForkJoinPool.commonPool-worker-1] DEBUG AssetLoader          - Loading from cache: /assets/ui/fonts/VarelaRound-Regular.ttf
15:19:29.432 [ForkJoinPool.commonPool-worker-1] DEBUG AssetLoader          - Loading from cache: /assets/ui/fonts/VarelaRound-Regular.ttf
15:19:29.432 [ForkJoinPool.commonPool-worker-1] DEBUG AssetLoader          - Loading from cache: /assets/ui/fonts/VarelaRound-Regular.ttf
15:19:29.434 [ForkJoinPool.commonPool-worker-1] DEBUG AssetLoader          - Loading from cache: /assets/textures/particles/trace_horizontal.png@64.0x64.0
15:19:29.435 [ForkJoinPool.commonPool-worker-1] DEBUG AssetLoader          - Loading from cache: /assets/ui/fonts/VarelaRound-Regular.ttf
15:19:29.436 [ForkJoinPool.commonPool-worker-1] DEBUG FXGL.Menu            - createMenuBodyGameMenu()
15:19:29.437 [ForkJoinPool.commonPool-worker-1] DEBUG AssetLoader          - Loading from cache: /assets/ui/fonts/VarelaRound-Regular.ttf
15:19:29.437 [ForkJoinPool.commonPool-worker-1] DEBUG AssetLoader          - Loading from cache: /assets/properties/languages/english.properties
15:19:29.498 [ForkJoinPool.commonPool-worker-1] DEBUG AssetLoader          - Loading from cache: /assets/ui/fonts/VarelaRound-Regular.ttf
15:19:29.499 [ForkJoinPool.commonPool-worker-1] DEBUG AssetLoader          - Loading from cache: /assets/properties/languages/english.properties
15:19:29.499 [ForkJoinPool.commonPool-worker-1] DEBUG FXGL.Menu            - createOptionsMenu()
15:19:29.500 [ForkJoinPool.commonPool-worker-1] DEBUG AssetLoader          - Loading from cache: /assets/ui/fonts/VarelaRound-Regular.ttf
15:19:29.501 [ForkJoinPool.commonPool-worker-1] DEBUG AssetLoader          - Loading from cache: /assets/properties/languages/english.properties
15:19:29.502 [ForkJoinPool.commonPool-worker-1] DEBUG AssetLoader          - Loading from cache: /assets/ui/fonts/VarelaRound-Regular.ttf
15:19:29.502 [ForkJoinPool.commonPool-worker-1] DEBUG AssetLoader          - Loading from cache: /assets/properties/languages/english.properties
15:19:29.502 [ForkJoinPool.commonPool-worker-1] DEBUG AssetLoader          - Loading from cache: /assets/ui/fonts/VarelaRound-Regular.ttf
15:19:29.503 [ForkJoinPool.commonPool-worker-1] DEBUG AssetLoader          - Loading from cache: /assets/properties/languages/english.properties
15:19:29.503 [ForkJoinPool.commonPool-worker-1] DEBUG AssetLoader          - Loading from cache: /assets/ui/fonts/VarelaRound-Regular.ttf
15:19:29.503 [ForkJoinPool.commonPool-worker-1] DEBUG AssetLoader          - Loading from cache: /assets/properties/languages/english.properties
15:19:29.504 [ForkJoinPool.commonPool-worker-1] DEBUG AssetLoader          - Loading from cache: /assets/ui/fonts/VarelaRound-Regular.ttf
15:19:29.504 [ForkJoinPool.commonPool-worker-1] DEBUG AssetLoader          - Loading from cache: /assets/properties/languages/english.properties
15:19:29.504 [ForkJoinPool.commonPool-worker-1] DEBUG AssetLoader          - Loading from cache: /assets/ui/fonts/VarelaRound-Regular.ttf
15:19:29.505 [ForkJoinPool.commonPool-worker-1] DEBUG AssetLoader          - Loading from cache: /assets/properties/languages/english.properties
15:19:29.505 [ForkJoinPool.commonPool-worker-1] DEBUG AssetLoader          - Loading from cache: /assets/ui/fonts/VarelaRound-Regular.ttf
15:19:29.505 [ForkJoinPool.commonPool-worker-1] DEBUG AssetLoader          - Loading from cache: /assets/properties/languages/english.properties
15:19:29.506 [ForkJoinPool.commonPool-worker-1] DEBUG AssetLoader          - Loading from cache: /assets/textures/particles/smoke.png@128.0x128.0
15:19:29.603 [JavaFX Application Thread] DEBUG FXGL                 - Running preInit()
15:19:29.643 [JavaFX Application Thread] DEBUG Input                - Registered new binding: Screenshot - P
15:19:29.644 [JavaFX Application Thread] DEBUG Input                - Registered new binding: Dev Options - CTRL+0
15:19:29.645 [JavaFX Application Thread] DEBUG Input                - Registered new binding: System info dump - CTRL+9
15:19:29.646 [JavaFX Application Thread] DEBUG Input                - Registered new binding: Restart - CTRL+R
15:19:29.646 [JavaFX Application Thread] DEBUG Input                - Registered new binding: Left - Left
15:19:29.646 [JavaFX Application Thread] DEBUG Input                - Registered new binding: Right - Right
15:19:29.646 [JavaFX Application Thread] DEBUG Input                - Registered new binding: Jump - Up
15:19:29.647 [JavaFX Application Thread] DEBUG MenuEventHandler     - generateDefaultProfile()
15:19:29.648 [JavaFX Application Thread] DEBUG MenuEventHandler     - Creating default profile
15:19:29.649 [JavaFX Application Thread] DEBUG EventBus             - Firing event: SaveEvent
15:19:29.651 [JavaFX Application Thread] DEBUG AudioPlayer          - Saving data to profile
15:19:29.651 [JavaFX Application Thread] DEBUG Bundle               - Logging bundle: audio
15:19:29.651 [JavaFX Application Thread] DEBUG Bundle               - audio.musicVolume=0.5
15:19:29.652 [JavaFX Application Thread] DEBUG Bundle               - audio.soundVolume=0.5
15:19:29.652 [JavaFX Application Thread] DEBUG Input                - Saving data to profile
15:19:29.652 [JavaFX Application Thread] DEBUG Bundle               - Logging bundle: input
15:19:29.652 [JavaFX Application Thread] DEBUG Bundle               - input.Jump=Up
15:19:29.652 [JavaFX Application Thread] DEBUG Bundle               - input.Right=Right
15:19:29.652 [JavaFX Application Thread] DEBUG Bundle               - input.Screenshot=P
15:19:29.652 [JavaFX Application Thread] DEBUG Bundle               - input.System info dump=CTRL+9
15:19:29.652 [JavaFX Application Thread] DEBUG Bundle               - input.Restart=CTRL+R
15:19:29.653 [JavaFX Application Thread] DEBUG Bundle               - input.Dev Options=CTRL+0
15:19:29.653 [JavaFX Application Thread] DEBUG Bundle               - input.Left=Left
15:19:29.664 [JavaFX Application Thread] DEBUG Bundle               - Logging bundle: gameplayStats
15:19:29.665 [JavaFX Application Thread] DEBUG Bundle               - gameplayStats.playtime=0
15:19:29.666 [JavaFX Application Thread] DEBUG AchievementManager   - Saving data to profile
15:19:29.666 [JavaFX Application Thread] DEBUG Bundle               - Logging bundle: achievement
15:19:29.668 [JavaFX Application Thread] INFO  FXGL                 - FXGL initialization took: 2,506 sec
15:19:29.668 [JavaFX Application Thread] DEBUG LoopRunner           - Starting loop
15:19:29.709 [JavaFX Application Thread] DEBUG StartupState         - STARTUP
15:19:29.709 [JavaFX Application Thread] DEBUG Input                - Clearing active input actions
15:19:29.711 [JavaFX Application Thread] DEBUG AssetLoader          - Loading from disk: /assets/ui/css/fxgl_dark.css
15:19:29.741 [JavaFX Application Thread] DEBUG AppStateMachine      - StartupState -> MainMenuState
15:19:29.749 [JavaFX Application Thread] DEBUG AssetLoader          - Loading from cache: /assets/properties/languages/english.properties
15:19:29.750 [JavaFX Application Thread] DEBUG AssetLoader          - Loading from cache: /assets/ui/fonts/VarelaRound-Regular.ttf
15:19:29.750 [JavaFX Application Thread] DEBUG AssetLoader          - Loading from cache: /assets/properties/languages/english.properties
15:19:29.751 [JavaFX Application Thread] DEBUG AssetLoader          - Loading from cache: /assets/ui/fonts/VarelaRound-Regular.ttf
15:19:29.751 [JavaFX Application Thread] DEBUG AssetLoader          - Loading from cache: /assets/properties/languages/english.properties
15:19:29.752 [JavaFX Application Thread] DEBUG AssetLoader          - Loading from cache: /assets/ui/fonts/VarelaRound-Regular.ttf
15:19:29.756 [JavaFX Application Thread] DEBUG SaveLoadManager      - Checking profiles dir: profiles/
15:19:29.757 [JavaFX Application Thread] DEBUG SaveLoadManager      - Loading profile names
15:19:29.761 [JavaFX Application Thread] DEBUG AssetLoader          - Loading from cache: /assets/properties/languages/english.properties
15:19:29.763 [JavaFX Application Thread] DEBUG AssetLoader          - Loading from cache: /assets/ui/fonts/VarelaRound-Regular.ttf
15:19:29.765 [JavaFX Application Thread] DEBUG AssetLoader          - Loading from cache: /assets/ui/fonts/VarelaRound-Regular.ttf
15:19:29.766 [JavaFX Application Thread] DEBUG AppStateMachine      - Push state: DialogSubState
15:19:29.766 [JavaFX Application Thread] DEBUG Input                - Clearing active input actions
15:19:29.766 [JavaFX Application Thread] DEBUG AppStateMachine      - MainMenuState -> DialogSubState
15:19:29.890 [JavaFX Application Thread] DEBUG AppStateMachine      - Pop state: DialogSubState
15:19:29.890 [JavaFX Application Thread] DEBUG Input                - Clearing active input actions
15:19:29.892 [JavaFX Application Thread] DEBUG AppStateMachine      - MainMenuState <- DialogSubState
15:19:29.894 [JavaFX Application Thread] DEBUG AssetLoader          - Loading from cache: /assets/properties/languages/english.properties
15:19:29.896 [JavaFX Application Thread] DEBUG AssetLoader          - Loading from cache: /assets/ui/fonts/VarelaRound-Regular.ttf
15:19:29.897 [JavaFX Application Thread] DEBUG AssetLoader          - Loading from cache: /assets/ui/fonts/VarelaRound-Regular.ttf
15:19:29.898 [JavaFX Application Thread] DEBUG AppStateMachine      - Push state: DialogSubState
15:19:29.898 [JavaFX Application Thread] DEBUG Input                - Clearing active input actions
15:19:29.899 [JavaFX Application Thread] DEBUG AppStateMachine      - MainMenuState -> DialogSubState
15:19:32.456 [JavaFX Application Thread] DEBUG AssetLoader          - Loading from cache: /assets/sounds/menu/select.wav
15:19:40.747 [JavaFX Application Thread] DEBUG AppStateMachine      - Pop state: DialogSubState
15:19:40.748 [JavaFX Application Thread] DEBUG Input                - Clearing active input actions
15:19:40.749 [JavaFX Application Thread] DEBUG AppStateMachine      - MainMenuState <- DialogSubState
15:19:40.749 [JavaFX Application Thread] DEBUG SaveLoadManager      - Loading profile: Mathias
15:19:40.751 [JavaFX Application Thread] DEBUG AssetLoader          - Loading from cache: /assets/properties/languages/english.properties
15:19:40.751 [JavaFX Application Thread] DEBUG AssetLoader          - Loading from cache: /assets/ui/fonts/VarelaRound-Regular.ttf
15:19:40.752 [JavaFX Application Thread] DEBUG AssetLoader          - Loading from cache: /assets/ui/fonts/VarelaRound-Regular.ttf
15:19:40.752 [JavaFX Application Thread] DEBUG AppStateMachine      - Push state: DialogSubState
15:19:40.752 [JavaFX Application Thread] DEBUG Input                - Clearing active input actions
15:19:40.752 [JavaFX Application Thread] DEBUG AppStateMachine      - MainMenuState -> DialogSubState
15:19:40.756 [FXGL Background Thread 1 ] DEBUG DesktopFSService     - Reading from: .\profiles\Mathias\user.profile
15:19:40.779 [JavaFX Application Thread] DEBUG AppStateMachine      - Pop state: DialogSubState
15:19:40.779 [JavaFX Application Thread] DEBUG Input                - Clearing active input actions
15:19:40.780 [JavaFX Application Thread] DEBUG AppStateMachine      - MainMenuState <- DialogSubState
15:19:40.781 [JavaFX Application Thread] DEBUG EventBus             - Firing event: LoadEvent[type=LOAD_PROFILE]
15:19:40.781 [JavaFX Application Thread] DEBUG AudioPlayer          - Loading data from profile
15:19:40.781 [JavaFX Application Thread] DEBUG Bundle               - Logging bundle: audio
15:19:40.781 [JavaFX Application Thread] DEBUG Bundle               - audio.musicVolume=0.5
15:19:40.781 [JavaFX Application Thread] DEBUG Bundle               - audio.soundVolume=0.5
15:19:40.782 [JavaFX Application Thread] DEBUG Input                - Loading data from profile
15:19:40.782 [JavaFX Application Thread] DEBUG Bundle               - Logging bundle: input
15:19:40.782 [JavaFX Application Thread] DEBUG Bundle               - input.Jump=Up
15:19:40.782 [JavaFX Application Thread] DEBUG Bundle               - input.Right=Right
15:19:40.782 [JavaFX Application Thread] DEBUG Bundle               - input.Screenshot=P
15:19:40.782 [JavaFX Application Thread] DEBUG Bundle               - input.System info dump=CTRL+9
15:19:40.782 [JavaFX Application Thread] DEBUG Bundle               - input.Restart=CTRL+R
15:19:40.782 [JavaFX Application Thread] DEBUG Bundle               - input.Dev Options=CTRL+0
15:19:40.782 [JavaFX Application Thread] DEBUG Bundle               - input.Left=Left
15:19:40.783 [JavaFX Application Thread] DEBUG Bundle               - Logging bundle: gameplayStats
15:19:40.783 [JavaFX Application Thread] DEBUG Bundle               - gameplayStats.playtime=269273250763
15:19:40.783 [JavaFX Application Thread] DEBUG AchievementManager   - Loading data from profile
15:19:40.784 [JavaFX Application Thread] DEBUG Bundle               - Logging bundle: achievement
15:19:40.784 [JavaFX Application Thread] DEBUG AssetLoader          - Loading from cache: /assets/properties/languages/english.properties
15:19:40.784 [JavaFX Application Thread] DEBUG AssetLoader          - Loading from cache: /assets/ui/fonts/VarelaRound-Regular.ttf
15:19:40.785 [JavaFX Application Thread] DEBUG AssetLoader          - Loading from cache: /assets/properties/languages/english.properties
15:19:40.785 [JavaFX Application Thread] DEBUG AssetLoader          - Loading from cache: /assets/ui/fonts/VarelaRound-Regular.ttf
15:19:40.786 [JavaFX Application Thread] DEBUG SaveLoadManager      - Loading last modified save file
15:19:40.786 [JavaFX Application Thread] DEBUG SaveLoadManager      - Loading save files
15:19:40.791 [JavaFX Application Thread] DEBUG AssetLoader          - Loading from cache: /assets/properties/languages/english.properties
15:19:40.792 [JavaFX Application Thread] DEBUG AssetLoader          - Loading from cache: /assets/ui/fonts/VarelaRound-Regular.ttf
15:19:40.792 [JavaFX Application Thread] DEBUG AssetLoader          - Loading from cache: /assets/ui/fonts/VarelaRound-Regular.ttf
15:19:40.793 [JavaFX Application Thread] DEBUG AppStateMachine      - Push state: DialogSubState
15:19:40.793 [JavaFX Application Thread] DEBUG Input                - Clearing active input actions
15:19:40.793 [JavaFX Application Thread] DEBUG AppStateMachine      - MainMenuState -> DialogSubState
15:19:40.816 [JavaFX Application Thread] DEBUG AppStateMachine      - Pop state: DialogSubState
15:19:40.817 [JavaFX Application Thread] DEBUG Input                - Clearing active input actions
15:19:40.817 [JavaFX Application Thread] DEBUG AppStateMachine      - MainMenuState <- DialogSubState
15:19:41.219 [JavaFX Application Thread] DEBUG AssetLoader          - Loading from cache: /assets/sounds/menu/select.wav
15:19:41.291 [JavaFX Application Thread] DEBUG AssetLoader          - Loading from cache: /assets/sounds/menu/select.wav
15:19:41.772 [JavaFX Application Thread] DEBUG FXGL.Menu            - fireNewGame()
15:19:41.772 [JavaFX Application Thread] DEBUG GameApplication      - Starting new game
15:19:41.772 [JavaFX Application Thread] DEBUG Input                - Clearing active input actions
15:19:41.773 [JavaFX Application Thread] DEBUG AssetLoader          - Loading from disk: /assets/ui/css/fxgl_dark.css
15:19:41.793 [JavaFX Application Thread] DEBUG AppStateMachine      - MainMenuState -> LoadingState
15:19:41.796 [FXGL Background Thread 1 ] DEBUG InitAppTask          - Clearing previous game
15:19:41.796 [FXGL Background Thread 1 ] DEBUG GameWorld            - Clearing game world
15:19:41.796 [FXGL Background Thread 1 ] DEBUG PhysicsWorld         - Clearing physics world
15:19:41.796 [FXGL Background Thread 1 ] DEBUG GameScene            - Clearing game scene
15:19:41.798 [FXGL Background Thread 1 ] DEBUG InitAppTask          - Initializing Game
15:19:41.826 [FXGL Background Thread 1 ] DEBUG AssetLoader          - Loading from disk: /assets/json/luigi.json
15:19:42.317 [FXGL Background Thread 1 ] DEBUG GameWorld            - Clearing removable entities
15:19:42.317 [FXGL Background Thread 1 ] DEBUG GameWorld            - Setting level from map
15:19:42.339 [FXGL Background Thread 1 ] DEBUG AssetLoader          - Loading from disk: /assets/textures/tiles_spritesheet.png
15:19:42.365 [FXGL Background Thread 1 ] DEBUG AssetLoader          - Loading from cache: /assets/textures/tiles_spritesheet.png
15:19:42.365 [FXGL Background Thread 1 ] DEBUG AssetLoader          - Loading from cache: /assets/textures/tiles_spritesheet.png
15:19:42.365 [FXGL Background Thread 1 ] DEBUG AssetLoader          - Loading from cache: /assets/textures/tiles_spritesheet.png
15:19:42.365 [FXGL Background Thread 1 ] DEBUG AssetLoader          - Loading from cache: /assets/textures/tiles_spritesheet.png
15:19:42.366 [FXGL Background Thread 1 ] DEBUG AssetLoader          - Loading from cache: /assets/textures/tiles_spritesheet.png
15:19:42.366 [FXGL Background Thread 1 ] DEBUG AssetLoader          - Loading from cache: /assets/textures/tiles_spritesheet.png
15:19:42.366 [FXGL Background Thread 1 ] DEBUG AssetLoader          - Loading from cache: /assets/textures/tiles_spritesheet.png
15:19:42.367 [FXGL Background Thread 1 ] DEBUG AssetLoader          - Loading from cache: /assets/textures/tiles_spritesheet.png
15:19:42.367 [FXGL Background Thread 1 ] DEBUG AssetLoader          - Loading from cache: /assets/textures/tiles_spritesheet.png
15:19:42.367 [FXGL Background Thread 1 ] DEBUG AssetLoader          - Loading from cache: /assets/textures/tiles_spritesheet.png
15:19:42.367 [FXGL Background Thread 1 ] DEBUG AssetLoader          - Loading from cache: /assets/textures/tiles_spritesheet.png
15:19:42.368 [FXGL Background Thread 1 ] DEBUG AssetLoader          - Loading from cache: /assets/textures/tiles_spritesheet.png
15:19:42.368 [FXGL Background Thread 1 ] DEBUG AssetLoader          - Loading from cache: /assets/textures/tiles_spritesheet.png
15:19:42.368 [FXGL Background Thread 1 ] DEBUG AssetLoader          - Loading from cache: /assets/textures/tiles_spritesheet.png
15:19:42.368 [FXGL Background Thread 1 ] DEBUG AssetLoader          - Loading from cache: /assets/textures/tiles_spritesheet.png
15:19:42.369 [FXGL Background Thread 1 ] DEBUG AssetLoader          - Loading from cache: /assets/textures/tiles_spritesheet.png
15:19:42.369 [FXGL Background Thread 1 ] DEBUG AssetLoader          - Loading from cache: /assets/textures/tiles_spritesheet.png
15:19:42.369 [FXGL Background Thread 1 ] DEBUG AssetLoader          - Loading from cache: /assets/textures/tiles_spritesheet.png
15:19:42.369 [FXGL Background Thread 1 ] DEBUG AssetLoader          - Loading from cache: /assets/textures/tiles_spritesheet.png
15:19:42.369 [FXGL Background Thread 1 ] DEBUG AssetLoader          - Loading from cache: /assets/textures/tiles_spritesheet.png
15:19:42.370 [FXGL Background Thread 1 ] DEBUG AssetLoader          - Loading from cache: /assets/textures/tiles_spritesheet.png
15:19:42.370 [FXGL Background Thread 1 ] DEBUG AssetLoader          - Loading from cache: /assets/textures/tiles_spritesheet.png
15:19:42.370 [FXGL Background Thread 1 ] DEBUG AssetLoader          - Loading from cache: /assets/textures/tiles_spritesheet.png
15:19:42.370 [FXGL Background Thread 1 ] DEBUG AssetLoader          - Loading from cache: /assets/textures/tiles_spritesheet.png
15:19:42.370 [FXGL Background Thread 1 ] DEBUG AssetLoader          - Loading from cache: /assets/textures/tiles_spritesheet.png
15:19:42.371 [FXGL Background Thread 1 ] DEBUG AssetLoader          - Loading from cache: /assets/textures/tiles_spritesheet.png
15:19:42.371 [FXGL Background Thread 1 ] DEBUG AssetLoader          - Loading from cache: /assets/textures/tiles_spritesheet.png
15:19:42.371 [FXGL Background Thread 1 ] DEBUG AssetLoader          - Loading from cache: /assets/textures/tiles_spritesheet.png
15:19:42.371 [FXGL Background Thread 1 ] DEBUG AssetLoader          - Loading from cache: /assets/textures/tiles_spritesheet.png
15:19:42.371 [FXGL Background Thread 1 ] DEBUG AssetLoader          - Loading from cache: /assets/textures/tiles_spritesheet.png
15:19:42.371 [FXGL Background Thread 1 ] DEBUG AssetLoader          - Loading from cache: /assets/textures/tiles_spritesheet.png
15:19:42.372 [FXGL Background Thread 1 ] DEBUG AssetLoader          - Loading from cache: /assets/textures/tiles_spritesheet.png
15:19:42.372 [FXGL Background Thread 1 ] DEBUG AssetLoader          - Loading from cache: /assets/textures/tiles_spritesheet.png
15:19:42.372 [FXGL Background Thread 1 ] DEBUG AssetLoader          - Loading from cache: /assets/textures/tiles_spritesheet.png
15:19:42.372 [FXGL Background Thread 1 ] DEBUG AssetLoader          - Loading from cache: /assets/textures/tiles_spritesheet.png
15:19:42.372 [FXGL Background Thread 1 ] DEBUG AssetLoader          - Loading from cache: /assets/textures/tiles_spritesheet.png
15:19:42.372 [FXGL Background Thread 1 ] DEBUG AssetLoader          - Loading from cache: /assets/textures/tiles_spritesheet.png
15:19:42.372 [FXGL Background Thread 1 ] DEBUG AssetLoader          - Loading from cache: /assets/textures/tiles_spritesheet.png
15:19:42.373 [FXGL Background Thread 1 ] DEBUG AssetLoader          - Loading from cache: /assets/textures/tiles_spritesheet.png
15:19:42.373 [FXGL Background Thread 1 ] DEBUG AssetLoader          - Loading from cache: /assets/textures/tiles_spritesheet.png
15:19:42.373 [FXGL Background Thread 1 ] DEBUG AssetLoader          - Loading from cache: /assets/textures/tiles_spritesheet.png
15:19:42.373 [FXGL Background Thread 1 ] DEBUG AssetLoader          - Loading from cache: /assets/textures/tiles_spritesheet.png
15:19:42.374 [FXGL Background Thread 1 ] DEBUG AssetLoader          - Loading from cache: /assets/textures/tiles_spritesheet.png
15:19:42.374 [FXGL Background Thread 1 ] DEBUG AssetLoader          - Loading from cache: /assets/textures/tiles_spritesheet.png
15:19:42.374 [FXGL Background Thread 1 ] DEBUG AssetLoader          - Loading from cache: /assets/textures/tiles_spritesheet.png
15:19:42.374 [FXGL Background Thread 1 ] DEBUG AssetLoader          - Loading from cache: /assets/textures/tiles_spritesheet.png
15:19:42.374 [FXGL Background Thread 1 ] DEBUG AssetLoader          - Loading from cache: /assets/textures/tiles_spritesheet.png
15:19:42.374 [FXGL Background Thread 1 ] DEBUG AssetLoader          - Loading from cache: /assets/textures/tiles_spritesheet.png
15:19:42.375 [FXGL Background Thread 1 ] DEBUG AssetLoader          - Loading from cache: /assets/textures/tiles_spritesheet.png
15:19:42.375 [FXGL Background Thread 1 ] DEBUG AssetLoader          - Loading from cache: /assets/textures/tiles_spritesheet.png
15:19:42.375 [FXGL Background Thread 1 ] DEBUG AssetLoader          - Loading from cache: /assets/textures/tiles_spritesheet.png
15:19:42.375 [FXGL Background Thread 1 ] DEBUG AssetLoader          - Loading from cache: /assets/textures/tiles_spritesheet.png
15:19:42.375 [FXGL Background Thread 1 ] DEBUG AssetLoader          - Loading from cache: /assets/textures/tiles_spritesheet.png
15:19:42.376 [FXGL Background Thread 1 ] DEBUG AssetLoader          - Loading from cache: /assets/textures/tiles_spritesheet.png
15:19:42.376 [FXGL Background Thread 1 ] DEBUG AssetLoader          - Loading from cache: /assets/textures/tiles_spritesheet.png
15:19:42.376 [FXGL Background Thread 1 ] DEBUG AssetLoader          - Loading from cache: /assets/textures/tiles_spritesheet.png
15:19:42.376 [FXGL Background Thread 1 ] DEBUG AssetLoader          - Loading from cache: /assets/textures/tiles_spritesheet.png
15:19:42.376 [FXGL Background Thread 1 ] DEBUG AssetLoader          - Loading from cache: /assets/textures/tiles_spritesheet.png
15:19:42.377 [FXGL Background Thread 1 ] DEBUG AssetLoader          - Loading from cache: /assets/textures/tiles_spritesheet.png
15:19:42.377 [FXGL Background Thread 1 ] DEBUG AssetLoader          - Loading from cache: /assets/textures/tiles_spritesheet.png
15:19:42.377 [FXGL Background Thread 1 ] DEBUG AssetLoader          - Loading from cache: /assets/textures/tiles_spritesheet.png
15:19:42.377 [FXGL Background Thread 1 ] DEBUG AssetLoader          - Loading from cache: /assets/textures/tiles_spritesheet.png
15:19:42.377 [FXGL Background Thread 1 ] DEBUG AssetLoader          - Loading from cache: /assets/textures/tiles_spritesheet.png
15:19:42.377 [FXGL Background Thread 1 ] DEBUG AssetLoader          - Loading from cache: /assets/textures/tiles_spritesheet.png
15:19:42.378 [FXGL Background Thread 1 ] DEBUG AssetLoader          - Loading from cache: /assets/textures/tiles_spritesheet.png
15:19:42.378 [FXGL Background Thread 1 ] DEBUG AssetLoader          - Loading from cache: /assets/textures/tiles_spritesheet.png
15:19:42.378 [FXGL Background Thread 1 ] DEBUG AssetLoader          - Loading from cache: /assets/textures/tiles_spritesheet.png
15:19:42.378 [FXGL Background Thread 1 ] DEBUG AssetLoader          - Loading from cache: /assets/textures/tiles_spritesheet.png
15:19:42.378 [FXGL Background Thread 1 ] DEBUG AssetLoader          - Loading from cache: /assets/textures/tiles_spritesheet.png
15:19:42.379 [FXGL Background Thread 1 ] DEBUG AssetLoader          - Loading from cache: /assets/textures/tiles_spritesheet.png
15:19:42.379 [FXGL Background Thread 1 ] DEBUG AssetLoader          - Loading from cache: /assets/textures/tiles_spritesheet.png
15:19:42.379 [FXGL Background Thread 1 ] DEBUG AssetLoader          - Loading from cache: /assets/textures/tiles_spritesheet.png
15:19:42.379 [FXGL Background Thread 1 ] DEBUG AssetLoader          - Loading from cache: /assets/textures/tiles_spritesheet.png
15:19:42.379 [FXGL Background Thread 1 ] DEBUG AssetLoader          - Loading from cache: /assets/textures/tiles_spritesheet.png
15:19:42.379 [FXGL Background Thread 1 ] DEBUG AssetLoader          - Loading from cache: /assets/textures/tiles_spritesheet.png
15:19:42.383 [FXGL Background Thread 1 ] DEBUG GameScene            - Creating render group for layer: BACKGROUND(1000)
15:19:42.392 [FXGL Background Thread 1 ] DEBUG GameScene            - Creating render group for layer: DEFAULT(100000)
15:19:42.495 [FXGL Background Thread 1 ] DEBUG AssetLoader          - Loading from disk: /assets/textures/luigiwalk.png
15:19:42.498 [FXGL Background Thread 1 ] DEBUG AssetLoader          - Loading from cache: /assets/textures/luigiwalk.png
15:19:42.498 [FXGL Background Thread 1 ] DEBUG AssetLoader          - Loading from disk: /assets/textures/luigihop.png
15:19:42.502 [FXGL Background Thread 1 ] DEBUG AssetLoader          - Loading from disk: /assets/textures/enemyjump.png
15:19:42.506 [FXGL Background Thread 1 ] DEBUG AssetLoader          - Loading from cache: /assets/textures/enemyjump.png
15:19:42.507 [FXGL Background Thread 1 ] DEBUG AssetLoader          - Loading from cache: /assets/textures/enemyjump.png
15:19:42.508 [FXGL Background Thread 1 ] DEBUG InitAppTask          - Initializing Physics
15:19:42.510 [FXGL Background Thread 1 ] DEBUG InitAppTask          - Initializing UI
15:19:42.510 [FXGL Background Thread 1 ] DEBUG AssetLoader          - Loading from cache: /assets/ui/fonts/VarelaRound-Regular.ttf
15:19:42.511 [FXGL Background Thread 1 ] DEBUG AssetLoader          - Loading from cache: /assets/ui/fonts/VarelaRound-Regular.ttf
15:19:42.514 [FXGL Background Thread 1 ] DEBUG InitAppTask          - Initialization Complete
15:19:42.514 [FXGL Background Thread 1 ] INFO  InitAppTask          - Game initialization took: 0,718 sec
15:19:42.517 [JavaFX Application Thread] DEBUG Input                - Clearing active input actions
15:19:42.517 [JavaFX Application Thread] DEBUG AssetLoader          - Loading from disk: /assets/ui/css/fxgl_dark.css
15:19:42.529 [JavaFX Application Thread] DEBUG AppStateMachine      - LoadingState -> PlayState
15:20:19.188 [JavaFX Application Thread] DEBUG AssetLoader          - Loading from cache: /assets/sounds/smw_jump.wav
15:20:20.396 [JavaFX Application Thread] DEBUG AssetLoader          - Loading from cache: /assets/ui/fonts/VarelaRound-Regular.ttf
15:20:20.397 [JavaFX Application Thread] DEBUG AssetLoader          - Loading from cache: /assets/ui/fonts/VarelaRound-Regular.ttf
15:20:20.397 [JavaFX Application Thread] DEBUG AssetLoader          - Loading from cache: /assets/properties/languages/english.properties
15:20:20.398 [JavaFX Application Thread] DEBUG AssetLoader          - Loading from cache: /assets/ui/fonts/VarelaRound-Regular.ttf
15:20:20.399 [JavaFX Application Thread] DEBUG AppStateMachine      - Push state: DialogSubState
15:20:20.399 [JavaFX Application Thread] DEBUG Input                - Clearing active input actions
15:20:20.399 [JavaFX Application Thread] DEBUG AppStateMachine      - PlayState -> DialogSubState
15:20:20.404 [JavaFX Application Thread] DEBUG AssetLoader          - Loading from cache: /assets/textures/enemyjump.png
15:20:20.407 [JavaFX Application Thread] DEBUG AssetLoader          - Loading from cache: /assets/textures/enemyjump.png
15:20:20.408 [JavaFX Application Thread] DEBUG AssetLoader          - Loading from cache: /assets/textures/enemyjump.png
15:20:20.410 [JavaFX Application Thread] DEBUG AssetLoader          - Loading from cache: /assets/textures/luigiwalk.png
15:20:20.410 [JavaFX Application Thread] DEBUG AssetLoader          - Loading from cache: /assets/textures/luigiwalk.png
15:20:20.410 [JavaFX Application Thread] DEBUG AssetLoader          - Loading from cache: /assets/textures/luigihop.png
15:20:21.165 [JavaFX Application Thread] DEBUG AssetLoader          - Loading from cache: /assets/sounds/menu/select.wav
15:20:21.796 [JavaFX Application Thread] DEBUG AssetLoader          - Loading from cache: /assets/sounds/menu/select.wav
15:20:22.010 [JavaFX Application Thread] DEBUG AppStateMachine      - Pop state: DialogSubState
15:20:22.010 [JavaFX Application Thread] DEBUG Input                - Clearing active input actions
15:20:22.011 [JavaFX Application Thread] DEBUG AppStateMachine      - PlayState <- DialogSubState
15:20:23.037 [JavaFX Application Thread] DEBUG FXGL                 - Exiting FXGL
15:20:23.038 [JavaFX Application Thread] DEBUG MenuEventHandler     - Creating default profile
15:20:23.038 [JavaFX Application Thread] DEBUG EventBus             - Firing event: SaveEvent
15:20:23.038 [JavaFX Application Thread] DEBUG AudioPlayer          - Saving data to profile
15:20:23.038 [JavaFX Application Thread] DEBUG Bundle               - Logging bundle: audio
15:20:23.038 [JavaFX Application Thread] DEBUG Bundle               - audio.musicVolume=0.5
15:20:23.038 [JavaFX Application Thread] DEBUG Bundle               - audio.soundVolume=0.5
15:20:23.038 [JavaFX Application Thread] DEBUG Input                - Saving data to profile
15:20:23.038 [JavaFX Application Thread] DEBUG Bundle               - Logging bundle: input
15:20:23.039 [JavaFX Application Thread] DEBUG Bundle               - input.Jump=Up
15:20:23.039 [JavaFX Application Thread] DEBUG Bundle               - input.Right=Right
15:20:23.039 [JavaFX Application Thread] DEBUG Bundle               - input.Screenshot=P
15:20:23.039 [JavaFX Application Thread] DEBUG Bundle               - input.System info dump=CTRL+9
15:20:23.039 [JavaFX Application Thread] DEBUG Bundle               - input.Restart=CTRL+R
15:20:23.039 [JavaFX Application Thread] DEBUG Bundle               - input.Dev Options=CTRL+0
15:20:23.039 [JavaFX Application Thread] DEBUG Bundle               - input.Left=Left
15:20:23.039 [JavaFX Application Thread] DEBUG Bundle               - Logging bundle: gameplayStats
15:20:23.039 [JavaFX Application Thread] DEBUG Bundle               - gameplayStats.playtime=310220772810
15:20:23.039 [JavaFX Application Thread] DEBUG AchievementManager   - Saving data to profile
15:20:23.039 [JavaFX Application Thread] DEBUG Bundle               - Logging bundle: achievement
15:20:23.040 [JavaFX Application Thread] DEBUG SaveLoadManager      - Saving profile: Mathias
15:20:23.045 [JavaFX Application Thread] DEBUG DesktopFSService     - Writing to: .\profiles\Mathias\user.profile
15:20:23.055 [JavaFX Application Thread] DEBUG FXGL                 - Shutting down background threads
15:20:23.056 [JavaFX Application Thread] DEBUG FXGL                 - Saving FXGL system data
15:20:23.057 [JavaFX Application Thread] DEBUG DesktopFSService     - Writing to: system\fxgl.bundle
15:20:23.070 [JavaFX Application Thread] DEBUG FXGL                 - Closing logger and exiting JavaFX
