15:24:55.197 [JavaFX Application Thread] DEBUG GameApplication      - Logger initialized
15:24:55.223 [JavaFX Application Thread] DEBUG GameApplication      - Logging settings
Title: LuigiFactory
Version: 0.0
Width: 1400
Height: 1050
Fullscreen: false
Intro: false
Menus: true
Profiling: false
Single step:false
App Mode: DEVELOPER
Menu Key: ESCAPE
Stage Style: DECORATED
Scene Factory: class com.almasb.fxgl.scene.SceneFactory
Dialog Factory: class com.almasb.fxgl.ui.FXGLDialogFactory
UI Factory: class com.almasb.fxgl.ui.FXGLUIFactory
Notification Service: class com.almasb.fxgl.gameplay.notification.XboxNotificationView
Exception Handler: class com.almasb.fxgl.app.FXGLExceptionHandler
15:24:55.224 [JavaFX Application Thread] DEBUG GameApplication      - Starting FXGL
15:24:55.242 [JavaFX Application Thread] INFO  FXGL                 - FXGL-0.5.4 on DESKTOP
15:24:55.243 [JavaFX Application Thread] INFO  FXGL                 - Source code and latest versions at: https://github.com/AlmasB/FXGL
15:24:55.243 [JavaFX Application Thread] INFO  FXGL                 -              Join the FXGL chat at: https://gitter.im/AlmasB/FXGL
15:24:55.244 [JavaFX Application Thread] DEBUG FXGL                 - FXGL started
15:24:55.260 [JavaFX Application Thread] DEBUG FXGL                 - Initializing FXGL
15:24:55.366 [JavaFX Application Thread] DEBUG AssetLoader          - Loading from disk: /assets/ui/cursors/fxgl_default.png
15:24:55.471 [JavaFX Application Thread] DEBUG AssetLoader          - Loading from disk: /assets/ui/fonts/VarelaRound-Regular.ttf
15:24:55.901 [JavaFX Application Thread] DEBUG MainWindow           - Creating a JavaFX scene
15:24:55.902 [JavaFX Application Thread] DEBUG MainWindow           - Target size > screen size
15:24:56.007 [JavaFX Application Thread] DEBUG MainWindow           - Target settings size: 1400.0 x 1050.0
15:24:56.008 [JavaFX Application Thread] DEBUG MainWindow           - Scaled scene size:    1121.0 x 859.0
15:24:56.008 [JavaFX Application Thread] DEBUG MainWindow           - Scaled ratio: (0.8007142857142857, 0.8180952380952381)
15:24:56.017 [JavaFX Application Thread] DEBUG AssetLoader          - Loading from disk: /assets/ui/css/fxgl_dark.css
15:24:56.028 [JavaFX Application Thread] DEBUG AssetLoader          - Loading from disk: /assets/textures/fxgl_icon.png
15:24:56.071 [JavaFX Application Thread] DEBUG MainWindow           - Opening main window
15:24:56.649 [JavaFX Application Thread] DEBUG MainWindow           - Window border size: (6.0, 29.0)
15:24:56.649 [JavaFX Application Thread] DEBUG MainWindow           - Scaled size: 1121.0 x 859.0
15:24:56.650 [JavaFX Application Thread] DEBUG MainWindow           - Scaled ratio: (0.8007142857142857, 0.8180952380952381)
15:24:56.650 [JavaFX Application Thread] DEBUG MainWindow           - Scene size: 1121.0 x 859.0
15:24:56.650 [JavaFX Application Thread] DEBUG MainWindow           - Stage size: 1127.0 x 888.0
15:24:56.764 [ForkJoinPool.commonPool-worker-1] DEBUG FS                   - Loaded DesktopFSService
15:24:56.765 [ForkJoinPool.commonPool-worker-1] DEBUG FXGL                 - Loading FXGL system data
15:24:56.783 [ForkJoinPool.commonPool-worker-1] DEBUG DesktopFSService     - Reading from: system\fxgl.bundle
15:24:56.812 [ForkJoinPool.commonPool-worker-1] DEBUG Bundle               - Logging bundle: FXGL
15:24:56.814 [ForkJoinPool.commonPool-worker-1] DEBUG Bundle               - FXGL.offline.timer.version.check=2019-01-28T11:57:03.073
15:24:56.816 [ForkJoinPool.commonPool-worker-1] DEBUG FXGL                 - Initializing state machine and application states
15:24:56.822 [ForkJoinPool.commonPool-worker-1] DEBUG AssetLoader          - Loading from disk: /assets/ui/cursors/fxgl_default.png
15:24:56.838 [ForkJoinPool.commonPool-worker-1] DEBUG AssetLoader          - Loading from disk: /assets/ui/cursors/fxgl_default.png
15:24:56.872 [ForkJoinPool.commonPool-worker-1] DEBUG AssetLoader          - Loading from cache: /assets/ui/fonts/VarelaRound-Regular.ttf
15:24:56.878 [ForkJoinPool.commonPool-worker-1] DEBUG AssetLoader          - Loading from disk: /assets/ui/cursors/fxgl_default.png
15:24:56.888 [ForkJoinPool.commonPool-worker-1] DEBUG GameScene            - Game scene initialized: 1400x1050
15:24:56.920 [ForkJoinPool.commonPool-worker-1] DEBUG GameWorld            - Game world initialized
15:24:57.089 [ForkJoinPool.commonPool-worker-1] DEBUG PhysicsWorld         - Physics world initialized: appHeight=1050, physics.ppm=50,0
15:24:57.179 [ForkJoinPool.commonPool-worker-1] DEBUG AssetLoader          - Loading from disk: /assets/ui/cursors/fxgl_default.png
15:24:57.187 [ForkJoinPool.commonPool-worker-1] DEBUG AssetLoader          - Loading from disk: /assets/properties/languages/english.properties
15:24:57.189 [ForkJoinPool.commonPool-worker-1] DEBUG AssetLoader          - Loading from cache: /assets/ui/fonts/VarelaRound-Regular.ttf
15:24:57.190 [ForkJoinPool.commonPool-worker-1] DEBUG AssetLoader          - Loading from cache: /assets/ui/fonts/VarelaRound-Regular.ttf
15:24:57.191 [ForkJoinPool.commonPool-worker-1] DEBUG AssetLoader          - Loading from cache: /assets/ui/fonts/VarelaRound-Regular.ttf
15:24:57.219 [ForkJoinPool.commonPool-worker-1] DEBUG AssetLoader          - Loading from disk: /assets/textures/particles/trace_horizontal.png
15:24:57.297 [ForkJoinPool.commonPool-worker-1] DEBUG AssetLoader          - Loading from cache: /assets/ui/fonts/VarelaRound-Regular.ttf
15:24:57.299 [ForkJoinPool.commonPool-worker-1] DEBUG FXGL.Menu            - createMenuBodyMainMenu()
15:24:57.321 [ForkJoinPool.commonPool-worker-1] DEBUG AssetLoader          - Loading from cache: /assets/ui/fonts/VarelaRound-Regular.ttf
15:24:57.327 [ForkJoinPool.commonPool-worker-1] DEBUG AssetLoader          - Loading from cache: /assets/properties/languages/english.properties
15:24:57.336 [ForkJoinPool.commonPool-worker-1] DEBUG AssetLoader          - Loading from cache: /assets/ui/fonts/VarelaRound-Regular.ttf
15:24:57.337 [ForkJoinPool.commonPool-worker-1] DEBUG AssetLoader          - Loading from cache: /assets/properties/languages/english.properties
15:24:57.338 [ForkJoinPool.commonPool-worker-1] DEBUG FXGL.Menu            - createOptionsMenu()
15:24:57.338 [ForkJoinPool.commonPool-worker-1] DEBUG AssetLoader          - Loading from cache: /assets/ui/fonts/VarelaRound-Regular.ttf
15:24:57.339 [ForkJoinPool.commonPool-worker-1] DEBUG AssetLoader          - Loading from cache: /assets/properties/languages/english.properties
15:24:57.344 [ForkJoinPool.commonPool-worker-1] DEBUG AssetLoader          - Loading from cache: /assets/ui/fonts/VarelaRound-Regular.ttf
15:24:57.345 [ForkJoinPool.commonPool-worker-1] DEBUG AssetLoader          - Loading from cache: /assets/properties/languages/english.properties
15:24:57.347 [ForkJoinPool.commonPool-worker-1] DEBUG AssetLoader          - Loading from cache: /assets/ui/fonts/VarelaRound-Regular.ttf
15:24:57.348 [ForkJoinPool.commonPool-worker-1] DEBUG AssetLoader          - Loading from cache: /assets/properties/languages/english.properties
15:24:57.350 [ForkJoinPool.commonPool-worker-1] DEBUG AssetLoader          - Loading from cache: /assets/ui/fonts/VarelaRound-Regular.ttf
15:24:57.350 [ForkJoinPool.commonPool-worker-1] DEBUG AssetLoader          - Loading from cache: /assets/properties/languages/english.properties
15:24:57.352 [ForkJoinPool.commonPool-worker-1] DEBUG AssetLoader          - Loading from cache: /assets/ui/fonts/VarelaRound-Regular.ttf
15:24:57.352 [ForkJoinPool.commonPool-worker-1] DEBUG AssetLoader          - Loading from cache: /assets/properties/languages/english.properties
15:24:57.355 [ForkJoinPool.commonPool-worker-1] DEBUG AssetLoader          - Loading from cache: /assets/ui/fonts/VarelaRound-Regular.ttf
15:24:57.355 [ForkJoinPool.commonPool-worker-1] DEBUG AssetLoader          - Loading from cache: /assets/properties/languages/english.properties
15:24:57.358 [ForkJoinPool.commonPool-worker-1] DEBUG AssetLoader          - Loading from cache: /assets/ui/fonts/VarelaRound-Regular.ttf
15:24:57.358 [ForkJoinPool.commonPool-worker-1] DEBUG AssetLoader          - Loading from cache: /assets/properties/languages/english.properties
15:24:57.360 [ForkJoinPool.commonPool-worker-1] DEBUG AssetLoader          - Loading from cache: /assets/ui/fonts/VarelaRound-Regular.ttf
15:24:57.360 [ForkJoinPool.commonPool-worker-1] DEBUG AssetLoader          - Loading from cache: /assets/properties/languages/english.properties
15:24:57.362 [ForkJoinPool.commonPool-worker-1] DEBUG AssetLoader          - Loading from disk: /assets/textures/particles/smoke.png
15:24:57.502 [ForkJoinPool.commonPool-worker-1] DEBUG AssetLoader          - Loading from disk: /assets/ui/cursors/fxgl_default.png
15:24:57.509 [ForkJoinPool.commonPool-worker-1] DEBUG AssetLoader          - Loading from cache: /assets/properties/languages/english.properties
15:24:57.510 [ForkJoinPool.commonPool-worker-1] DEBUG AssetLoader          - Loading from cache: /assets/ui/fonts/VarelaRound-Regular.ttf
15:24:57.511 [ForkJoinPool.commonPool-worker-1] DEBUG AssetLoader          - Loading from cache: /assets/ui/fonts/VarelaRound-Regular.ttf
15:24:57.512 [ForkJoinPool.commonPool-worker-1] DEBUG AssetLoader          - Loading from cache: /assets/ui/fonts/VarelaRound-Regular.ttf
15:24:57.513 [ForkJoinPool.commonPool-worker-1] DEBUG AssetLoader          - Loading from cache: /assets/textures/particles/trace_horizontal.png@64.0x64.0
15:24:57.514 [ForkJoinPool.commonPool-worker-1] DEBUG AssetLoader          - Loading from cache: /assets/ui/fonts/VarelaRound-Regular.ttf
15:24:57.516 [ForkJoinPool.commonPool-worker-1] DEBUG FXGL.Menu            - createMenuBodyGameMenu()
15:24:57.518 [ForkJoinPool.commonPool-worker-1] DEBUG AssetLoader          - Loading from cache: /assets/ui/fonts/VarelaRound-Regular.ttf
15:24:57.518 [ForkJoinPool.commonPool-worker-1] DEBUG AssetLoader          - Loading from cache: /assets/properties/languages/english.properties
15:24:57.521 [ForkJoinPool.commonPool-worker-1] DEBUG AssetLoader          - Loading from cache: /assets/ui/fonts/VarelaRound-Regular.ttf
15:24:57.525 [ForkJoinPool.commonPool-worker-1] DEBUG AssetLoader          - Loading from cache: /assets/properties/languages/english.properties
15:24:57.526 [ForkJoinPool.commonPool-worker-1] DEBUG FXGL.Menu            - createOptionsMenu()
15:24:57.526 [ForkJoinPool.commonPool-worker-1] DEBUG AssetLoader          - Loading from cache: /assets/ui/fonts/VarelaRound-Regular.ttf
15:24:57.527 [ForkJoinPool.commonPool-worker-1] DEBUG AssetLoader          - Loading from cache: /assets/properties/languages/english.properties
15:24:57.527 [ForkJoinPool.commonPool-worker-1] DEBUG AssetLoader          - Loading from cache: /assets/ui/fonts/VarelaRound-Regular.ttf
15:24:57.528 [ForkJoinPool.commonPool-worker-1] DEBUG AssetLoader          - Loading from cache: /assets/properties/languages/english.properties
15:24:57.529 [ForkJoinPool.commonPool-worker-1] DEBUG AssetLoader          - Loading from cache: /assets/ui/fonts/VarelaRound-Regular.ttf
15:24:57.529 [ForkJoinPool.commonPool-worker-1] DEBUG AssetLoader          - Loading from cache: /assets/properties/languages/english.properties
15:24:57.530 [ForkJoinPool.commonPool-worker-1] DEBUG AssetLoader          - Loading from cache: /assets/ui/fonts/VarelaRound-Regular.ttf
15:24:57.530 [ForkJoinPool.commonPool-worker-1] DEBUG AssetLoader          - Loading from cache: /assets/properties/languages/english.properties
15:24:57.531 [ForkJoinPool.commonPool-worker-1] DEBUG AssetLoader          - Loading from cache: /assets/ui/fonts/VarelaRound-Regular.ttf
15:24:57.532 [ForkJoinPool.commonPool-worker-1] DEBUG AssetLoader          - Loading from cache: /assets/properties/languages/english.properties
15:24:57.533 [ForkJoinPool.commonPool-worker-1] DEBUG AssetLoader          - Loading from cache: /assets/ui/fonts/VarelaRound-Regular.ttf
15:24:57.534 [ForkJoinPool.commonPool-worker-1] DEBUG AssetLoader          - Loading from cache: /assets/properties/languages/english.properties
15:24:57.535 [ForkJoinPool.commonPool-worker-1] DEBUG AssetLoader          - Loading from cache: /assets/ui/fonts/VarelaRound-Regular.ttf
15:24:57.536 [ForkJoinPool.commonPool-worker-1] DEBUG AssetLoader          - Loading from cache: /assets/properties/languages/english.properties
15:24:57.538 [ForkJoinPool.commonPool-worker-1] DEBUG AssetLoader          - Loading from cache: /assets/textures/particles/smoke.png@128.0x128.0
15:24:57.808 [JavaFX Application Thread] DEBUG FXGL                 - Running preInit()
15:24:57.855 [JavaFX Application Thread] DEBUG Input                - Registered new binding: Screenshot - P
15:24:57.856 [JavaFX Application Thread] DEBUG Input                - Registered new binding: Dev Options - CTRL+0
15:24:57.857 [JavaFX Application Thread] DEBUG Input                - Registered new binding: System info dump - CTRL+9
15:24:57.858 [JavaFX Application Thread] DEBUG Input                - Registered new binding: Restart - CTRL+R
15:24:57.859 [JavaFX Application Thread] DEBUG Input                - Registered new binding: Left - Left
15:24:57.859 [JavaFX Application Thread] DEBUG Input                - Registered new binding: Right - Right
15:24:57.859 [JavaFX Application Thread] DEBUG Input                - Registered new binding: Jump - Up
15:24:57.860 [JavaFX Application Thread] DEBUG MenuEventHandler     - generateDefaultProfile()
15:24:57.861 [JavaFX Application Thread] DEBUG MenuEventHandler     - Creating default profile
15:24:57.862 [JavaFX Application Thread] DEBUG EventBus             - Firing event: SaveEvent
15:24:57.866 [JavaFX Application Thread] DEBUG AudioPlayer          - Saving data to profile
15:24:57.866 [JavaFX Application Thread] DEBUG Bundle               - Logging bundle: audio
15:24:57.866 [JavaFX Application Thread] DEBUG Bundle               - audio.musicVolume=0.5
15:24:57.866 [JavaFX Application Thread] DEBUG Bundle               - audio.soundVolume=0.5
15:24:57.866 [JavaFX Application Thread] DEBUG Input                - Saving data to profile
15:24:57.867 [JavaFX Application Thread] DEBUG Bundle               - Logging bundle: input
15:24:57.867 [JavaFX Application Thread] DEBUG Bundle               - input.Jump=Up
15:24:57.867 [JavaFX Application Thread] DEBUG Bundle               - input.Right=Right
15:24:57.867 [JavaFX Application Thread] DEBUG Bundle               - input.Screenshot=P
15:24:57.867 [JavaFX Application Thread] DEBUG Bundle               - input.System info dump=CTRL+9
15:24:57.867 [JavaFX Application Thread] DEBUG Bundle               - input.Restart=CTRL+R
15:24:57.868 [JavaFX Application Thread] DEBUG Bundle               - input.Dev Options=CTRL+0
15:24:57.868 [JavaFX Application Thread] DEBUG Bundle               - input.Left=Left
15:24:57.886 [JavaFX Application Thread] DEBUG Bundle               - Logging bundle: gameplayStats
15:24:57.886 [JavaFX Application Thread] DEBUG Bundle               - gameplayStats.playtime=0
15:24:57.888 [JavaFX Application Thread] DEBUG AchievementManager   - Saving data to profile
15:24:57.889 [JavaFX Application Thread] DEBUG Bundle               - Logging bundle: achievement
15:24:57.891 [JavaFX Application Thread] INFO  FXGL                 - FXGL initialization took: 2,631 sec
15:24:57.892 [JavaFX Application Thread] DEBUG LoopRunner           - Starting loop
15:24:57.940 [JavaFX Application Thread] DEBUG StartupState         - STARTUP
15:24:57.941 [JavaFX Application Thread] DEBUG Input                - Clearing active input actions
15:24:57.943 [JavaFX Application Thread] DEBUG AssetLoader          - Loading from disk: /assets/ui/css/fxgl_dark.css
15:24:57.975 [JavaFX Application Thread] DEBUG AppStateMachine      - StartupState -> MainMenuState
15:24:57.987 [JavaFX Application Thread] DEBUG AssetLoader          - Loading from cache: /assets/properties/languages/english.properties
15:24:57.988 [JavaFX Application Thread] DEBUG AssetLoader          - Loading from cache: /assets/ui/fonts/VarelaRound-Regular.ttf
15:24:57.988 [JavaFX Application Thread] DEBUG AssetLoader          - Loading from cache: /assets/properties/languages/english.properties
15:24:57.988 [JavaFX Application Thread] DEBUG AssetLoader          - Loading from cache: /assets/ui/fonts/VarelaRound-Regular.ttf
15:24:57.989 [JavaFX Application Thread] DEBUG AssetLoader          - Loading from cache: /assets/properties/languages/english.properties
15:24:57.989 [JavaFX Application Thread] DEBUG AssetLoader          - Loading from cache: /assets/ui/fonts/VarelaRound-Regular.ttf
15:24:57.993 [JavaFX Application Thread] DEBUG SaveLoadManager      - Checking profiles dir: profiles/
15:24:57.994 [JavaFX Application Thread] DEBUG SaveLoadManager      - Loading profile names
15:24:57.995 [JavaFX Application Thread] DEBUG AssetLoader          - Loading from cache: /assets/properties/languages/english.properties
15:24:57.997 [JavaFX Application Thread] DEBUG AssetLoader          - Loading from cache: /assets/ui/fonts/VarelaRound-Regular.ttf
15:24:57.998 [JavaFX Application Thread] DEBUG AssetLoader          - Loading from cache: /assets/ui/fonts/VarelaRound-Regular.ttf
15:24:57.998 [JavaFX Application Thread] DEBUG AppStateMachine      - Push state: DialogSubState
15:24:57.999 [JavaFX Application Thread] DEBUG Input                - Clearing active input actions
15:24:57.999 [JavaFX Application Thread] DEBUG AppStateMachine      - MainMenuState -> DialogSubState
15:24:58.147 [JavaFX Application Thread] DEBUG AppStateMachine      - Pop state: DialogSubState
15:24:58.147 [JavaFX Application Thread] DEBUG Input                - Clearing active input actions
15:24:58.149 [JavaFX Application Thread] DEBUG AppStateMachine      - MainMenuState <- DialogSubState
15:24:58.150 [JavaFX Application Thread] DEBUG AssetLoader          - Loading from cache: /assets/properties/languages/english.properties
15:24:58.152 [JavaFX Application Thread] DEBUG AssetLoader          - Loading from cache: /assets/ui/fonts/VarelaRound-Regular.ttf
15:24:58.152 [JavaFX Application Thread] DEBUG AssetLoader          - Loading from cache: /assets/ui/fonts/VarelaRound-Regular.ttf
15:24:58.153 [JavaFX Application Thread] DEBUG AppStateMachine      - Push state: DialogSubState
15:24:58.153 [JavaFX Application Thread] DEBUG Input                - Clearing active input actions
15:24:58.153 [JavaFX Application Thread] DEBUG AppStateMachine      - MainMenuState -> DialogSubState
15:25:08.560 [JavaFX Application Thread] DEBUG AppStateMachine      - Pop state: DialogSubState
15:25:08.560 [JavaFX Application Thread] DEBUG Input                - Clearing active input actions
15:25:08.561 [JavaFX Application Thread] DEBUG AppStateMachine      - MainMenuState <- DialogSubState
15:25:08.562 [JavaFX Application Thread] DEBUG SaveLoadManager      - Loading profile: Mathias
15:25:08.563 [JavaFX Application Thread] DEBUG AssetLoader          - Loading from cache: /assets/properties/languages/english.properties
15:25:08.563 [JavaFX Application Thread] DEBUG AssetLoader          - Loading from cache: /assets/ui/fonts/VarelaRound-Regular.ttf
15:25:08.564 [JavaFX Application Thread] DEBUG AssetLoader          - Loading from cache: /assets/ui/fonts/VarelaRound-Regular.ttf
15:25:08.564 [JavaFX Application Thread] DEBUG AppStateMachine      - Push state: DialogSubState
15:25:08.564 [JavaFX Application Thread] DEBUG Input                - Clearing active input actions
15:25:08.564 [JavaFX Application Thread] DEBUG AppStateMachine      - MainMenuState -> DialogSubState
15:25:08.567 [FXGL Background Thread 1 ] DEBUG DesktopFSService     - Reading from: .\profiles\Mathias\user.profile
15:25:08.588 [JavaFX Application Thread] DEBUG AppStateMachine      - Pop state: DialogSubState
15:25:08.588 [JavaFX Application Thread] DEBUG Input                - Clearing active input actions
15:25:08.590 [JavaFX Application Thread] DEBUG AppStateMachine      - MainMenuState <- DialogSubState
15:25:08.591 [JavaFX Application Thread] DEBUG EventBus             - Firing event: LoadEvent[type=LOAD_PROFILE]
15:25:08.591 [JavaFX Application Thread] DEBUG AudioPlayer          - Loading data from profile
15:25:08.592 [JavaFX Application Thread] DEBUG Bundle               - Logging bundle: audio
15:25:08.592 [JavaFX Application Thread] DEBUG Bundle               - audio.musicVolume=0.5
15:25:08.592 [JavaFX Application Thread] DEBUG Bundle               - audio.soundVolume=0.5
15:25:08.592 [JavaFX Application Thread] DEBUG Input                - Loading data from profile
15:25:08.593 [JavaFX Application Thread] DEBUG Bundle               - Logging bundle: input
15:25:08.593 [JavaFX Application Thread] DEBUG Bundle               - input.Jump=Up
15:25:08.593 [JavaFX Application Thread] DEBUG Bundle               - input.Right=Right
15:25:08.593 [JavaFX Application Thread] DEBUG Bundle               - input.Screenshot=P
15:25:08.593 [JavaFX Application Thread] DEBUG Bundle               - input.System info dump=CTRL+9
15:25:08.594 [JavaFX Application Thread] DEBUG Bundle               - input.Restart=CTRL+R
15:25:08.594 [JavaFX Application Thread] DEBUG Bundle               - input.Dev Options=CTRL+0
15:25:08.594 [JavaFX Application Thread] DEBUG Bundle               - input.Left=Left
15:25:08.595 [JavaFX Application Thread] DEBUG Bundle               - Logging bundle: gameplayStats
15:25:08.595 [JavaFX Application Thread] DEBUG Bundle               - gameplayStats.playtime=310220772810
15:25:08.595 [JavaFX Application Thread] DEBUG AchievementManager   - Loading data from profile
15:25:08.596 [JavaFX Application Thread] DEBUG Bundle               - Logging bundle: achievement
15:25:08.596 [JavaFX Application Thread] DEBUG AssetLoader          - Loading from cache: /assets/properties/languages/english.properties
15:25:08.597 [JavaFX Application Thread] DEBUG AssetLoader          - Loading from cache: /assets/ui/fonts/VarelaRound-Regular.ttf
15:25:08.598 [JavaFX Application Thread] DEBUG AssetLoader          - Loading from cache: /assets/properties/languages/english.properties
15:25:08.598 [JavaFX Application Thread] DEBUG AssetLoader          - Loading from cache: /assets/ui/fonts/VarelaRound-Regular.ttf
15:25:08.599 [JavaFX Application Thread] DEBUG SaveLoadManager      - Loading last modified save file
15:25:08.600 [JavaFX Application Thread] DEBUG SaveLoadManager      - Loading save files
15:25:08.604 [JavaFX Application Thread] DEBUG AssetLoader          - Loading from cache: /assets/properties/languages/english.properties
15:25:08.605 [JavaFX Application Thread] DEBUG AssetLoader          - Loading from cache: /assets/ui/fonts/VarelaRound-Regular.ttf
15:25:08.605 [JavaFX Application Thread] DEBUG AssetLoader          - Loading from cache: /assets/ui/fonts/VarelaRound-Regular.ttf
15:25:08.606 [JavaFX Application Thread] DEBUG AppStateMachine      - Push state: DialogSubState
15:25:08.606 [JavaFX Application Thread] DEBUG Input                - Clearing active input actions
15:25:08.606 [JavaFX Application Thread] DEBUG AppStateMachine      - MainMenuState -> DialogSubState
15:25:08.628 [JavaFX Application Thread] DEBUG AppStateMachine      - Pop state: DialogSubState
15:25:08.628 [JavaFX Application Thread] DEBUG Input                - Clearing active input actions
15:25:08.629 [JavaFX Application Thread] DEBUG AppStateMachine      - MainMenuState <- DialogSubState
15:25:09.403 [JavaFX Application Thread] DEBUG AssetLoader          - Loading from cache: /assets/sounds/menu/select.wav
15:25:09.685 [JavaFX Application Thread] DEBUG FXGL.Menu            - fireNewGame()
15:25:09.685 [JavaFX Application Thread] DEBUG GameApplication      - Starting new game
15:25:09.686 [JavaFX Application Thread] DEBUG Input                - Clearing active input actions
15:25:09.686 [JavaFX Application Thread] DEBUG AssetLoader          - Loading from disk: /assets/ui/css/fxgl_dark.css
15:25:09.706 [JavaFX Application Thread] DEBUG AppStateMachine      - MainMenuState -> LoadingState
15:25:09.709 [FXGL Background Thread 1 ] DEBUG InitAppTask          - Clearing previous game
15:25:09.709 [FXGL Background Thread 1 ] DEBUG GameWorld            - Clearing game world
15:25:09.710 [FXGL Background Thread 1 ] DEBUG PhysicsWorld         - Clearing physics world
15:25:09.710 [FXGL Background Thread 1 ] DEBUG GameScene            - Clearing game scene
15:25:09.714 [FXGL Background Thread 1 ] DEBUG InitAppTask          - Initializing Game
15:25:09.747 [FXGL Background Thread 1 ] DEBUG AssetLoader          - Loading from disk: /assets/json/luigi.json
15:25:10.290 [FXGL Background Thread 1 ] DEBUG GameWorld            - Clearing removable entities
15:25:10.290 [FXGL Background Thread 1 ] DEBUG GameWorld            - Setting level from map
15:25:10.335 [FXGL Background Thread 1 ] DEBUG AssetLoader          - Loading from disk: /assets/textures/tiles_spritesheet.png
15:25:10.374 [FXGL Background Thread 1 ] DEBUG AssetLoader          - Loading from cache: /assets/textures/tiles_spritesheet.png
15:25:10.374 [FXGL Background Thread 1 ] DEBUG AssetLoader          - Loading from cache: /assets/textures/tiles_spritesheet.png
15:25:10.374 [FXGL Background Thread 1 ] DEBUG AssetLoader          - Loading from cache: /assets/textures/tiles_spritesheet.png
15:25:10.375 [FXGL Background Thread 1 ] DEBUG AssetLoader          - Loading from cache: /assets/textures/tiles_spritesheet.png
15:25:10.375 [FXGL Background Thread 1 ] DEBUG AssetLoader          - Loading from cache: /assets/textures/tiles_spritesheet.png
15:25:10.375 [FXGL Background Thread 1 ] DEBUG AssetLoader          - Loading from cache: /assets/textures/tiles_spritesheet.png
15:25:10.376 [FXGL Background Thread 1 ] DEBUG AssetLoader          - Loading from cache: /assets/textures/tiles_spritesheet.png
15:25:10.376 [FXGL Background Thread 1 ] DEBUG AssetLoader          - Loading from cache: /assets/textures/tiles_spritesheet.png
15:25:10.376 [FXGL Background Thread 1 ] DEBUG AssetLoader          - Loading from cache: /assets/textures/tiles_spritesheet.png
15:25:10.376 [FXGL Background Thread 1 ] DEBUG AssetLoader          - Loading from cache: /assets/textures/tiles_spritesheet.png
15:25:10.376 [FXGL Background Thread 1 ] DEBUG AssetLoader          - Loading from cache: /assets/textures/tiles_spritesheet.png
15:25:10.377 [FXGL Background Thread 1 ] DEBUG AssetLoader          - Loading from cache: /assets/textures/tiles_spritesheet.png
15:25:10.377 [FXGL Background Thread 1 ] DEBUG AssetLoader          - Loading from cache: /assets/textures/tiles_spritesheet.png
15:25:10.377 [FXGL Background Thread 1 ] DEBUG AssetLoader          - Loading from cache: /assets/textures/tiles_spritesheet.png
15:25:10.377 [FXGL Background Thread 1 ] DEBUG AssetLoader          - Loading from cache: /assets/textures/tiles_spritesheet.png
15:25:10.378 [FXGL Background Thread 1 ] DEBUG AssetLoader          - Loading from cache: /assets/textures/tiles_spritesheet.png
15:25:10.378 [FXGL Background Thread 1 ] DEBUG AssetLoader          - Loading from cache: /assets/textures/tiles_spritesheet.png
15:25:10.378 [FXGL Background Thread 1 ] DEBUG AssetLoader          - Loading from cache: /assets/textures/tiles_spritesheet.png
15:25:10.378 [FXGL Background Thread 1 ] DEBUG AssetLoader          - Loading from cache: /assets/textures/tiles_spritesheet.png
15:25:10.379 [FXGL Background Thread 1 ] DEBUG AssetLoader          - Loading from cache: /assets/textures/tiles_spritesheet.png
15:25:10.379 [FXGL Background Thread 1 ] DEBUG AssetLoader          - Loading from cache: /assets/textures/tiles_spritesheet.png
15:25:10.379 [FXGL Background Thread 1 ] DEBUG AssetLoader          - Loading from cache: /assets/textures/tiles_spritesheet.png
15:25:10.379 [FXGL Background Thread 1 ] DEBUG AssetLoader          - Loading from cache: /assets/textures/tiles_spritesheet.png
15:25:10.379 [FXGL Background Thread 1 ] DEBUG AssetLoader          - Loading from cache: /assets/textures/tiles_spritesheet.png
15:25:10.380 [FXGL Background Thread 1 ] DEBUG AssetLoader          - Loading from cache: /assets/textures/tiles_spritesheet.png
15:25:10.380 [FXGL Background Thread 1 ] DEBUG AssetLoader          - Loading from cache: /assets/textures/tiles_spritesheet.png
15:25:10.380 [FXGL Background Thread 1 ] DEBUG AssetLoader          - Loading from cache: /assets/textures/tiles_spritesheet.png
15:25:10.380 [FXGL Background Thread 1 ] DEBUG AssetLoader          - Loading from cache: /assets/textures/tiles_spritesheet.png
15:25:10.381 [FXGL Background Thread 1 ] DEBUG AssetLoader          - Loading from cache: /assets/textures/tiles_spritesheet.png
15:25:10.381 [FXGL Background Thread 1 ] DEBUG AssetLoader          - Loading from cache: /assets/textures/tiles_spritesheet.png
15:25:10.381 [FXGL Background Thread 1 ] DEBUG AssetLoader          - Loading from cache: /assets/textures/tiles_spritesheet.png
15:25:10.381 [FXGL Background Thread 1 ] DEBUG AssetLoader          - Loading from cache: /assets/textures/tiles_spritesheet.png
15:25:10.382 [FXGL Background Thread 1 ] DEBUG AssetLoader          - Loading from cache: /assets/textures/tiles_spritesheet.png
15:25:10.382 [FXGL Background Thread 1 ] DEBUG AssetLoader          - Loading from cache: /assets/textures/tiles_spritesheet.png
15:25:10.382 [FXGL Background Thread 1 ] DEBUG AssetLoader          - Loading from cache: /assets/textures/tiles_spritesheet.png
15:25:10.382 [FXGL Background Thread 1 ] DEBUG AssetLoader          - Loading from cache: /assets/textures/tiles_spritesheet.png
15:25:10.383 [FXGL Background Thread 1 ] DEBUG AssetLoader          - Loading from cache: /assets/textures/tiles_spritesheet.png
15:25:10.383 [FXGL Background Thread 1 ] DEBUG AssetLoader          - Loading from cache: /assets/textures/tiles_spritesheet.png
15:25:10.383 [FXGL Background Thread 1 ] DEBUG AssetLoader          - Loading from cache: /assets/textures/tiles_spritesheet.png
15:25:10.383 [FXGL Background Thread 1 ] DEBUG AssetLoader          - Loading from cache: /assets/textures/tiles_spritesheet.png
15:25:10.384 [FXGL Background Thread 1 ] DEBUG AssetLoader          - Loading from cache: /assets/textures/tiles_spritesheet.png
15:25:10.384 [FXGL Background Thread 1 ] DEBUG AssetLoader          - Loading from cache: /assets/textures/tiles_spritesheet.png
15:25:10.384 [FXGL Background Thread 1 ] DEBUG AssetLoader          - Loading from cache: /assets/textures/tiles_spritesheet.png
15:25:10.384 [FXGL Background Thread 1 ] DEBUG AssetLoader          - Loading from cache: /assets/textures/tiles_spritesheet.png
15:25:10.385 [FXGL Background Thread 1 ] DEBUG AssetLoader          - Loading from cache: /assets/textures/tiles_spritesheet.png
15:25:10.385 [FXGL Background Thread 1 ] DEBUG AssetLoader          - Loading from cache: /assets/textures/tiles_spritesheet.png
15:25:10.385 [FXGL Background Thread 1 ] DEBUG AssetLoader          - Loading from cache: /assets/textures/tiles_spritesheet.png
15:25:10.385 [FXGL Background Thread 1 ] DEBUG AssetLoader          - Loading from cache: /assets/textures/tiles_spritesheet.png
15:25:10.385 [FXGL Background Thread 1 ] DEBUG AssetLoader          - Loading from cache: /assets/textures/tiles_spritesheet.png
15:25:10.386 [FXGL Background Thread 1 ] DEBUG AssetLoader          - Loading from cache: /assets/textures/tiles_spritesheet.png
15:25:10.386 [FXGL Background Thread 1 ] DEBUG AssetLoader          - Loading from cache: /assets/textures/tiles_spritesheet.png
15:25:10.386 [FXGL Background Thread 1 ] DEBUG AssetLoader          - Loading from cache: /assets/textures/tiles_spritesheet.png
15:25:10.386 [FXGL Background Thread 1 ] DEBUG AssetLoader          - Loading from cache: /assets/textures/tiles_spritesheet.png
15:25:10.387 [FXGL Background Thread 1 ] DEBUG AssetLoader          - Loading from cache: /assets/textures/tiles_spritesheet.png
15:25:10.387 [FXGL Background Thread 1 ] DEBUG AssetLoader          - Loading from cache: /assets/textures/tiles_spritesheet.png
15:25:10.387 [FXGL Background Thread 1 ] DEBUG AssetLoader          - Loading from cache: /assets/textures/tiles_spritesheet.png
15:25:10.387 [FXGL Background Thread 1 ] DEBUG AssetLoader          - Loading from cache: /assets/textures/tiles_spritesheet.png
15:25:10.387 [FXGL Background Thread 1 ] DEBUG AssetLoader          - Loading from cache: /assets/textures/tiles_spritesheet.png
15:25:10.387 [FXGL Background Thread 1 ] DEBUG AssetLoader          - Loading from cache: /assets/textures/tiles_spritesheet.png
15:25:10.387 [FXGL Background Thread 1 ] DEBUG AssetLoader          - Loading from cache: /assets/textures/tiles_spritesheet.png
15:25:10.388 [FXGL Background Thread 1 ] DEBUG AssetLoader          - Loading from cache: /assets/textures/tiles_spritesheet.png
15:25:10.388 [FXGL Background Thread 1 ] DEBUG AssetLoader          - Loading from cache: /assets/textures/tiles_spritesheet.png
15:25:10.388 [FXGL Background Thread 1 ] DEBUG AssetLoader          - Loading from cache: /assets/textures/tiles_spritesheet.png
15:25:10.388 [FXGL Background Thread 1 ] DEBUG AssetLoader          - Loading from cache: /assets/textures/tiles_spritesheet.png
15:25:10.389 [FXGL Background Thread 1 ] DEBUG AssetLoader          - Loading from cache: /assets/textures/tiles_spritesheet.png
15:25:10.389 [FXGL Background Thread 1 ] DEBUG AssetLoader          - Loading from cache: /assets/textures/tiles_spritesheet.png
15:25:10.389 [FXGL Background Thread 1 ] DEBUG AssetLoader          - Loading from cache: /assets/textures/tiles_spritesheet.png
15:25:10.389 [FXGL Background Thread 1 ] DEBUG AssetLoader          - Loading from cache: /assets/textures/tiles_spritesheet.png
15:25:10.390 [FXGL Background Thread 1 ] DEBUG AssetLoader          - Loading from cache: /assets/textures/tiles_spritesheet.png
15:25:10.390 [FXGL Background Thread 1 ] DEBUG AssetLoader          - Loading from cache: /assets/textures/tiles_spritesheet.png
15:25:10.390 [FXGL Background Thread 1 ] DEBUG AssetLoader          - Loading from cache: /assets/textures/tiles_spritesheet.png
15:25:10.390 [FXGL Background Thread 1 ] DEBUG AssetLoader          - Loading from cache: /assets/textures/tiles_spritesheet.png
15:25:10.390 [FXGL Background Thread 1 ] DEBUG AssetLoader          - Loading from cache: /assets/textures/tiles_spritesheet.png
15:25:10.391 [FXGL Background Thread 1 ] DEBUG AssetLoader          - Loading from cache: /assets/textures/tiles_spritesheet.png
15:25:10.391 [FXGL Background Thread 1 ] DEBUG AssetLoader          - Loading from cache: /assets/textures/tiles_spritesheet.png
15:25:10.395 [FXGL Background Thread 1 ] DEBUG GameScene            - Creating render group for layer: BACKGROUND(1000)
15:25:10.412 [FXGL Background Thread 1 ] DEBUG GameScene            - Creating render group for layer: DEFAULT(100000)
15:25:10.536 [FXGL Background Thread 1 ] DEBUG AssetLoader          - Loading from disk: /assets/textures/luigiwalk.png
15:25:10.539 [FXGL Background Thread 1 ] DEBUG AssetLoader          - Loading from cache: /assets/textures/luigiwalk.png
15:25:10.539 [FXGL Background Thread 1 ] DEBUG AssetLoader          - Loading from disk: /assets/textures/luigihop.png
15:25:10.544 [FXGL Background Thread 1 ] DEBUG AssetLoader          - Loading from disk: /assets/textures/enemyjump.png
15:25:10.548 [FXGL Background Thread 1 ] DEBUG AssetLoader          - Loading from cache: /assets/textures/enemyjump.png
15:25:10.549 [FXGL Background Thread 1 ] DEBUG AssetLoader          - Loading from cache: /assets/textures/enemyjump.png
15:25:10.550 [FXGL Background Thread 1 ] DEBUG InitAppTask          - Initializing Physics
15:25:10.551 [FXGL Background Thread 1 ] DEBUG InitAppTask          - Initializing UI
15:25:10.552 [FXGL Background Thread 1 ] DEBUG AssetLoader          - Loading from cache: /assets/ui/fonts/VarelaRound-Regular.ttf
15:25:10.552 [FXGL Background Thread 1 ] DEBUG AssetLoader          - Loading from cache: /assets/ui/fonts/VarelaRound-Regular.ttf
15:25:10.554 [FXGL Background Thread 1 ] DEBUG InitAppTask          - Initialization Complete
15:25:10.555 [FXGL Background Thread 1 ] INFO  InitAppTask          - Game initialization took: 0,846 sec
15:25:10.559 [JavaFX Application Thread] DEBUG Input                - Clearing active input actions
15:25:10.560 [JavaFX Application Thread] DEBUG AssetLoader          - Loading from disk: /assets/ui/css/fxgl_dark.css
15:25:10.575 [JavaFX Application Thread] DEBUG AppStateMachine      - LoadingState -> PlayState
15:25:13.512 [JavaFX Application Thread] DEBUG AssetLoader          - Loading from cache: /assets/sounds/smw_jump.wav
15:25:14.799 [JavaFX Application Thread] DEBUG AssetLoader          - Loading from cache: /assets/ui/fonts/VarelaRound-Regular.ttf
15:25:14.800 [JavaFX Application Thread] DEBUG AssetLoader          - Loading from cache: /assets/ui/fonts/VarelaRound-Regular.ttf
15:25:14.800 [JavaFX Application Thread] DEBUG AssetLoader          - Loading from cache: /assets/properties/languages/english.properties
15:25:14.802 [JavaFX Application Thread] DEBUG AssetLoader          - Loading from cache: /assets/ui/fonts/VarelaRound-Regular.ttf
15:25:14.802 [JavaFX Application Thread] DEBUG AppStateMachine      - Push state: DialogSubState
15:25:14.803 [JavaFX Application Thread] DEBUG Input                - Clearing active input actions
15:25:14.803 [JavaFX Application Thread] DEBUG AppStateMachine      - PlayState -> DialogSubState
15:25:14.808 [JavaFX Application Thread] DEBUG AssetLoader          - Loading from cache: /assets/textures/enemyjump.png
15:25:14.810 [JavaFX Application Thread] DEBUG AssetLoader          - Loading from cache: /assets/textures/enemyjump.png
15:25:14.812 [JavaFX Application Thread] DEBUG AssetLoader          - Loading from cache: /assets/textures/enemyjump.png
15:25:14.813 [JavaFX Application Thread] DEBUG AssetLoader          - Loading from cache: /assets/textures/luigiwalk.png
15:25:14.813 [JavaFX Application Thread] DEBUG AssetLoader          - Loading from cache: /assets/textures/luigiwalk.png
15:25:14.813 [JavaFX Application Thread] DEBUG AssetLoader          - Loading from cache: /assets/textures/luigihop.png
15:25:15.679 [JavaFX Application Thread] DEBUG AssetLoader          - Loading from cache: /assets/sounds/menu/select.wav
15:25:16.020 [JavaFX Application Thread] DEBUG AppStateMachine      - Pop state: DialogSubState
15:25:16.020 [JavaFX Application Thread] DEBUG Input                - Clearing active input actions
15:25:16.021 [JavaFX Application Thread] DEBUG AppStateMachine      - PlayState <- DialogSubState
15:25:17.253 [JavaFX Application Thread] DEBUG FXGL                 - Exiting FXGL
15:25:17.254 [JavaFX Application Thread] DEBUG MenuEventHandler     - Creating default profile
15:25:17.254 [JavaFX Application Thread] DEBUG EventBus             - Firing event: SaveEvent
15:25:17.254 [JavaFX Application Thread] DEBUG AudioPlayer          - Saving data to profile
15:25:17.254 [JavaFX Application Thread] DEBUG Bundle               - Logging bundle: audio
15:25:17.254 [JavaFX Application Thread] DEBUG Bundle               - audio.musicVolume=0.5
15:25:17.254 [JavaFX Application Thread] DEBUG Bundle               - audio.soundVolume=0.5
15:25:17.254 [JavaFX Application Thread] DEBUG Input                - Saving data to profile
15:25:17.255 [JavaFX Application Thread] DEBUG Bundle               - Logging bundle: input
15:25:17.255 [JavaFX Application Thread] DEBUG Bundle               - input.Jump=Up
15:25:17.255 [JavaFX Application Thread] DEBUG Bundle               - input.Right=Right
15:25:17.255 [JavaFX Application Thread] DEBUG Bundle               - input.Screenshot=P
15:25:17.255 [JavaFX Application Thread] DEBUG Bundle               - input.System info dump=CTRL+9
15:25:17.255 [JavaFX Application Thread] DEBUG Bundle               - input.Restart=CTRL+R
15:25:17.255 [JavaFX Application Thread] DEBUG Bundle               - input.Dev Options=CTRL+0
15:25:17.255 [JavaFX Application Thread] DEBUG Bundle               - input.Left=Left
15:25:17.255 [JavaFX Application Thread] DEBUG Bundle               - Logging bundle: gameplayStats
15:25:17.256 [JavaFX Application Thread] DEBUG Bundle               - gameplayStats.playtime=315853188432
15:25:17.256 [JavaFX Application Thread] DEBUG AchievementManager   - Saving data to profile
15:25:17.256 [JavaFX Application Thread] DEBUG Bundle               - Logging bundle: achievement
15:25:17.256 [JavaFX Application Thread] DEBUG SaveLoadManager      - Saving profile: Mathias
15:25:17.262 [JavaFX Application Thread] DEBUG DesktopFSService     - Writing to: .\profiles\Mathias\user.profile
15:25:17.275 [JavaFX Application Thread] DEBUG FXGL                 - Shutting down background threads
15:25:17.275 [JavaFX Application Thread] DEBUG FXGL                 - Saving FXGL system data
15:25:17.277 [JavaFX Application Thread] DEBUG DesktopFSService     - Writing to: system\fxgl.bundle
15:25:17.282 [JavaFX Application Thread] DEBUG FXGL                 - Closing logger and exiting JavaFX
