13:56:40.526 [JavaFX Application Thread] DEBUG GameApplication      - Logger initialized
13:56:40.548 [JavaFX Application Thread] DEBUG GameApplication      - Logging settings
Title: LuigiFactory
Version: 0.0
Width: 1400
Height: 1050
Fullscreen: false
Intro: false
Menus: true
Profiling: false
Single step:false
App Mode: DEVELOPER
Menu Key: ESCAPE
Stage Style: DECORATED
Scene Factory: class com.almasb.fxgl.scene.SceneFactory
Dialog Factory: class com.almasb.fxgl.ui.FXGLDialogFactory
UI Factory: class com.almasb.fxgl.ui.FXGLUIFactory
Notification Service: class com.almasb.fxgl.gameplay.notification.XboxNotificationView
Exception Handler: class com.almasb.fxgl.app.FXGLExceptionHandler
13:56:40.548 [JavaFX Application Thread] DEBUG GameApplication      - Starting FXGL
13:56:40.565 [JavaFX Application Thread] INFO  FXGL                 - FXGL-0.5.4 on DESKTOP
13:56:40.566 [JavaFX Application Thread] INFO  FXGL                 - Source code and latest versions at: https://github.com/AlmasB/FXGL
13:56:40.567 [JavaFX Application Thread] INFO  FXGL                 -              Join the FXGL chat at: https://gitter.im/AlmasB/FXGL
13:56:40.567 [JavaFX Application Thread] DEBUG FXGL                 - FXGL started
13:56:40.568 [JavaFX Application Thread] DEBUG FXGL                 - Initializing FXGL
13:56:40.692 [JavaFX Application Thread] DEBUG AssetLoader          - Loading from disk: /assets/ui/cursors/fxgl_default.png
13:56:40.804 [JavaFX Application Thread] DEBUG AssetLoader          - Loading from disk: /assets/ui/fonts/VarelaRound-Regular.ttf
13:56:41.255 [JavaFX Application Thread] DEBUG MainWindow           - Creating a JavaFX scene
13:56:41.256 [JavaFX Application Thread] DEBUG MainWindow           - Target size > screen size
13:56:41.376 [JavaFX Application Thread] DEBUG MainWindow           - Target settings size: 1400.0 x 1050.0
13:56:41.376 [JavaFX Application Thread] DEBUG MainWindow           - Scaled scene size:    1121.0 x 859.0
13:56:41.377 [JavaFX Application Thread] DEBUG MainWindow           - Scaled ratio: (0.8007142857142857, 0.8180952380952381)
13:56:41.385 [JavaFX Application Thread] DEBUG AssetLoader          - Loading from disk: /assets/ui/css/fxgl_dark.css
13:56:41.399 [JavaFX Application Thread] DEBUG AssetLoader          - Loading from disk: /assets/textures/fxgl_icon.png
13:56:41.440 [JavaFX Application Thread] DEBUG MainWindow           - Opening main window
13:56:42.030 [JavaFX Application Thread] DEBUG MainWindow           - Window border size: (6.0, 29.0)
13:56:42.031 [JavaFX Application Thread] DEBUG MainWindow           - Scaled size: 1121.0 x 859.0
13:56:42.031 [JavaFX Application Thread] DEBUG MainWindow           - Scaled ratio: (0.8007142857142857, 0.8180952380952381)
13:56:42.031 [JavaFX Application Thread] DEBUG MainWindow           - Scene size: 1121.0 x 859.0
13:56:42.031 [JavaFX Application Thread] DEBUG MainWindow           - Stage size: 1127.0 x 888.0
13:56:42.134 [ForkJoinPool.commonPool-worker-1] DEBUG FS                   - Loaded DesktopFSService
13:56:42.135 [ForkJoinPool.commonPool-worker-1] DEBUG FXGL                 - Loading FXGL system data
13:56:42.169 [ForkJoinPool.commonPool-worker-1] DEBUG DesktopFSService     - Reading from: system\fxgl.bundle
13:56:42.193 [ForkJoinPool.commonPool-worker-1] DEBUG Bundle               - Logging bundle: FXGL
13:56:42.194 [ForkJoinPool.commonPool-worker-1] DEBUG Bundle               - FXGL.offline.timer.version.check=2019-01-28T11:57:03.073
13:56:42.195 [ForkJoinPool.commonPool-worker-1] DEBUG FXGL                 - Initializing state machine and application states
13:56:42.198 [ForkJoinPool.commonPool-worker-1] DEBUG AssetLoader          - Loading from disk: /assets/ui/cursors/fxgl_default.png
13:56:42.209 [ForkJoinPool.commonPool-worker-1] DEBUG AssetLoader          - Loading from disk: /assets/ui/cursors/fxgl_default.png
13:56:42.221 [ForkJoinPool.commonPool-worker-1] DEBUG AssetLoader          - Loading from cache: /assets/ui/fonts/VarelaRound-Regular.ttf
13:56:42.226 [ForkJoinPool.commonPool-worker-1] DEBUG AssetLoader          - Loading from disk: /assets/ui/cursors/fxgl_default.png
13:56:42.232 [ForkJoinPool.commonPool-worker-1] DEBUG GameScene            - Game scene initialized: 1400x1050
13:56:42.250 [ForkJoinPool.commonPool-worker-1] DEBUG GameWorld            - Game world initialized
13:56:42.355 [ForkJoinPool.commonPool-worker-1] DEBUG PhysicsWorld         - Physics world initialized: appHeight=1050, physics.ppm=50,0
13:56:42.411 [ForkJoinPool.commonPool-worker-1] DEBUG AssetLoader          - Loading from disk: /assets/ui/cursors/fxgl_default.png
13:56:42.417 [ForkJoinPool.commonPool-worker-1] DEBUG AssetLoader          - Loading from disk: /assets/properties/languages/english.properties
13:56:42.420 [ForkJoinPool.commonPool-worker-1] DEBUG AssetLoader          - Loading from cache: /assets/ui/fonts/VarelaRound-Regular.ttf
13:56:42.421 [ForkJoinPool.commonPool-worker-1] DEBUG AssetLoader          - Loading from cache: /assets/ui/fonts/VarelaRound-Regular.ttf
13:56:42.421 [ForkJoinPool.commonPool-worker-1] DEBUG AssetLoader          - Loading from cache: /assets/ui/fonts/VarelaRound-Regular.ttf
13:56:42.442 [ForkJoinPool.commonPool-worker-1] DEBUG AssetLoader          - Loading from disk: /assets/textures/particles/trace_horizontal.png
13:56:42.526 [ForkJoinPool.commonPool-worker-1] DEBUG AssetLoader          - Loading from cache: /assets/ui/fonts/VarelaRound-Regular.ttf
13:56:42.527 [ForkJoinPool.commonPool-worker-1] DEBUG FXGL.Menu            - createMenuBodyMainMenu()
13:56:42.541 [ForkJoinPool.commonPool-worker-1] DEBUG AssetLoader          - Loading from cache: /assets/ui/fonts/VarelaRound-Regular.ttf
13:56:42.544 [ForkJoinPool.commonPool-worker-1] DEBUG AssetLoader          - Loading from cache: /assets/properties/languages/english.properties
13:56:42.549 [ForkJoinPool.commonPool-worker-1] DEBUG AssetLoader          - Loading from cache: /assets/ui/fonts/VarelaRound-Regular.ttf
13:56:42.549 [ForkJoinPool.commonPool-worker-1] DEBUG AssetLoader          - Loading from cache: /assets/properties/languages/english.properties
13:56:42.550 [ForkJoinPool.commonPool-worker-1] DEBUG FXGL.Menu            - createOptionsMenu()
13:56:42.550 [ForkJoinPool.commonPool-worker-1] DEBUG AssetLoader          - Loading from cache: /assets/ui/fonts/VarelaRound-Regular.ttf
13:56:42.551 [ForkJoinPool.commonPool-worker-1] DEBUG AssetLoader          - Loading from cache: /assets/properties/languages/english.properties
13:56:42.554 [ForkJoinPool.commonPool-worker-1] DEBUG AssetLoader          - Loading from cache: /assets/ui/fonts/VarelaRound-Regular.ttf
13:56:42.554 [ForkJoinPool.commonPool-worker-1] DEBUG AssetLoader          - Loading from cache: /assets/properties/languages/english.properties
13:56:42.556 [ForkJoinPool.commonPool-worker-1] DEBUG AssetLoader          - Loading from cache: /assets/ui/fonts/VarelaRound-Regular.ttf
13:56:42.556 [ForkJoinPool.commonPool-worker-1] DEBUG AssetLoader          - Loading from cache: /assets/properties/languages/english.properties
13:56:42.557 [ForkJoinPool.commonPool-worker-1] DEBUG AssetLoader          - Loading from cache: /assets/ui/fonts/VarelaRound-Regular.ttf
13:56:42.557 [ForkJoinPool.commonPool-worker-1] DEBUG AssetLoader          - Loading from cache: /assets/properties/languages/english.properties
13:56:42.558 [ForkJoinPool.commonPool-worker-1] DEBUG AssetLoader          - Loading from cache: /assets/ui/fonts/VarelaRound-Regular.ttf
13:56:42.559 [ForkJoinPool.commonPool-worker-1] DEBUG AssetLoader          - Loading from cache: /assets/properties/languages/english.properties
13:56:42.560 [ForkJoinPool.commonPool-worker-1] DEBUG AssetLoader          - Loading from cache: /assets/ui/fonts/VarelaRound-Regular.ttf
13:56:42.560 [ForkJoinPool.commonPool-worker-1] DEBUG AssetLoader          - Loading from cache: /assets/properties/languages/english.properties
13:56:42.562 [ForkJoinPool.commonPool-worker-1] DEBUG AssetLoader          - Loading from cache: /assets/ui/fonts/VarelaRound-Regular.ttf
13:56:42.563 [ForkJoinPool.commonPool-worker-1] DEBUG AssetLoader          - Loading from cache: /assets/properties/languages/english.properties
13:56:42.564 [ForkJoinPool.commonPool-worker-1] DEBUG AssetLoader          - Loading from cache: /assets/ui/fonts/VarelaRound-Regular.ttf
13:56:42.564 [ForkJoinPool.commonPool-worker-1] DEBUG AssetLoader          - Loading from cache: /assets/properties/languages/english.properties
13:56:42.565 [ForkJoinPool.commonPool-worker-1] DEBUG AssetLoader          - Loading from disk: /assets/textures/particles/smoke.png
13:56:42.888 [ForkJoinPool.commonPool-worker-1] DEBUG AssetLoader          - Loading from disk: /assets/ui/cursors/fxgl_default.png
13:56:42.890 [ForkJoinPool.commonPool-worker-1] DEBUG AssetLoader          - Loading from cache: /assets/properties/languages/english.properties
13:56:42.891 [ForkJoinPool.commonPool-worker-1] DEBUG AssetLoader          - Loading from cache: /assets/ui/fonts/VarelaRound-Regular.ttf
13:56:42.892 [ForkJoinPool.commonPool-worker-1] DEBUG AssetLoader          - Loading from cache: /assets/ui/fonts/VarelaRound-Regular.ttf
13:56:42.892 [ForkJoinPool.commonPool-worker-1] DEBUG AssetLoader          - Loading from cache: /assets/ui/fonts/VarelaRound-Regular.ttf
13:56:42.893 [ForkJoinPool.commonPool-worker-1] DEBUG AssetLoader          - Loading from cache: /assets/textures/particles/trace_horizontal.png@64.0x64.0
13:56:42.893 [ForkJoinPool.commonPool-worker-1] DEBUG AssetLoader          - Loading from cache: /assets/ui/fonts/VarelaRound-Regular.ttf
13:56:42.894 [ForkJoinPool.commonPool-worker-1] DEBUG FXGL.Menu            - createMenuBodyGameMenu()
13:56:42.894 [ForkJoinPool.commonPool-worker-1] DEBUG AssetLoader          - Loading from cache: /assets/ui/fonts/VarelaRound-Regular.ttf
13:56:42.895 [ForkJoinPool.commonPool-worker-1] DEBUG AssetLoader          - Loading from cache: /assets/properties/languages/english.properties
13:56:42.896 [ForkJoinPool.commonPool-worker-1] DEBUG AssetLoader          - Loading from cache: /assets/ui/fonts/VarelaRound-Regular.ttf
13:56:42.897 [ForkJoinPool.commonPool-worker-1] DEBUG AssetLoader          - Loading from cache: /assets/properties/languages/english.properties
13:56:42.898 [ForkJoinPool.commonPool-worker-1] DEBUG FXGL.Menu            - createOptionsMenu()
13:56:42.898 [ForkJoinPool.commonPool-worker-1] DEBUG AssetLoader          - Loading from cache: /assets/ui/fonts/VarelaRound-Regular.ttf
13:56:42.898 [ForkJoinPool.commonPool-worker-1] DEBUG AssetLoader          - Loading from cache: /assets/properties/languages/english.properties
13:56:42.899 [ForkJoinPool.commonPool-worker-1] DEBUG AssetLoader          - Loading from cache: /assets/ui/fonts/VarelaRound-Regular.ttf
13:56:42.899 [ForkJoinPool.commonPool-worker-1] DEBUG AssetLoader          - Loading from cache: /assets/properties/languages/english.properties
13:56:42.900 [ForkJoinPool.commonPool-worker-1] DEBUG AssetLoader          - Loading from cache: /assets/ui/fonts/VarelaRound-Regular.ttf
13:56:42.900 [ForkJoinPool.commonPool-worker-1] DEBUG AssetLoader          - Loading from cache: /assets/properties/languages/english.properties
13:56:42.901 [ForkJoinPool.commonPool-worker-1] DEBUG AssetLoader          - Loading from cache: /assets/ui/fonts/VarelaRound-Regular.ttf
13:56:42.902 [ForkJoinPool.commonPool-worker-1] DEBUG AssetLoader          - Loading from cache: /assets/properties/languages/english.properties
13:56:42.902 [ForkJoinPool.commonPool-worker-1] DEBUG AssetLoader          - Loading from cache: /assets/ui/fonts/VarelaRound-Regular.ttf
13:56:42.903 [ForkJoinPool.commonPool-worker-1] DEBUG AssetLoader          - Loading from cache: /assets/properties/languages/english.properties
13:56:42.904 [ForkJoinPool.commonPool-worker-1] DEBUG AssetLoader          - Loading from cache: /assets/ui/fonts/VarelaRound-Regular.ttf
13:56:42.905 [ForkJoinPool.commonPool-worker-1] DEBUG AssetLoader          - Loading from cache: /assets/properties/languages/english.properties
13:56:42.906 [ForkJoinPool.commonPool-worker-1] DEBUG AssetLoader          - Loading from cache: /assets/ui/fonts/VarelaRound-Regular.ttf
13:56:42.906 [ForkJoinPool.commonPool-worker-1] DEBUG AssetLoader          - Loading from cache: /assets/properties/languages/english.properties
13:56:42.907 [ForkJoinPool.commonPool-worker-1] DEBUG AssetLoader          - Loading from cache: /assets/textures/particles/smoke.png@128.0x128.0
13:56:43.007 [JavaFX Application Thread] DEBUG FXGL                 - Running preInit()
13:56:43.041 [JavaFX Application Thread] DEBUG Input                - Registered new binding: Screenshot - P
13:56:43.042 [JavaFX Application Thread] DEBUG Input                - Registered new binding: Dev Options - CTRL+0
13:56:43.043 [JavaFX Application Thread] DEBUG Input                - Registered new binding: System info dump - CTRL+9
13:56:43.044 [JavaFX Application Thread] DEBUG Input                - Registered new binding: Restart - CTRL+R
13:56:43.044 [JavaFX Application Thread] DEBUG Input                - Registered new binding: Left - Left
13:56:43.044 [JavaFX Application Thread] DEBUG Input                - Registered new binding: Right - Right
13:56:43.045 [JavaFX Application Thread] DEBUG Input                - Registered new binding: Jump - Up
13:56:43.046 [JavaFX Application Thread] DEBUG MenuEventHandler     - generateDefaultProfile()
13:56:43.046 [JavaFX Application Thread] DEBUG MenuEventHandler     - Creating default profile
13:56:43.047 [JavaFX Application Thread] DEBUG EventBus             - Firing event: SaveEvent
13:56:43.050 [JavaFX Application Thread] DEBUG AudioPlayer          - Saving data to profile
13:56:43.050 [JavaFX Application Thread] DEBUG Bundle               - Logging bundle: audio
13:56:43.050 [JavaFX Application Thread] DEBUG Bundle               - audio.musicVolume=0.5
13:56:43.050 [JavaFX Application Thread] DEBUG Bundle               - audio.soundVolume=0.5
13:56:43.051 [JavaFX Application Thread] DEBUG Input                - Saving data to profile
13:56:43.051 [JavaFX Application Thread] DEBUG Bundle               - Logging bundle: input
13:56:43.051 [JavaFX Application Thread] DEBUG Bundle               - input.Jump=Up
13:56:43.051 [JavaFX Application Thread] DEBUG Bundle               - input.Right=Right
13:56:43.051 [JavaFX Application Thread] DEBUG Bundle               - input.Screenshot=P
13:56:43.051 [JavaFX Application Thread] DEBUG Bundle               - input.System info dump=CTRL+9
13:56:43.052 [JavaFX Application Thread] DEBUG Bundle               - input.Restart=CTRL+R
13:56:43.052 [JavaFX Application Thread] DEBUG Bundle               - input.Dev Options=CTRL+0
13:56:43.052 [JavaFX Application Thread] DEBUG Bundle               - input.Left=Left
13:56:43.064 [JavaFX Application Thread] DEBUG Bundle               - Logging bundle: gameplayStats
13:56:43.064 [JavaFX Application Thread] DEBUG Bundle               - gameplayStats.playtime=0
13:56:43.066 [JavaFX Application Thread] DEBUG AchievementManager   - Saving data to profile
13:56:43.066 [JavaFX Application Thread] DEBUG Bundle               - Logging bundle: achievement
13:56:43.070 [JavaFX Application Thread] INFO  FXGL                 - FXGL initialization took: 2,502 sec
13:56:43.071 [JavaFX Application Thread] DEBUG LoopRunner           - Starting loop
13:56:43.117 [JavaFX Application Thread] DEBUG StartupState         - STARTUP
13:56:43.118 [JavaFX Application Thread] DEBUG Input                - Clearing active input actions
13:56:43.119 [JavaFX Application Thread] DEBUG AssetLoader          - Loading from disk: /assets/ui/css/fxgl_dark.css
13:56:43.150 [JavaFX Application Thread] DEBUG AppStateMachine      - StartupState -> MainMenuState
13:56:43.160 [JavaFX Application Thread] DEBUG AssetLoader          - Loading from cache: /assets/properties/languages/english.properties
13:56:43.160 [JavaFX Application Thread] DEBUG AssetLoader          - Loading from cache: /assets/ui/fonts/VarelaRound-Regular.ttf
13:56:43.160 [JavaFX Application Thread] DEBUG AssetLoader          - Loading from cache: /assets/properties/languages/english.properties
13:56:43.160 [JavaFX Application Thread] DEBUG AssetLoader          - Loading from cache: /assets/ui/fonts/VarelaRound-Regular.ttf
13:56:43.161 [JavaFX Application Thread] DEBUG AssetLoader          - Loading from cache: /assets/properties/languages/english.properties
13:56:43.161 [JavaFX Application Thread] DEBUG AssetLoader          - Loading from cache: /assets/ui/fonts/VarelaRound-Regular.ttf
13:56:43.167 [JavaFX Application Thread] DEBUG SaveLoadManager      - Checking profiles dir: profiles/
13:56:43.168 [JavaFX Application Thread] DEBUG SaveLoadManager      - Creating non-existent profiles dir
13:56:43.180 [JavaFX Application Thread] DEBUG SaveLoadManager      - Loading profile names
13:56:43.182 [JavaFX Application Thread] DEBUG AssetLoader          - Loading from cache: /assets/properties/languages/english.properties
13:56:43.185 [JavaFX Application Thread] DEBUG AssetLoader          - Loading from cache: /assets/ui/fonts/VarelaRound-Regular.ttf
13:56:43.186 [JavaFX Application Thread] DEBUG AssetLoader          - Loading from cache: /assets/ui/fonts/VarelaRound-Regular.ttf
13:56:43.186 [JavaFX Application Thread] DEBUG AppStateMachine      - Push state: DialogSubState
13:56:43.187 [JavaFX Application Thread] DEBUG Input                - Clearing active input actions
13:56:43.187 [JavaFX Application Thread] DEBUG AppStateMachine      - MainMenuState -> DialogSubState
13:56:43.337 [JavaFX Application Thread] DEBUG AppStateMachine      - Pop state: DialogSubState
13:56:43.337 [JavaFX Application Thread] DEBUG Input                - Clearing active input actions
13:56:43.338 [JavaFX Application Thread] DEBUG AppStateMachine      - MainMenuState <- DialogSubState
13:56:43.338 [JavaFX Application Thread] DEBUG AssetLoader          - Loading from cache: /assets/properties/languages/english.properties
13:56:43.339 [JavaFX Application Thread] DEBUG AssetLoader          - Loading from cache: /assets/ui/fonts/VarelaRound-Regular.ttf
13:56:43.341 [JavaFX Application Thread] DEBUG AssetLoader          - Loading from cache: /assets/ui/fonts/VarelaRound-Regular.ttf
13:56:43.341 [JavaFX Application Thread] DEBUG AppStateMachine      - Push state: DialogSubState
13:56:43.341 [JavaFX Application Thread] DEBUG Input                - Clearing active input actions
13:56:43.341 [JavaFX Application Thread] DEBUG AppStateMachine      - MainMenuState -> DialogSubState
13:56:47.824 [JavaFX Application Thread] DEBUG AppStateMachine      - Pop state: DialogSubState
13:56:47.824 [JavaFX Application Thread] DEBUG Input                - Clearing active input actions
13:56:47.826 [JavaFX Application Thread] DEBUG AppStateMachine      - MainMenuState <- DialogSubState
13:56:47.826 [JavaFX Application Thread] DEBUG AssetLoader          - Loading from cache: /assets/properties/languages/english.properties
13:56:47.832 [JavaFX Application Thread] DEBUG AssetLoader          - Loading from cache: /assets/ui/fonts/VarelaRound-Regular.ttf
13:56:47.844 [JavaFX Application Thread] DEBUG AssetLoader          - Loading from cache: /assets/ui/fonts/VarelaRound-Regular.ttf
13:56:47.845 [JavaFX Application Thread] DEBUG AssetLoader          - Loading from cache: /assets/ui/fonts/VarelaRound-Regular.ttf
13:56:47.845 [JavaFX Application Thread] DEBUG AssetLoader          - Loading from cache: /assets/properties/languages/english.properties
13:56:47.847 [JavaFX Application Thread] DEBUG AssetLoader          - Loading from cache: /assets/ui/fonts/VarelaRound-Regular.ttf
13:56:47.848 [JavaFX Application Thread] DEBUG AppStateMachine      - Push state: DialogSubState
13:56:47.848 [JavaFX Application Thread] DEBUG Input                - Clearing active input actions
13:56:47.848 [JavaFX Application Thread] DEBUG AppStateMachine      - MainMenuState -> DialogSubState
13:56:52.150 [JavaFX Application Thread] DEBUG AssetLoader          - Loading from cache: /assets/sounds/menu/select.wav
13:56:52.697 [JavaFX Application Thread] DEBUG AppStateMachine      - Pop state: DialogSubState
13:56:52.698 [JavaFX Application Thread] DEBUG Input                - Clearing active input actions
13:56:52.699 [JavaFX Application Thread] DEBUG AppStateMachine      - MainMenuState <- DialogSubState
13:56:52.699 [JavaFX Application Thread] DEBUG AssetLoader          - Loading from cache: /assets/properties/languages/english.properties
13:56:52.700 [JavaFX Application Thread] DEBUG AssetLoader          - Loading from cache: /assets/ui/fonts/VarelaRound-Regular.ttf
13:56:52.701 [JavaFX Application Thread] DEBUG AssetLoader          - Loading from cache: /assets/properties/languages/english.properties
13:56:52.701 [JavaFX Application Thread] DEBUG AssetLoader          - Loading from cache: /assets/ui/fonts/VarelaRound-Regular.ttf
13:56:52.702 [JavaFX Application Thread] DEBUG MenuEventHandler     - Creating default profile
13:56:52.702 [JavaFX Application Thread] DEBUG EventBus             - Firing event: SaveEvent
13:56:52.702 [JavaFX Application Thread] DEBUG AudioPlayer          - Saving data to profile
13:56:52.702 [JavaFX Application Thread] DEBUG Bundle               - Logging bundle: audio
13:56:52.703 [JavaFX Application Thread] DEBUG Bundle               - audio.musicVolume=0.5
13:56:52.703 [JavaFX Application Thread] DEBUG Bundle               - audio.soundVolume=0.5
13:56:52.703 [JavaFX Application Thread] DEBUG Input                - Saving data to profile
13:56:52.704 [JavaFX Application Thread] DEBUG Bundle               - Logging bundle: input
13:56:52.704 [JavaFX Application Thread] DEBUG Bundle               - input.Jump=Up
13:56:52.704 [JavaFX Application Thread] DEBUG Bundle               - input.Right=Right
13:56:52.704 [JavaFX Application Thread] DEBUG Bundle               - input.Screenshot=P
13:56:52.705 [JavaFX Application Thread] DEBUG Bundle               - input.System info dump=CTRL+9
13:56:52.705 [JavaFX Application Thread] DEBUG Bundle               - input.Restart=CTRL+R
13:56:52.705 [JavaFX Application Thread] DEBUG Bundle               - input.Dev Options=CTRL+0
13:56:52.706 [JavaFX Application Thread] DEBUG Bundle               - input.Left=Left
13:56:52.706 [JavaFX Application Thread] DEBUG Bundle               - Logging bundle: gameplayStats
13:56:52.706 [JavaFX Application Thread] DEBUG Bundle               - gameplayStats.playtime=0
13:56:52.707 [JavaFX Application Thread] DEBUG AchievementManager   - Saving data to profile
13:56:52.707 [JavaFX Application Thread] DEBUG Bundle               - Logging bundle: achievement
13:56:52.707 [JavaFX Application Thread] DEBUG SaveLoadManager      - Saving profile: Mathias
13:56:52.716 [JavaFX Application Thread] DEBUG DesktopFSService     - Creating directories to: .\profiles\Mathias
13:56:52.721 [JavaFX Application Thread] DEBUG DesktopFSService     - Writing to: .\profiles\Mathias\user.profile
13:56:52.745 [JavaFX Application Thread] DEBUG SaveLoadManager      - Creating non-existent saves dir
13:56:53.405 [JavaFX Application Thread] DEBUG AssetLoader          - Loading from cache: /assets/sounds/menu/select.wav
13:56:54.303 [JavaFX Application Thread] DEBUG FXGL.Menu            - fireNewGame()
13:56:54.304 [JavaFX Application Thread] DEBUG GameApplication      - Starting new game
13:56:54.304 [JavaFX Application Thread] DEBUG Input                - Clearing active input actions
13:56:54.304 [JavaFX Application Thread] DEBUG AssetLoader          - Loading from disk: /assets/ui/css/fxgl_dark.css
13:56:54.336 [JavaFX Application Thread] DEBUG AppStateMachine      - MainMenuState -> LoadingState
13:56:54.340 [FXGL Background Thread 1 ] DEBUG InitAppTask          - Clearing previous game
13:56:54.340 [FXGL Background Thread 1 ] DEBUG GameWorld            - Clearing game world
13:56:54.340 [FXGL Background Thread 1 ] DEBUG PhysicsWorld         - Clearing physics world
13:56:54.340 [FXGL Background Thread 1 ] DEBUG GameScene            - Clearing game scene
13:56:54.344 [FXGL Background Thread 1 ] DEBUG InitAppTask          - Initializing Game
13:56:54.370 [FXGL Background Thread 1 ] DEBUG AssetLoader          - Loading from disk: /assets/json/luigi.json
13:56:55.016 [FXGL Background Thread 1 ] DEBUG GameWorld            - Clearing removable entities
13:56:55.016 [FXGL Background Thread 1 ] DEBUG GameWorld            - Setting level from map
13:56:55.044 [FXGL Background Thread 1 ] DEBUG AssetLoader          - Loading from disk: /assets/textures/tiles_spritesheet.png
13:56:55.088 [FXGL Background Thread 1 ] DEBUG AssetLoader          - Loading from cache: /assets/textures/tiles_spritesheet.png
13:56:55.088 [FXGL Background Thread 1 ] DEBUG AssetLoader          - Loading from cache: /assets/textures/tiles_spritesheet.png
13:56:55.088 [FXGL Background Thread 1 ] DEBUG AssetLoader          - Loading from cache: /assets/textures/tiles_spritesheet.png
13:56:55.088 [FXGL Background Thread 1 ] DEBUG AssetLoader          - Loading from cache: /assets/textures/tiles_spritesheet.png
13:56:55.089 [FXGL Background Thread 1 ] DEBUG AssetLoader          - Loading from cache: /assets/textures/tiles_spritesheet.png
13:56:55.089 [FXGL Background Thread 1 ] DEBUG AssetLoader          - Loading from cache: /assets/textures/tiles_spritesheet.png
13:56:55.089 [FXGL Background Thread 1 ] DEBUG AssetLoader          - Loading from cache: /assets/textures/tiles_spritesheet.png
13:56:55.090 [FXGL Background Thread 1 ] DEBUG AssetLoader          - Loading from cache: /assets/textures/tiles_spritesheet.png
13:56:55.090 [FXGL Background Thread 1 ] DEBUG AssetLoader          - Loading from cache: /assets/textures/tiles_spritesheet.png
13:56:55.090 [FXGL Background Thread 1 ] DEBUG AssetLoader          - Loading from cache: /assets/textures/tiles_spritesheet.png
13:56:55.090 [FXGL Background Thread 1 ] DEBUG AssetLoader          - Loading from cache: /assets/textures/tiles_spritesheet.png
13:56:55.091 [FXGL Background Thread 1 ] DEBUG AssetLoader          - Loading from cache: /assets/textures/tiles_spritesheet.png
13:56:55.091 [FXGL Background Thread 1 ] DEBUG AssetLoader          - Loading from cache: /assets/textures/tiles_spritesheet.png
13:56:55.091 [FXGL Background Thread 1 ] DEBUG AssetLoader          - Loading from cache: /assets/textures/tiles_spritesheet.png
13:56:55.091 [FXGL Background Thread 1 ] DEBUG AssetLoader          - Loading from cache: /assets/textures/tiles_spritesheet.png
13:56:55.091 [FXGL Background Thread 1 ] DEBUG AssetLoader          - Loading from cache: /assets/textures/tiles_spritesheet.png
13:56:55.091 [FXGL Background Thread 1 ] DEBUG AssetLoader          - Loading from cache: /assets/textures/tiles_spritesheet.png
13:56:55.092 [FXGL Background Thread 1 ] DEBUG AssetLoader          - Loading from cache: /assets/textures/tiles_spritesheet.png
13:56:55.092 [FXGL Background Thread 1 ] DEBUG AssetLoader          - Loading from cache: /assets/textures/tiles_spritesheet.png
13:56:55.092 [FXGL Background Thread 1 ] DEBUG AssetLoader          - Loading from cache: /assets/textures/tiles_spritesheet.png
13:56:55.093 [FXGL Background Thread 1 ] DEBUG AssetLoader          - Loading from cache: /assets/textures/tiles_spritesheet.png
13:56:55.093 [FXGL Background Thread 1 ] DEBUG AssetLoader          - Loading from cache: /assets/textures/tiles_spritesheet.png
13:56:55.093 [FXGL Background Thread 1 ] DEBUG AssetLoader          - Loading from cache: /assets/textures/tiles_spritesheet.png
13:56:55.093 [FXGL Background Thread 1 ] DEBUG AssetLoader          - Loading from cache: /assets/textures/tiles_spritesheet.png
13:56:55.094 [FXGL Background Thread 1 ] DEBUG AssetLoader          - Loading from cache: /assets/textures/tiles_spritesheet.png
13:56:55.094 [FXGL Background Thread 1 ] DEBUG AssetLoader          - Loading from cache: /assets/textures/tiles_spritesheet.png
13:56:55.094 [FXGL Background Thread 1 ] DEBUG AssetLoader          - Loading from cache: /assets/textures/tiles_spritesheet.png
13:56:55.094 [FXGL Background Thread 1 ] DEBUG AssetLoader          - Loading from cache: /assets/textures/tiles_spritesheet.png
13:56:55.095 [FXGL Background Thread 1 ] DEBUG AssetLoader          - Loading from cache: /assets/textures/tiles_spritesheet.png
13:56:55.095 [FXGL Background Thread 1 ] DEBUG AssetLoader          - Loading from cache: /assets/textures/tiles_spritesheet.png
13:56:55.095 [FXGL Background Thread 1 ] DEBUG AssetLoader          - Loading from cache: /assets/textures/tiles_spritesheet.png
13:56:55.095 [FXGL Background Thread 1 ] DEBUG AssetLoader          - Loading from cache: /assets/textures/tiles_spritesheet.png
13:56:55.096 [FXGL Background Thread 1 ] DEBUG AssetLoader          - Loading from cache: /assets/textures/tiles_spritesheet.png
13:56:55.096 [FXGL Background Thread 1 ] DEBUG AssetLoader          - Loading from cache: /assets/textures/tiles_spritesheet.png
13:56:55.096 [FXGL Background Thread 1 ] DEBUG AssetLoader          - Loading from cache: /assets/textures/tiles_spritesheet.png
13:56:55.096 [FXGL Background Thread 1 ] DEBUG AssetLoader          - Loading from cache: /assets/textures/tiles_spritesheet.png
13:56:55.097 [FXGL Background Thread 1 ] DEBUG AssetLoader          - Loading from cache: /assets/textures/tiles_spritesheet.png
13:56:55.097 [FXGL Background Thread 1 ] DEBUG AssetLoader          - Loading from cache: /assets/textures/tiles_spritesheet.png
13:56:55.097 [FXGL Background Thread 1 ] DEBUG AssetLoader          - Loading from cache: /assets/textures/tiles_spritesheet.png
13:56:55.098 [FXGL Background Thread 1 ] DEBUG AssetLoader          - Loading from cache: /assets/textures/tiles_spritesheet.png
13:56:55.098 [FXGL Background Thread 1 ] DEBUG AssetLoader          - Loading from cache: /assets/textures/tiles_spritesheet.png
13:56:55.098 [FXGL Background Thread 1 ] DEBUG AssetLoader          - Loading from cache: /assets/textures/tiles_spritesheet.png
13:56:55.098 [FXGL Background Thread 1 ] DEBUG AssetLoader          - Loading from cache: /assets/textures/tiles_spritesheet.png
13:56:55.099 [FXGL Background Thread 1 ] DEBUG AssetLoader          - Loading from cache: /assets/textures/tiles_spritesheet.png
13:56:55.099 [FXGL Background Thread 1 ] DEBUG AssetLoader          - Loading from cache: /assets/textures/tiles_spritesheet.png
13:56:55.099 [FXGL Background Thread 1 ] DEBUG AssetLoader          - Loading from cache: /assets/textures/tiles_spritesheet.png
13:56:55.099 [FXGL Background Thread 1 ] DEBUG AssetLoader          - Loading from cache: /assets/textures/tiles_spritesheet.png
13:56:55.100 [FXGL Background Thread 1 ] DEBUG AssetLoader          - Loading from cache: /assets/textures/tiles_spritesheet.png
13:56:55.100 [FXGL Background Thread 1 ] DEBUG AssetLoader          - Loading from cache: /assets/textures/tiles_spritesheet.png
13:56:55.100 [FXGL Background Thread 1 ] DEBUG AssetLoader          - Loading from cache: /assets/textures/tiles_spritesheet.png
13:56:55.100 [FXGL Background Thread 1 ] DEBUG AssetLoader          - Loading from cache: /assets/textures/tiles_spritesheet.png
13:56:55.101 [FXGL Background Thread 1 ] DEBUG AssetLoader          - Loading from cache: /assets/textures/tiles_spritesheet.png
13:56:55.101 [FXGL Background Thread 1 ] DEBUG AssetLoader          - Loading from cache: /assets/textures/tiles_spritesheet.png
13:56:55.101 [FXGL Background Thread 1 ] DEBUG AssetLoader          - Loading from cache: /assets/textures/tiles_spritesheet.png
13:56:55.101 [FXGL Background Thread 1 ] DEBUG AssetLoader          - Loading from cache: /assets/textures/tiles_spritesheet.png
13:56:55.102 [FXGL Background Thread 1 ] DEBUG AssetLoader          - Loading from cache: /assets/textures/tiles_spritesheet.png
13:56:55.102 [FXGL Background Thread 1 ] DEBUG AssetLoader          - Loading from cache: /assets/textures/tiles_spritesheet.png
13:56:55.102 [FXGL Background Thread 1 ] DEBUG AssetLoader          - Loading from cache: /assets/textures/tiles_spritesheet.png
13:56:55.102 [FXGL Background Thread 1 ] DEBUG AssetLoader          - Loading from cache: /assets/textures/tiles_spritesheet.png
13:56:55.103 [FXGL Background Thread 1 ] DEBUG AssetLoader          - Loading from cache: /assets/textures/tiles_spritesheet.png
13:56:55.103 [FXGL Background Thread 1 ] DEBUG AssetLoader          - Loading from cache: /assets/textures/tiles_spritesheet.png
13:56:55.103 [FXGL Background Thread 1 ] DEBUG AssetLoader          - Loading from cache: /assets/textures/tiles_spritesheet.png
13:56:55.103 [FXGL Background Thread 1 ] DEBUG AssetLoader          - Loading from cache: /assets/textures/tiles_spritesheet.png
13:56:55.104 [FXGL Background Thread 1 ] DEBUG AssetLoader          - Loading from cache: /assets/textures/tiles_spritesheet.png
13:56:55.104 [FXGL Background Thread 1 ] DEBUG AssetLoader          - Loading from cache: /assets/textures/tiles_spritesheet.png
13:56:55.104 [FXGL Background Thread 1 ] DEBUG AssetLoader          - Loading from cache: /assets/textures/tiles_spritesheet.png
13:56:55.104 [FXGL Background Thread 1 ] DEBUG AssetLoader          - Loading from cache: /assets/textures/tiles_spritesheet.png
13:56:55.105 [FXGL Background Thread 1 ] DEBUG AssetLoader          - Loading from cache: /assets/textures/tiles_spritesheet.png
13:56:55.105 [FXGL Background Thread 1 ] DEBUG AssetLoader          - Loading from cache: /assets/textures/tiles_spritesheet.png
13:56:55.105 [FXGL Background Thread 1 ] DEBUG AssetLoader          - Loading from cache: /assets/textures/tiles_spritesheet.png
13:56:55.105 [FXGL Background Thread 1 ] DEBUG AssetLoader          - Loading from cache: /assets/textures/tiles_spritesheet.png
13:56:55.105 [FXGL Background Thread 1 ] DEBUG AssetLoader          - Loading from cache: /assets/textures/tiles_spritesheet.png
13:56:55.106 [FXGL Background Thread 1 ] DEBUG AssetLoader          - Loading from cache: /assets/textures/tiles_spritesheet.png
13:56:55.106 [FXGL Background Thread 1 ] DEBUG AssetLoader          - Loading from cache: /assets/textures/tiles_spritesheet.png
13:56:55.106 [FXGL Background Thread 1 ] DEBUG AssetLoader          - Loading from cache: /assets/textures/tiles_spritesheet.png
13:56:55.109 [FXGL Background Thread 1 ] DEBUG GameScene            - Creating render group for layer: BACKGROUND(1000)
13:56:55.122 [FXGL Background Thread 1 ] DEBUG GameScene            - Creating render group for layer: DEFAULT(100000)
13:56:55.278 [FXGL Background Thread 1 ] DEBUG AssetLoader          - Loading from disk: /assets/textures/luigiwalk.png
13:56:55.280 [FXGL Background Thread 1 ] DEBUG AssetLoader          - Loading from cache: /assets/textures/luigiwalk.png
13:56:55.280 [FXGL Background Thread 1 ] DEBUG AssetLoader          - Loading from disk: /assets/textures/luigihop.png
13:56:55.284 [FXGL Background Thread 1 ] DEBUG AssetLoader          - Loading from disk: /assets/textures/enemyjump.png
13:56:55.288 [FXGL Background Thread 1 ] DEBUG AssetLoader          - Loading from cache: /assets/textures/enemyjump.png
13:56:55.290 [FXGL Background Thread 1 ] DEBUG AssetLoader          - Loading from cache: /assets/textures/enemyjump.png
13:56:55.291 [FXGL Background Thread 1 ] DEBUG InitAppTask          - Initializing Physics
13:56:55.293 [FXGL Background Thread 1 ] DEBUG InitAppTask          - Initializing UI
13:56:55.294 [FXGL Background Thread 1 ] DEBUG AssetLoader          - Loading from cache: /assets/ui/fonts/VarelaRound-Regular.ttf
13:56:55.294 [FXGL Background Thread 1 ] DEBUG AssetLoader          - Loading from cache: /assets/ui/fonts/VarelaRound-Regular.ttf
13:56:55.296 [FXGL Background Thread 1 ] DEBUG InitAppTask          - Initialization Complete
13:56:55.297 [FXGL Background Thread 1 ] INFO  InitAppTask          - Game initialization took: 0,957 sec
13:56:55.302 [JavaFX Application Thread] DEBUG Input                - Clearing active input actions
13:56:55.302 [JavaFX Application Thread] DEBUG AssetLoader          - Loading from disk: /assets/ui/css/fxgl_dark.css
13:56:55.315 [JavaFX Application Thread] DEBUG AppStateMachine      - LoadingState -> PlayState
13:57:00.132 [JavaFX Application Thread] DEBUG AssetLoader          - Loading from cache: /assets/sounds/smw_jump.wav
13:57:01.974 [JavaFX Application Thread] DEBUG AssetLoader          - Loading from cache: /assets/sounds/smw_coin.wav
13:57:02.548 [JavaFX Application Thread] DEBUG AssetLoader          - Loading from cache: /assets/sounds/smw_jump.wav
13:57:03.248 [JavaFX Application Thread] DEBUG AssetLoader          - Loading from cache: /assets/sounds/smw_jump.wav
13:57:07.708 [JavaFX Application Thread] DEBUG AssetLoader          - Loading from cache: /assets/sounds/smw_jump.wav
13:57:08.334 [JavaFX Application Thread] DEBUG AssetLoader          - Loading from cache: /assets/sounds/smw_jump.wav
13:57:09.590 [JavaFX Application Thread] DEBUG AssetLoader          - Loading from cache: /assets/sounds/smw_coin.wav
13:57:10.019 [JavaFX Application Thread] DEBUG AssetLoader          - Loading from cache: /assets/sounds/smw_jump.wav
13:57:11.249 [JavaFX Application Thread] DEBUG AssetLoader          - Loading from cache: /assets/sounds/smw_jump.wav
13:57:12.437 [JavaFX Application Thread] DEBUG AssetLoader          - Loading from cache: /assets/sounds/smw_coin.wav
13:57:14.483 [JavaFX Application Thread] DEBUG AssetLoader          - Loading from cache: /assets/sounds/smw_jump.wav
13:57:16.647 [JavaFX Application Thread] DEBUG AssetLoader          - Loading from cache: /assets/sounds/smw_coin.wav
13:57:18.356 [JavaFX Application Thread] DEBUG AssetLoader          - Loading from cache: /assets/sounds/smw_jump.wav
13:57:18.662 [JavaFX Application Thread] DEBUG AssetLoader          - Loading from cache: /assets/sounds/smw_coin.wav
13:57:19.980 [JavaFX Application Thread] DEBUG AssetLoader          - Loading from cache: /assets/sounds/smw_jump.wav
13:57:21.000 [JavaFX Application Thread] DEBUG AssetLoader          - Loading from cache: /assets/sounds/smw_jump.wav
13:57:21.996 [JavaFX Application Thread] DEBUG AssetLoader          - Loading from cache: /assets/sounds/smw_jump.wav
13:57:22.697 [JavaFX Application Thread] DEBUG AssetLoader          - Loading from cache: /assets/sounds/smw_jump.wav
13:57:25.549 [JavaFX Application Thread] DEBUG AssetLoader          - Loading from cache: /assets/sounds/smw_jump.wav
13:57:27.125 [JavaFX Application Thread] DEBUG AssetLoader          - Loading from cache: /assets/sounds/smw_jump.wav
13:57:28.505 [JavaFX Application Thread] DEBUG AssetLoader          - Loading from cache: /assets/sounds/smw_jump.wav
13:57:28.907 [JavaFX Application Thread] DEBUG AssetLoader          - Loading from cache: /assets/sounds/smw_jump.wav
13:57:30.199 [JavaFX Application Thread] DEBUG AssetLoader          - Loading from cache: /assets/sounds/smw_jump.wav
13:57:31.478 [JavaFX Application Thread] DEBUG AssetLoader          - Loading from cache: /assets/sounds/smw_coin.wav
13:57:31.888 [JavaFX Application Thread] DEBUG AssetLoader          - Loading from cache: /assets/sounds/smw_jump.wav
13:57:32.801 [JavaFX Application Thread] DEBUG AssetLoader          - Loading from cache: /assets/sounds/smw_jump.wav
13:57:33.392 [JavaFX Application Thread] DEBUG AssetLoader          - Loading from cache: /assets/sounds/smw_jump.wav
13:57:33.678 [JavaFX Application Thread] DEBUG AssetLoader          - Loading from cache: /assets/sounds/smw_jump.wav
13:57:34.485 [JavaFX Application Thread] DEBUG AssetLoader          - Loading from cache: /assets/sounds/smw_coin.wav
13:57:34.897 [JavaFX Application Thread] DEBUG AssetLoader          - Loading from cache: /assets/sounds/smw_jump.wav
13:57:38.863 [JavaFX Application Thread] DEBUG AssetLoader          - Loading from cache: /assets/sounds/smw_jump.wav
13:57:40.213 [JavaFX Application Thread] DEBUG AssetLoader          - Loading from cache: /assets/sounds/smw_coin.wav
13:57:40.294 [JavaFX Application Thread] DEBUG AssetLoader          - Loading from cache: /assets/sounds/smw_jump.wav
13:57:41.996 [JavaFX Application Thread] DEBUG AssetLoader          - Loading from cache: /assets/ui/fonts/VarelaRound-Regular.ttf
13:57:41.997 [JavaFX Application Thread] DEBUG AssetLoader          - Loading from cache: /assets/ui/fonts/VarelaRound-Regular.ttf
13:57:41.998 [JavaFX Application Thread] DEBUG AssetLoader          - Loading from cache: /assets/properties/languages/english.properties
13:57:41.999 [JavaFX Application Thread] DEBUG AssetLoader          - Loading from cache: /assets/ui/fonts/VarelaRound-Regular.ttf
13:57:42.000 [JavaFX Application Thread] DEBUG AppStateMachine      - Push state: DialogSubState
13:57:42.000 [JavaFX Application Thread] DEBUG Input                - Clearing active input actions
13:57:42.000 [JavaFX Application Thread] DEBUG AppStateMachine      - PlayState -> DialogSubState
13:57:42.004 [JavaFX Application Thread] DEBUG AssetLoader          - Loading from disk: /assets/json/luigi2.json
13:57:42.016 [JavaFX Application Thread] DEBUG GameWorld            - Clearing removable entities
13:57:42.024 [JavaFX Application Thread] DEBUG GameWorld            - Setting level from map
13:57:42.031 [JavaFX Application Thread] DEBUG AssetLoader          - Loading from cache: /assets/textures/tiles_spritesheet.png
13:57:42.032 [JavaFX Application Thread] DEBUG AssetLoader          - Loading from cache: /assets/textures/tiles_spritesheet.png
13:57:42.033 [JavaFX Application Thread] DEBUG AssetLoader          - Loading from cache: /assets/textures/tiles_spritesheet.png
13:57:42.033 [JavaFX Application Thread] DEBUG AssetLoader          - Loading from cache: /assets/textures/tiles_spritesheet.png
13:57:42.033 [JavaFX Application Thread] DEBUG AssetLoader          - Loading from cache: /assets/textures/tiles_spritesheet.png
13:57:42.033 [JavaFX Application Thread] DEBUG AssetLoader          - Loading from cache: /assets/textures/tiles_spritesheet.png
13:57:42.034 [JavaFX Application Thread] DEBUG AssetLoader          - Loading from cache: /assets/textures/tiles_spritesheet.png
13:57:42.034 [JavaFX Application Thread] DEBUG AssetLoader          - Loading from cache: /assets/textures/tiles_spritesheet.png
13:57:42.034 [JavaFX Application Thread] DEBUG AssetLoader          - Loading from cache: /assets/textures/tiles_spritesheet.png
13:57:42.034 [JavaFX Application Thread] DEBUG AssetLoader          - Loading from cache: /assets/textures/tiles_spritesheet.png
13:57:42.034 [JavaFX Application Thread] DEBUG AssetLoader          - Loading from cache: /assets/textures/tiles_spritesheet.png
13:57:42.035 [JavaFX Application Thread] DEBUG AssetLoader          - Loading from cache: /assets/textures/tiles_spritesheet.png
13:57:42.035 [JavaFX Application Thread] DEBUG AssetLoader          - Loading from cache: /assets/textures/tiles_spritesheet.png
13:57:42.035 [JavaFX Application Thread] DEBUG AssetLoader          - Loading from cache: /assets/textures/tiles_spritesheet.png
13:57:42.035 [JavaFX Application Thread] DEBUG AssetLoader          - Loading from cache: /assets/textures/tiles_spritesheet.png
13:57:42.036 [JavaFX Application Thread] DEBUG AssetLoader          - Loading from cache: /assets/textures/tiles_spritesheet.png
13:57:42.036 [JavaFX Application Thread] DEBUG AssetLoader          - Loading from cache: /assets/textures/tiles_spritesheet.png
13:57:42.036 [JavaFX Application Thread] DEBUG AssetLoader          - Loading from cache: /assets/textures/tiles_spritesheet.png
13:57:42.036 [JavaFX Application Thread] DEBUG AssetLoader          - Loading from cache: /assets/textures/tiles_spritesheet.png
13:57:42.036 [JavaFX Application Thread] DEBUG AssetLoader          - Loading from cache: /assets/textures/tiles_spritesheet.png
13:57:42.037 [JavaFX Application Thread] DEBUG AssetLoader          - Loading from cache: /assets/textures/tiles_spritesheet.png
13:57:42.037 [JavaFX Application Thread] DEBUG AssetLoader          - Loading from cache: /assets/textures/tiles_spritesheet.png
13:57:42.037 [JavaFX Application Thread] DEBUG AssetLoader          - Loading from cache: /assets/textures/tiles_spritesheet.png
13:57:42.037 [JavaFX Application Thread] DEBUG AssetLoader          - Loading from cache: /assets/textures/tiles_spritesheet.png
13:57:42.037 [JavaFX Application Thread] DEBUG AssetLoader          - Loading from cache: /assets/textures/tiles_spritesheet.png
13:57:42.038 [JavaFX Application Thread] DEBUG AssetLoader          - Loading from cache: /assets/textures/tiles_spritesheet.png
13:57:42.038 [JavaFX Application Thread] DEBUG AssetLoader          - Loading from cache: /assets/textures/tiles_spritesheet.png
13:57:42.038 [JavaFX Application Thread] DEBUG AssetLoader          - Loading from cache: /assets/textures/tiles_spritesheet.png
13:57:42.038 [JavaFX Application Thread] DEBUG AssetLoader          - Loading from cache: /assets/textures/tiles_spritesheet.png
13:57:42.038 [JavaFX Application Thread] DEBUG AssetLoader          - Loading from cache: /assets/textures/tiles_spritesheet.png
13:57:42.039 [JavaFX Application Thread] DEBUG AssetLoader          - Loading from cache: /assets/textures/tiles_spritesheet.png
13:57:42.039 [JavaFX Application Thread] DEBUG AssetLoader          - Loading from cache: /assets/textures/tiles_spritesheet.png
13:57:42.039 [JavaFX Application Thread] DEBUG AssetLoader          - Loading from cache: /assets/textures/tiles_spritesheet.png
13:57:42.039 [JavaFX Application Thread] DEBUG AssetLoader          - Loading from cache: /assets/textures/tiles_spritesheet.png
13:57:42.039 [JavaFX Application Thread] DEBUG AssetLoader          - Loading from cache: /assets/textures/tiles_spritesheet.png
13:57:42.040 [JavaFX Application Thread] DEBUG AssetLoader          - Loading from cache: /assets/textures/tiles_spritesheet.png
13:57:42.040 [JavaFX Application Thread] DEBUG AssetLoader          - Loading from cache: /assets/textures/tiles_spritesheet.png
13:57:42.040 [JavaFX Application Thread] DEBUG AssetLoader          - Loading from cache: /assets/textures/tiles_spritesheet.png
13:57:42.040 [JavaFX Application Thread] DEBUG AssetLoader          - Loading from cache: /assets/textures/tiles_spritesheet.png
13:57:42.041 [JavaFX Application Thread] DEBUG AssetLoader          - Loading from cache: /assets/textures/tiles_spritesheet.png
13:57:42.041 [JavaFX Application Thread] DEBUG AssetLoader          - Loading from cache: /assets/textures/tiles_spritesheet.png
13:57:42.041 [JavaFX Application Thread] DEBUG AssetLoader          - Loading from cache: /assets/textures/tiles_spritesheet.png
13:57:42.041 [JavaFX Application Thread] DEBUG AssetLoader          - Loading from cache: /assets/textures/tiles_spritesheet.png
13:57:42.041 [JavaFX Application Thread] DEBUG AssetLoader          - Loading from cache: /assets/textures/tiles_spritesheet.png
13:57:42.042 [JavaFX Application Thread] DEBUG AssetLoader          - Loading from cache: /assets/textures/tiles_spritesheet.png
13:57:42.042 [JavaFX Application Thread] DEBUG AssetLoader          - Loading from cache: /assets/textures/tiles_spritesheet.png
13:57:42.042 [JavaFX Application Thread] DEBUG AssetLoader          - Loading from cache: /assets/textures/tiles_spritesheet.png
13:57:42.042 [JavaFX Application Thread] DEBUG AssetLoader          - Loading from cache: /assets/textures/tiles_spritesheet.png
13:57:42.043 [JavaFX Application Thread] DEBUG AssetLoader          - Loading from cache: /assets/textures/tiles_spritesheet.png
13:57:42.043 [JavaFX Application Thread] DEBUG AssetLoader          - Loading from cache: /assets/textures/tiles_spritesheet.png
13:57:42.043 [JavaFX Application Thread] DEBUG AssetLoader          - Loading from cache: /assets/textures/tiles_spritesheet.png
13:57:42.043 [JavaFX Application Thread] DEBUG AssetLoader          - Loading from cache: /assets/textures/tiles_spritesheet.png
13:57:42.043 [JavaFX Application Thread] DEBUG AssetLoader          - Loading from cache: /assets/textures/tiles_spritesheet.png
13:57:42.044 [JavaFX Application Thread] DEBUG AssetLoader          - Loading from cache: /assets/textures/tiles_spritesheet.png
13:57:42.044 [JavaFX Application Thread] DEBUG AssetLoader          - Loading from cache: /assets/textures/tiles_spritesheet.png
13:57:42.044 [JavaFX Application Thread] DEBUG AssetLoader          - Loading from cache: /assets/textures/tiles_spritesheet.png
13:57:42.044 [JavaFX Application Thread] DEBUG AssetLoader          - Loading from cache: /assets/textures/tiles_spritesheet.png
13:57:42.045 [JavaFX Application Thread] DEBUG AssetLoader          - Loading from cache: /assets/textures/tiles_spritesheet.png
13:57:42.045 [JavaFX Application Thread] DEBUG AssetLoader          - Loading from cache: /assets/textures/tiles_spritesheet.png
13:57:42.045 [JavaFX Application Thread] DEBUG AssetLoader          - Loading from cache: /assets/textures/tiles_spritesheet.png
13:57:42.045 [JavaFX Application Thread] DEBUG AssetLoader          - Loading from cache: /assets/textures/tiles_spritesheet.png
13:57:42.045 [JavaFX Application Thread] DEBUG AssetLoader          - Loading from cache: /assets/textures/tiles_spritesheet.png
13:57:42.046 [JavaFX Application Thread] DEBUG AssetLoader          - Loading from cache: /assets/textures/tiles_spritesheet.png
13:57:42.046 [JavaFX Application Thread] DEBUG AssetLoader          - Loading from cache: /assets/textures/tiles_spritesheet.png
13:57:42.046 [JavaFX Application Thread] DEBUG AssetLoader          - Loading from cache: /assets/textures/tiles_spritesheet.png
13:57:42.046 [JavaFX Application Thread] DEBUG AssetLoader          - Loading from cache: /assets/textures/tiles_spritesheet.png
13:57:42.047 [JavaFX Application Thread] DEBUG AssetLoader          - Loading from cache: /assets/textures/tiles_spritesheet.png
13:57:42.047 [JavaFX Application Thread] DEBUG AssetLoader          - Loading from cache: /assets/textures/tiles_spritesheet.png
13:57:42.047 [JavaFX Application Thread] DEBUG AssetLoader          - Loading from cache: /assets/textures/tiles_spritesheet.png
13:57:42.047 [JavaFX Application Thread] DEBUG AssetLoader          - Loading from cache: /assets/textures/tiles_spritesheet.png
13:57:42.047 [JavaFX Application Thread] DEBUG AssetLoader          - Loading from cache: /assets/textures/tiles_spritesheet.png
13:57:42.048 [JavaFX Application Thread] DEBUG AssetLoader          - Loading from cache: /assets/textures/tiles_spritesheet.png
13:57:42.048 [JavaFX Application Thread] DEBUG AssetLoader          - Loading from cache: /assets/textures/tiles_spritesheet.png
13:57:42.048 [JavaFX Application Thread] DEBUG AssetLoader          - Loading from cache: /assets/textures/tiles_spritesheet.png
13:57:42.048 [JavaFX Application Thread] DEBUG AssetLoader          - Loading from cache: /assets/textures/tiles_spritesheet.png
13:57:42.048 [JavaFX Application Thread] DEBUG AssetLoader          - Loading from cache: /assets/textures/tiles_spritesheet.png
13:57:42.049 [JavaFX Application Thread] DEBUG AssetLoader          - Loading from cache: /assets/textures/tiles_spritesheet.png
13:57:42.049 [JavaFX Application Thread] DEBUG AssetLoader          - Loading from cache: /assets/textures/tiles_spritesheet.png
13:57:42.049 [JavaFX Application Thread] DEBUG AssetLoader          - Loading from cache: /assets/textures/tiles_spritesheet.png
13:57:42.049 [JavaFX Application Thread] DEBUG AssetLoader          - Loading from cache: /assets/textures/tiles_spritesheet.png
13:57:42.049 [JavaFX Application Thread] DEBUG AssetLoader          - Loading from cache: /assets/textures/tiles_spritesheet.png
13:57:42.050 [JavaFX Application Thread] DEBUG AssetLoader          - Loading from cache: /assets/textures/tiles_spritesheet.png
13:57:42.050 [JavaFX Application Thread] DEBUG AssetLoader          - Loading from cache: /assets/textures/tiles_spritesheet.png
13:57:42.050 [JavaFX Application Thread] DEBUG AssetLoader          - Loading from cache: /assets/textures/tiles_spritesheet.png
13:57:42.051 [JavaFX Application Thread] DEBUG AssetLoader          - Loading from cache: /assets/textures/tiles_spritesheet.png
13:57:42.051 [JavaFX Application Thread] DEBUG AssetLoader          - Loading from cache: /assets/textures/tiles_spritesheet.png
13:57:42.051 [JavaFX Application Thread] DEBUG AssetLoader          - Loading from cache: /assets/textures/tiles_spritesheet.png
13:57:42.051 [JavaFX Application Thread] DEBUG AssetLoader          - Loading from cache: /assets/textures/tiles_spritesheet.png
13:57:42.051 [JavaFX Application Thread] DEBUG AssetLoader          - Loading from cache: /assets/textures/tiles_spritesheet.png
13:57:42.052 [JavaFX Application Thread] DEBUG AssetLoader          - Loading from cache: /assets/textures/tiles_spritesheet.png
13:57:42.052 [JavaFX Application Thread] DEBUG AssetLoader          - Loading from cache: /assets/textures/tiles_spritesheet.png
13:57:42.052 [JavaFX Application Thread] DEBUG AssetLoader          - Loading from cache: /assets/textures/tiles_spritesheet.png
13:57:42.052 [JavaFX Application Thread] DEBUG AssetLoader          - Loading from cache: /assets/textures/tiles_spritesheet.png
13:57:42.052 [JavaFX Application Thread] DEBUG AssetLoader          - Loading from cache: /assets/textures/tiles_spritesheet.png
13:57:42.053 [JavaFX Application Thread] DEBUG AssetLoader          - Loading from cache: /assets/textures/tiles_spritesheet.png
13:57:42.053 [JavaFX Application Thread] DEBUG AssetLoader          - Loading from cache: /assets/textures/tiles_spritesheet.png
13:57:42.053 [JavaFX Application Thread] DEBUG AssetLoader          - Loading from cache: /assets/textures/tiles_spritesheet.png
13:57:42.053 [JavaFX Application Thread] DEBUG AssetLoader          - Loading from cache: /assets/textures/tiles_spritesheet.png
13:57:42.053 [JavaFX Application Thread] DEBUG AssetLoader          - Loading from cache: /assets/textures/tiles_spritesheet.png
13:57:42.054 [JavaFX Application Thread] DEBUG AssetLoader          - Loading from cache: /assets/textures/tiles_spritesheet.png
13:57:42.096 [JavaFX Application Thread] DEBUG AssetLoader          - Loading from cache: /assets/textures/luigiwalk.png
13:57:42.096 [JavaFX Application Thread] DEBUG AssetLoader          - Loading from cache: /assets/textures/luigiwalk.png
13:57:42.097 [JavaFX Application Thread] DEBUG AssetLoader          - Loading from cache: /assets/textures/luigihop.png
13:57:42.098 [JavaFX Application Thread] DEBUG AssetLoader          - Loading from cache: /assets/textures/enemyjump.png
13:57:42.099 [JavaFX Application Thread] DEBUG AssetLoader          - Loading from cache: /assets/textures/enemyjump.png
13:57:42.102 [JavaFX Application Thread] DEBUG AssetLoader          - Loading from disk: /assets/textures/enemywalker.png
13:57:43.186 [JavaFX Application Thread] DEBUG AssetLoader          - Loading from cache: /assets/sounds/menu/select.wav
13:57:43.689 [JavaFX Application Thread] DEBUG AssetLoader          - Loading from cache: /assets/sounds/menu/select.wav
13:57:44.426 [JavaFX Application Thread] DEBUG AppStateMachine      - Pop state: DialogSubState
13:57:44.427 [JavaFX Application Thread] DEBUG Input                - Clearing active input actions
13:57:44.428 [JavaFX Application Thread] DEBUG AppStateMachine      - PlayState <- DialogSubState
13:59:41.924 [JavaFX Application Thread] DEBUG LoopRunner           - Pausing loop
14:03:46.548 [JavaFX Application Thread] DEBUG LoopRunner           - Resuming loop
14:03:51.070 [JavaFX Application Thread] DEBUG Input                - Clearing active input actions
14:03:51.071 [JavaFX Application Thread] DEBUG AssetLoader          - Loading from disk: /assets/ui/css/fxgl_dark.css
14:03:51.086 [JavaFX Application Thread] DEBUG AppStateMachine      - PlayState -> GameMenuState
14:03:51.875 [JavaFX Application Thread] DEBUG AssetLoader          - Loading from cache: /assets/sounds/menu/select.wav
14:03:51.975 [JavaFX Application Thread] DEBUG AssetLoader          - Loading from cache: /assets/sounds/menu/select.wav
14:03:52.261 [JavaFX Application Thread] DEBUG AssetLoader          - Loading from cache: /assets/sounds/menu/select.wav
14:03:52.612 [JavaFX Application Thread] DEBUG FXGL.Menu            - fireExitToMainMenu()
14:03:52.612 [JavaFX Application Thread] DEBUG AssetLoader          - Loading from cache: /assets/properties/languages/english.properties
14:03:52.612 [JavaFX Application Thread] DEBUG AssetLoader          - Loading from cache: /assets/properties/languages/english.properties
14:03:52.616 [JavaFX Application Thread] DEBUG AssetLoader          - Loading from cache: /assets/ui/fonts/VarelaRound-Regular.ttf
14:03:52.616 [JavaFX Application Thread] DEBUG AssetLoader          - Loading from cache: /assets/ui/fonts/VarelaRound-Regular.ttf
14:03:52.616 [JavaFX Application Thread] DEBUG AssetLoader          - Loading from cache: /assets/properties/languages/english.properties
14:03:52.617 [JavaFX Application Thread] DEBUG AssetLoader          - Loading from cache: /assets/ui/fonts/VarelaRound-Regular.ttf
14:03:52.617 [JavaFX Application Thread] DEBUG AssetLoader          - Loading from cache: /assets/properties/languages/english.properties
14:03:52.618 [JavaFX Application Thread] DEBUG AssetLoader          - Loading from cache: /assets/ui/fonts/VarelaRound-Regular.ttf
14:03:52.619 [JavaFX Application Thread] DEBUG AppStateMachine      - Push state: DialogSubState
14:03:52.619 [JavaFX Application Thread] DEBUG Input                - Clearing active input actions
14:03:52.619 [JavaFX Application Thread] DEBUG AppStateMachine      - GameMenuState -> DialogSubState
14:03:52.622 [JavaFX Application Thread] DEBUG AssetLoader          - Loading from cache: /assets/sounds/menu/press.wav
14:03:53.516 [JavaFX Application Thread] DEBUG AssetLoader          - Loading from cache: /assets/sounds/menu/select.wav
14:03:54.018 [JavaFX Application Thread] DEBUG AppStateMachine      - Pop state: DialogSubState
14:03:54.019 [JavaFX Application Thread] DEBUG Input                - Clearing active input actions
14:03:54.020 [JavaFX Application Thread] DEBUG AppStateMachine      - GameMenuState <- DialogSubState
14:03:54.020 [JavaFX Application Thread] DEBUG Input                - Clearing active input actions
14:03:54.036 [JavaFX Application Thread] DEBUG AppStateMachine      - GameMenuState -> MainMenuState
14:03:54.853 [JavaFX Application Thread] DEBUG AssetLoader          - Loading from cache: /assets/sounds/menu/select.wav
14:03:54.874 [JavaFX Application Thread] DEBUG AssetLoader          - Loading from cache: /assets/sounds/menu/select.wav
14:03:55.542 [JavaFX Application Thread] DEBUG FXGL.Menu            - fireExit()
14:03:55.543 [JavaFX Application Thread] DEBUG AssetLoader          - Loading from cache: /assets/properties/languages/english.properties
14:03:55.544 [JavaFX Application Thread] DEBUG AssetLoader          - Loading from cache: /assets/ui/fonts/VarelaRound-Regular.ttf
14:03:55.544 [JavaFX Application Thread] DEBUG AssetLoader          - Loading from cache: /assets/ui/fonts/VarelaRound-Regular.ttf
14:03:55.544 [JavaFX Application Thread] DEBUG AssetLoader          - Loading from cache: /assets/properties/languages/english.properties
14:03:55.544 [JavaFX Application Thread] DEBUG AssetLoader          - Loading from cache: /assets/ui/fonts/VarelaRound-Regular.ttf
14:03:55.544 [JavaFX Application Thread] DEBUG AssetLoader          - Loading from cache: /assets/properties/languages/english.properties
14:03:55.545 [JavaFX Application Thread] DEBUG AssetLoader          - Loading from cache: /assets/ui/fonts/VarelaRound-Regular.ttf
14:03:55.545 [JavaFX Application Thread] DEBUG AppStateMachine      - Push state: DialogSubState
14:03:55.545 [JavaFX Application Thread] DEBUG Input                - Clearing active input actions
14:03:55.546 [JavaFX Application Thread] DEBUG AppStateMachine      - MainMenuState -> DialogSubState
14:03:55.547 [JavaFX Application Thread] DEBUG AssetLoader          - Loading from cache: /assets/sounds/menu/press.wav
14:03:56.262 [JavaFX Application Thread] DEBUG AssetLoader          - Loading from cache: /assets/sounds/menu/select.wav
14:03:56.826 [JavaFX Application Thread] DEBUG AppStateMachine      - Pop state: DialogSubState
14:03:56.826 [JavaFX Application Thread] DEBUG Input                - Clearing active input actions
14:03:56.827 [JavaFX Application Thread] DEBUG AppStateMachine      - MainMenuState <- DialogSubState
14:03:56.828 [JavaFX Application Thread] DEBUG FXGL                 - Exiting FXGL
14:03:56.828 [JavaFX Application Thread] DEBUG MenuEventHandler     - Creating default profile
14:03:56.828 [JavaFX Application Thread] DEBUG EventBus             - Firing event: SaveEvent
14:03:56.828 [JavaFX Application Thread] DEBUG AudioPlayer          - Saving data to profile
14:03:56.829 [JavaFX Application Thread] DEBUG Bundle               - Logging bundle: audio
14:03:56.829 [JavaFX Application Thread] DEBUG Bundle               - audio.musicVolume=0.5
14:03:56.829 [JavaFX Application Thread] DEBUG Bundle               - audio.soundVolume=0.5
14:03:56.830 [JavaFX Application Thread] DEBUG Input                - Saving data to profile
14:03:56.830 [JavaFX Application Thread] DEBUG Bundle               - Logging bundle: input
14:03:56.830 [JavaFX Application Thread] DEBUG Bundle               - input.Jump=Up
14:03:56.831 [JavaFX Application Thread] DEBUG Bundle               - input.Right=Right
14:03:56.831 [JavaFX Application Thread] DEBUG Bundle               - input.Screenshot=P
14:03:56.831 [JavaFX Application Thread] DEBUG Bundle               - input.System info dump=CTRL+9
14:03:56.831 [JavaFX Application Thread] DEBUG Bundle               - input.Restart=CTRL+R
14:03:56.832 [JavaFX Application Thread] DEBUG Bundle               - input.Dev Options=CTRL+0
14:03:56.832 [JavaFX Application Thread] DEBUG Bundle               - input.Left=Left
14:03:56.832 [JavaFX Application Thread] DEBUG Bundle               - Logging bundle: gameplayStats
14:03:56.832 [JavaFX Application Thread] DEBUG Bundle               - gameplayStats.playtime=170084432294
14:03:56.833 [JavaFX Application Thread] DEBUG AchievementManager   - Saving data to profile
14:03:56.833 [JavaFX Application Thread] DEBUG Bundle               - Logging bundle: achievement
14:03:56.833 [JavaFX Application Thread] DEBUG SaveLoadManager      - Saving profile: Mathias
14:03:56.836 [JavaFX Application Thread] DEBUG DesktopFSService     - Writing to: .\profiles\Mathias\user.profile
14:03:56.852 [JavaFX Application Thread] DEBUG FXGL                 - Shutting down background threads
14:03:56.852 [JavaFX Application Thread] DEBUG FXGL                 - Saving FXGL system data
14:03:56.855 [JavaFX Application Thread] DEBUG DesktopFSService     - Writing to: system\fxgl.bundle
14:03:56.863 [JavaFX Application Thread] DEBUG FXGL                 - Closing logger and exiting JavaFX
