15:00:32.908 [JavaFX Application Thread] DEBUG GameApplication      - Logger initialized
15:00:32.945 [JavaFX Application Thread] DEBUG GameApplication      - Logging settings
Title: LuigiFactory
Version: 0.0
Width: 1400
Height: 1050
Fullscreen: false
Intro: false
Menus: true
Profiling: false
Single step:false
App Mode: DEVELOPER
Menu Key: ESCAPE
Stage Style: DECORATED
Scene Factory: class com.almasb.fxgl.scene.SceneFactory
Dialog Factory: class com.almasb.fxgl.ui.FXGLDialogFactory
UI Factory: class com.almasb.fxgl.ui.FXGLUIFactory
Notification Service: class com.almasb.fxgl.gameplay.notification.XboxNotificationView
Exception Handler: class com.almasb.fxgl.app.FXGLExceptionHandler
15:00:32.947 [JavaFX Application Thread] DEBUG GameApplication      - Starting FXGL
15:00:32.976 [JavaFX Application Thread] INFO  FXGL                 - FXGL-0.5.4 on DESKTOP
15:00:32.978 [JavaFX Application Thread] INFO  FXGL                 - Source code and latest versions at: https://github.com/AlmasB/FXGL
15:00:32.978 [JavaFX Application Thread] INFO  FXGL                 -              Join the FXGL chat at: https://gitter.im/AlmasB/FXGL
15:00:32.982 [JavaFX Application Thread] DEBUG FXGL                 - FXGL started
15:00:32.983 [JavaFX Application Thread] DEBUG FXGL                 - Initializing FXGL
15:00:33.156 [JavaFX Application Thread] DEBUG AssetLoader          - Loading from disk: /assets/ui/cursors/fxgl_default.png
15:00:33.296 [JavaFX Application Thread] DEBUG AssetLoader          - Loading from disk: /assets/ui/fonts/VarelaRound-Regular.ttf
15:00:33.799 [JavaFX Application Thread] DEBUG MainWindow           - Creating a JavaFX scene
15:00:33.800 [JavaFX Application Thread] DEBUG MainWindow           - Target size > screen size
15:00:33.918 [JavaFX Application Thread] DEBUG MainWindow           - Target settings size: 1400.0 x 1050.0
15:00:33.919 [JavaFX Application Thread] DEBUG MainWindow           - Scaled scene size:    1121.0 x 859.0
15:00:33.920 [JavaFX Application Thread] DEBUG MainWindow           - Scaled ratio: (0.8007142857142857, 0.8180952380952381)
15:00:33.929 [JavaFX Application Thread] DEBUG AssetLoader          - Loading from disk: /assets/ui/css/fxgl_dark.css
15:00:33.938 [JavaFX Application Thread] DEBUG AssetLoader          - Loading from disk: /assets/textures/fxgl_icon.png
15:00:33.972 [JavaFX Application Thread] DEBUG MainWindow           - Opening main window
15:00:34.662 [JavaFX Application Thread] DEBUG MainWindow           - Window border size: (6.0, 29.0)
15:00:34.662 [JavaFX Application Thread] DEBUG MainWindow           - Scaled size: 1121.0 x 859.0
15:00:34.663 [JavaFX Application Thread] DEBUG MainWindow           - Scaled ratio: (0.8007142857142857, 0.8180952380952381)
15:00:34.663 [JavaFX Application Thread] DEBUG MainWindow           - Scene size: 1121.0 x 859.0
15:00:34.663 [JavaFX Application Thread] DEBUG MainWindow           - Stage size: 1127.0 x 888.0
15:00:34.812 [ForkJoinPool.commonPool-worker-1] DEBUG FS                   - Loaded DesktopFSService
15:00:34.813 [ForkJoinPool.commonPool-worker-1] DEBUG FXGL                 - Loading FXGL system data
15:00:34.833 [ForkJoinPool.commonPool-worker-1] DEBUG DesktopFSService     - Reading from: system\fxgl.bundle
15:00:34.867 [ForkJoinPool.commonPool-worker-1] DEBUG Bundle               - Logging bundle: FXGL
15:00:34.870 [ForkJoinPool.commonPool-worker-1] DEBUG Bundle               - FXGL.offline.timer.version.check=2019-01-28T11:57:03.073
15:00:34.874 [ForkJoinPool.commonPool-worker-1] DEBUG FXGL                 - Initializing state machine and application states
15:00:34.881 [ForkJoinPool.commonPool-worker-1] DEBUG AssetLoader          - Loading from disk: /assets/ui/cursors/fxgl_default.png
15:00:34.896 [ForkJoinPool.commonPool-worker-1] DEBUG AssetLoader          - Loading from disk: /assets/ui/cursors/fxgl_default.png
15:00:34.919 [ForkJoinPool.commonPool-worker-1] DEBUG AssetLoader          - Loading from cache: /assets/ui/fonts/VarelaRound-Regular.ttf
15:00:34.924 [ForkJoinPool.commonPool-worker-1] DEBUG AssetLoader          - Loading from disk: /assets/ui/cursors/fxgl_default.png
15:00:34.935 [ForkJoinPool.commonPool-worker-1] DEBUG GameScene            - Game scene initialized: 1400x1050
15:00:34.954 [ForkJoinPool.commonPool-worker-1] DEBUG GameWorld            - Game world initialized
15:00:35.124 [ForkJoinPool.commonPool-worker-1] DEBUG PhysicsWorld         - Physics world initialized: appHeight=1050, physics.ppm=50,0
15:00:35.219 [ForkJoinPool.commonPool-worker-1] DEBUG AssetLoader          - Loading from disk: /assets/ui/cursors/fxgl_default.png
15:00:35.226 [ForkJoinPool.commonPool-worker-1] DEBUG AssetLoader          - Loading from disk: /assets/properties/languages/english.properties
15:00:35.229 [ForkJoinPool.commonPool-worker-1] DEBUG AssetLoader          - Loading from cache: /assets/ui/fonts/VarelaRound-Regular.ttf
15:00:35.232 [ForkJoinPool.commonPool-worker-1] DEBUG AssetLoader          - Loading from cache: /assets/ui/fonts/VarelaRound-Regular.ttf
15:00:35.233 [ForkJoinPool.commonPool-worker-1] DEBUG AssetLoader          - Loading from cache: /assets/ui/fonts/VarelaRound-Regular.ttf
15:00:35.258 [ForkJoinPool.commonPool-worker-1] DEBUG AssetLoader          - Loading from disk: /assets/textures/particles/trace_horizontal.png
15:00:35.321 [ForkJoinPool.commonPool-worker-1] DEBUG AssetLoader          - Loading from cache: /assets/ui/fonts/VarelaRound-Regular.ttf
15:00:35.323 [ForkJoinPool.commonPool-worker-1] DEBUG FXGL.Menu            - createMenuBodyMainMenu()
15:00:35.346 [ForkJoinPool.commonPool-worker-1] DEBUG AssetLoader          - Loading from cache: /assets/ui/fonts/VarelaRound-Regular.ttf
15:00:35.352 [ForkJoinPool.commonPool-worker-1] DEBUG AssetLoader          - Loading from cache: /assets/properties/languages/english.properties
15:00:35.359 [ForkJoinPool.commonPool-worker-1] DEBUG AssetLoader          - Loading from cache: /assets/ui/fonts/VarelaRound-Regular.ttf
15:00:35.360 [ForkJoinPool.commonPool-worker-1] DEBUG AssetLoader          - Loading from cache: /assets/properties/languages/english.properties
15:00:35.361 [ForkJoinPool.commonPool-worker-1] DEBUG FXGL.Menu            - createOptionsMenu()
15:00:35.361 [ForkJoinPool.commonPool-worker-1] DEBUG AssetLoader          - Loading from cache: /assets/ui/fonts/VarelaRound-Regular.ttf
15:00:35.362 [ForkJoinPool.commonPool-worker-1] DEBUG AssetLoader          - Loading from cache: /assets/properties/languages/english.properties
15:00:35.367 [ForkJoinPool.commonPool-worker-1] DEBUG AssetLoader          - Loading from cache: /assets/ui/fonts/VarelaRound-Regular.ttf
15:00:35.368 [ForkJoinPool.commonPool-worker-1] DEBUG AssetLoader          - Loading from cache: /assets/properties/languages/english.properties
15:00:35.370 [ForkJoinPool.commonPool-worker-1] DEBUG AssetLoader          - Loading from cache: /assets/ui/fonts/VarelaRound-Regular.ttf
15:00:35.371 [ForkJoinPool.commonPool-worker-1] DEBUG AssetLoader          - Loading from cache: /assets/properties/languages/english.properties
15:00:35.373 [ForkJoinPool.commonPool-worker-1] DEBUG AssetLoader          - Loading from cache: /assets/ui/fonts/VarelaRound-Regular.ttf
15:00:35.374 [ForkJoinPool.commonPool-worker-1] DEBUG AssetLoader          - Loading from cache: /assets/properties/languages/english.properties
15:00:35.376 [ForkJoinPool.commonPool-worker-1] DEBUG AssetLoader          - Loading from cache: /assets/ui/fonts/VarelaRound-Regular.ttf
15:00:35.377 [ForkJoinPool.commonPool-worker-1] DEBUG AssetLoader          - Loading from cache: /assets/properties/languages/english.properties
15:00:35.379 [ForkJoinPool.commonPool-worker-1] DEBUG AssetLoader          - Loading from cache: /assets/ui/fonts/VarelaRound-Regular.ttf
15:00:35.379 [ForkJoinPool.commonPool-worker-1] DEBUG AssetLoader          - Loading from cache: /assets/properties/languages/english.properties
15:00:35.383 [ForkJoinPool.commonPool-worker-1] DEBUG AssetLoader          - Loading from cache: /assets/ui/fonts/VarelaRound-Regular.ttf
15:00:35.384 [ForkJoinPool.commonPool-worker-1] DEBUG AssetLoader          - Loading from cache: /assets/properties/languages/english.properties
15:00:35.386 [ForkJoinPool.commonPool-worker-1] DEBUG AssetLoader          - Loading from cache: /assets/ui/fonts/VarelaRound-Regular.ttf
15:00:35.386 [ForkJoinPool.commonPool-worker-1] DEBUG AssetLoader          - Loading from cache: /assets/properties/languages/english.properties
15:00:35.388 [ForkJoinPool.commonPool-worker-1] DEBUG AssetLoader          - Loading from disk: /assets/textures/particles/smoke.png
15:00:35.566 [ForkJoinPool.commonPool-worker-1] DEBUG AssetLoader          - Loading from disk: /assets/ui/cursors/fxgl_default.png
15:00:35.569 [ForkJoinPool.commonPool-worker-1] DEBUG AssetLoader          - Loading from cache: /assets/properties/languages/english.properties
15:00:35.570 [ForkJoinPool.commonPool-worker-1] DEBUG AssetLoader          - Loading from cache: /assets/ui/fonts/VarelaRound-Regular.ttf
15:00:35.571 [ForkJoinPool.commonPool-worker-1] DEBUG AssetLoader          - Loading from cache: /assets/ui/fonts/VarelaRound-Regular.ttf
15:00:35.572 [ForkJoinPool.commonPool-worker-1] DEBUG AssetLoader          - Loading from cache: /assets/ui/fonts/VarelaRound-Regular.ttf
15:00:35.573 [ForkJoinPool.commonPool-worker-1] DEBUG AssetLoader          - Loading from cache: /assets/textures/particles/trace_horizontal.png@64.0x64.0
15:00:35.574 [ForkJoinPool.commonPool-worker-1] DEBUG AssetLoader          - Loading from cache: /assets/ui/fonts/VarelaRound-Regular.ttf
15:00:35.575 [ForkJoinPool.commonPool-worker-1] DEBUG FXGL.Menu            - createMenuBodyGameMenu()
15:00:35.576 [ForkJoinPool.commonPool-worker-1] DEBUG AssetLoader          - Loading from cache: /assets/ui/fonts/VarelaRound-Regular.ttf
15:00:35.577 [ForkJoinPool.commonPool-worker-1] DEBUG AssetLoader          - Loading from cache: /assets/properties/languages/english.properties
15:00:35.581 [ForkJoinPool.commonPool-worker-1] DEBUG AssetLoader          - Loading from cache: /assets/ui/fonts/VarelaRound-Regular.ttf
15:00:35.582 [ForkJoinPool.commonPool-worker-1] DEBUG AssetLoader          - Loading from cache: /assets/properties/languages/english.properties
15:00:35.583 [ForkJoinPool.commonPool-worker-1] DEBUG FXGL.Menu            - createOptionsMenu()
15:00:35.583 [ForkJoinPool.commonPool-worker-1] DEBUG AssetLoader          - Loading from cache: /assets/ui/fonts/VarelaRound-Regular.ttf
15:00:35.584 [ForkJoinPool.commonPool-worker-1] DEBUG AssetLoader          - Loading from cache: /assets/properties/languages/english.properties
15:00:35.585 [ForkJoinPool.commonPool-worker-1] DEBUG AssetLoader          - Loading from cache: /assets/ui/fonts/VarelaRound-Regular.ttf
15:00:35.585 [ForkJoinPool.commonPool-worker-1] DEBUG AssetLoader          - Loading from cache: /assets/properties/languages/english.properties
15:00:35.586 [ForkJoinPool.commonPool-worker-1] DEBUG AssetLoader          - Loading from cache: /assets/ui/fonts/VarelaRound-Regular.ttf
15:00:35.587 [ForkJoinPool.commonPool-worker-1] DEBUG AssetLoader          - Loading from cache: /assets/properties/languages/english.properties
15:00:35.588 [ForkJoinPool.commonPool-worker-1] DEBUG AssetLoader          - Loading from cache: /assets/ui/fonts/VarelaRound-Regular.ttf
15:00:35.588 [ForkJoinPool.commonPool-worker-1] DEBUG AssetLoader          - Loading from cache: /assets/properties/languages/english.properties
15:00:35.589 [ForkJoinPool.commonPool-worker-1] DEBUG AssetLoader          - Loading from cache: /assets/ui/fonts/VarelaRound-Regular.ttf
15:00:35.590 [ForkJoinPool.commonPool-worker-1] DEBUG AssetLoader          - Loading from cache: /assets/properties/languages/english.properties
15:00:35.591 [ForkJoinPool.commonPool-worker-1] DEBUG AssetLoader          - Loading from cache: /assets/ui/fonts/VarelaRound-Regular.ttf
15:00:35.591 [ForkJoinPool.commonPool-worker-1] DEBUG AssetLoader          - Loading from cache: /assets/properties/languages/english.properties
15:00:35.592 [ForkJoinPool.commonPool-worker-1] DEBUG AssetLoader          - Loading from cache: /assets/ui/fonts/VarelaRound-Regular.ttf
15:00:35.593 [ForkJoinPool.commonPool-worker-1] DEBUG AssetLoader          - Loading from cache: /assets/properties/languages/english.properties
15:00:35.595 [ForkJoinPool.commonPool-worker-1] DEBUG AssetLoader          - Loading from cache: /assets/textures/particles/smoke.png@128.0x128.0
15:00:35.902 [JavaFX Application Thread] DEBUG FXGL                 - Running preInit()
15:00:35.934 [JavaFX Application Thread] DEBUG Input                - Registered new binding: Screenshot - P
15:00:35.935 [JavaFX Application Thread] DEBUG Input                - Registered new binding: Dev Options - CTRL+0
15:00:35.936 [JavaFX Application Thread] DEBUG Input                - Registered new binding: System info dump - CTRL+9
15:00:35.937 [JavaFX Application Thread] DEBUG Input                - Registered new binding: Restart - CTRL+R
15:00:35.937 [JavaFX Application Thread] DEBUG Input                - Registered new binding: Left - Left
15:00:35.937 [JavaFX Application Thread] DEBUG Input                - Registered new binding: Right - Right
15:00:35.938 [JavaFX Application Thread] DEBUG Input                - Registered new binding: Jump - Up
15:00:35.943 [JavaFX Application Thread] DEBUG MenuEventHandler     - generateDefaultProfile()
15:00:35.943 [JavaFX Application Thread] DEBUG MenuEventHandler     - Creating default profile
15:00:35.944 [JavaFX Application Thread] DEBUG EventBus             - Firing event: SaveEvent
15:00:35.946 [JavaFX Application Thread] DEBUG AudioPlayer          - Saving data to profile
15:00:35.946 [JavaFX Application Thread] DEBUG Bundle               - Logging bundle: audio
15:00:35.947 [JavaFX Application Thread] DEBUG Bundle               - audio.musicVolume=0.5
15:00:35.947 [JavaFX Application Thread] DEBUG Bundle               - audio.soundVolume=0.5
15:00:35.947 [JavaFX Application Thread] DEBUG Input                - Saving data to profile
15:00:35.947 [JavaFX Application Thread] DEBUG Bundle               - Logging bundle: input
15:00:35.947 [JavaFX Application Thread] DEBUG Bundle               - input.Jump=Up
15:00:35.947 [JavaFX Application Thread] DEBUG Bundle               - input.Right=Right
15:00:35.947 [JavaFX Application Thread] DEBUG Bundle               - input.Screenshot=P
15:00:35.948 [JavaFX Application Thread] DEBUG Bundle               - input.System info dump=CTRL+9
15:00:35.948 [JavaFX Application Thread] DEBUG Bundle               - input.Restart=CTRL+R
15:00:35.948 [JavaFX Application Thread] DEBUG Bundle               - input.Dev Options=CTRL+0
15:00:35.948 [JavaFX Application Thread] DEBUG Bundle               - input.Left=Left
15:00:35.998 [JavaFX Application Thread] DEBUG Bundle               - Logging bundle: gameplayStats
15:00:35.999 [JavaFX Application Thread] DEBUG Bundle               - gameplayStats.playtime=0
15:00:36.001 [JavaFX Application Thread] DEBUG AchievementManager   - Saving data to profile
15:00:36.001 [JavaFX Application Thread] DEBUG Bundle               - Logging bundle: achievement
15:00:36.004 [JavaFX Application Thread] INFO  FXGL                 - FXGL initialization took: 3,020 sec
15:00:36.004 [JavaFX Application Thread] DEBUG LoopRunner           - Starting loop
15:00:36.009 [JavaFX Application Thread] DEBUG StartupState         - STARTUP
15:00:36.009 [JavaFX Application Thread] DEBUG Input                - Clearing active input actions
15:00:36.011 [JavaFX Application Thread] DEBUG AssetLoader          - Loading from disk: /assets/ui/css/fxgl_dark.css
15:00:36.047 [JavaFX Application Thread] DEBUG AppStateMachine      - StartupState -> MainMenuState
15:00:36.057 [JavaFX Application Thread] DEBUG AssetLoader          - Loading from cache: /assets/properties/languages/english.properties
15:00:36.058 [JavaFX Application Thread] DEBUG AssetLoader          - Loading from cache: /assets/ui/fonts/VarelaRound-Regular.ttf
15:00:36.058 [JavaFX Application Thread] DEBUG AssetLoader          - Loading from cache: /assets/properties/languages/english.properties
15:00:36.058 [JavaFX Application Thread] DEBUG AssetLoader          - Loading from cache: /assets/ui/fonts/VarelaRound-Regular.ttf
15:00:36.059 [JavaFX Application Thread] DEBUG AssetLoader          - Loading from cache: /assets/properties/languages/english.properties
15:00:36.059 [JavaFX Application Thread] DEBUG AssetLoader          - Loading from cache: /assets/ui/fonts/VarelaRound-Regular.ttf
15:00:36.063 [JavaFX Application Thread] DEBUG SaveLoadManager      - Checking profiles dir: profiles/
15:00:36.063 [JavaFX Application Thread] DEBUG SaveLoadManager      - Loading profile names
15:00:36.066 [JavaFX Application Thread] DEBUG AssetLoader          - Loading from cache: /assets/properties/languages/english.properties
15:00:36.069 [JavaFX Application Thread] DEBUG AssetLoader          - Loading from cache: /assets/ui/fonts/VarelaRound-Regular.ttf
15:00:36.070 [JavaFX Application Thread] DEBUG AssetLoader          - Loading from cache: /assets/ui/fonts/VarelaRound-Regular.ttf
15:00:36.071 [JavaFX Application Thread] DEBUG AppStateMachine      - Push state: DialogSubState
15:00:36.071 [JavaFX Application Thread] DEBUG Input                - Clearing active input actions
15:00:36.071 [JavaFX Application Thread] DEBUG AppStateMachine      - MainMenuState -> DialogSubState
15:00:36.222 [JavaFX Application Thread] DEBUG AppStateMachine      - Pop state: DialogSubState
15:00:36.222 [JavaFX Application Thread] DEBUG Input                - Clearing active input actions
15:00:36.224 [JavaFX Application Thread] DEBUG AppStateMachine      - MainMenuState <- DialogSubState
15:00:36.226 [JavaFX Application Thread] DEBUG AssetLoader          - Loading from cache: /assets/properties/languages/english.properties
15:00:36.227 [JavaFX Application Thread] DEBUG AssetLoader          - Loading from cache: /assets/ui/fonts/VarelaRound-Regular.ttf
15:00:36.228 [JavaFX Application Thread] DEBUG AssetLoader          - Loading from cache: /assets/ui/fonts/VarelaRound-Regular.ttf
15:00:36.229 [JavaFX Application Thread] DEBUG AppStateMachine      - Push state: DialogSubState
15:00:36.229 [JavaFX Application Thread] DEBUG Input                - Clearing active input actions
15:00:36.229 [JavaFX Application Thread] DEBUG AppStateMachine      - MainMenuState -> DialogSubState
15:00:37.759 [JavaFX Application Thread] DEBUG AppStateMachine      - Pop state: DialogSubState
15:00:37.759 [JavaFX Application Thread] DEBUG Input                - Clearing active input actions
15:00:37.760 [JavaFX Application Thread] DEBUG AppStateMachine      - MainMenuState <- DialogSubState
15:00:37.761 [JavaFX Application Thread] DEBUG SaveLoadManager      - Loading profile: Mathias
15:00:37.762 [JavaFX Application Thread] DEBUG AssetLoader          - Loading from cache: /assets/properties/languages/english.properties
15:00:37.763 [JavaFX Application Thread] DEBUG AssetLoader          - Loading from cache: /assets/ui/fonts/VarelaRound-Regular.ttf
15:00:37.763 [JavaFX Application Thread] DEBUG AssetLoader          - Loading from cache: /assets/ui/fonts/VarelaRound-Regular.ttf
15:00:37.763 [JavaFX Application Thread] DEBUG AppStateMachine      - Push state: DialogSubState
15:00:37.763 [JavaFX Application Thread] DEBUG Input                - Clearing active input actions
15:00:37.764 [JavaFX Application Thread] DEBUG AppStateMachine      - MainMenuState -> DialogSubState
15:00:37.778 [FXGL Background Thread 1 ] DEBUG DesktopFSService     - Reading from: .\profiles\Mathias\user.profile
15:00:37.798 [JavaFX Application Thread] DEBUG AppStateMachine      - Pop state: DialogSubState
15:00:37.798 [JavaFX Application Thread] DEBUG Input                - Clearing active input actions
15:00:37.800 [JavaFX Application Thread] DEBUG AppStateMachine      - MainMenuState <- DialogSubState
15:00:37.801 [JavaFX Application Thread] DEBUG EventBus             - Firing event: LoadEvent[type=LOAD_PROFILE]
15:00:37.801 [JavaFX Application Thread] DEBUG AudioPlayer          - Loading data from profile
15:00:37.802 [JavaFX Application Thread] DEBUG Bundle               - Logging bundle: audio
15:00:37.802 [JavaFX Application Thread] DEBUG Bundle               - audio.musicVolume=0.5
15:00:37.802 [JavaFX Application Thread] DEBUG Bundle               - audio.soundVolume=0.5
15:00:37.802 [JavaFX Application Thread] DEBUG Input                - Loading data from profile
15:00:37.803 [JavaFX Application Thread] DEBUG Bundle               - Logging bundle: input
15:00:37.803 [JavaFX Application Thread] DEBUG Bundle               - input.Jump=Up
15:00:37.803 [JavaFX Application Thread] DEBUG Bundle               - input.Right=Right
15:00:37.803 [JavaFX Application Thread] DEBUG Bundle               - input.Screenshot=P
15:00:37.803 [JavaFX Application Thread] DEBUG Bundle               - input.System info dump=CTRL+9
15:00:37.803 [JavaFX Application Thread] DEBUG Bundle               - input.Restart=CTRL+R
15:00:37.803 [JavaFX Application Thread] DEBUG Bundle               - input.Dev Options=CTRL+0
15:00:37.804 [JavaFX Application Thread] DEBUG Bundle               - input.Left=Left
15:00:37.804 [JavaFX Application Thread] DEBUG Bundle               - Logging bundle: gameplayStats
15:00:37.805 [JavaFX Application Thread] DEBUG Bundle               - gameplayStats.playtime=176048467192
15:00:37.805 [JavaFX Application Thread] DEBUG AchievementManager   - Loading data from profile
15:00:37.805 [JavaFX Application Thread] DEBUG Bundle               - Logging bundle: achievement
15:00:37.806 [JavaFX Application Thread] DEBUG AssetLoader          - Loading from cache: /assets/properties/languages/english.properties
15:00:37.806 [JavaFX Application Thread] DEBUG AssetLoader          - Loading from cache: /assets/ui/fonts/VarelaRound-Regular.ttf
15:00:37.808 [JavaFX Application Thread] DEBUG AssetLoader          - Loading from cache: /assets/properties/languages/english.properties
15:00:37.808 [JavaFX Application Thread] DEBUG AssetLoader          - Loading from cache: /assets/ui/fonts/VarelaRound-Regular.ttf
15:00:37.809 [JavaFX Application Thread] DEBUG SaveLoadManager      - Loading last modified save file
15:00:37.810 [JavaFX Application Thread] DEBUG SaveLoadManager      - Loading save files
15:00:37.816 [JavaFX Application Thread] DEBUG AssetLoader          - Loading from cache: /assets/properties/languages/english.properties
15:00:37.817 [JavaFX Application Thread] DEBUG AssetLoader          - Loading from cache: /assets/ui/fonts/VarelaRound-Regular.ttf
15:00:37.818 [JavaFX Application Thread] DEBUG AssetLoader          - Loading from cache: /assets/ui/fonts/VarelaRound-Regular.ttf
15:00:37.820 [JavaFX Application Thread] DEBUG AppStateMachine      - Push state: DialogSubState
15:00:37.820 [JavaFX Application Thread] DEBUG Input                - Clearing active input actions
15:00:37.820 [JavaFX Application Thread] DEBUG AppStateMachine      - MainMenuState -> DialogSubState
15:00:37.840 [JavaFX Application Thread] DEBUG AppStateMachine      - Pop state: DialogSubState
15:00:37.840 [JavaFX Application Thread] DEBUG Input                - Clearing active input actions
15:00:37.841 [JavaFX Application Thread] DEBUG AppStateMachine      - MainMenuState <- DialogSubState
15:00:38.192 [JavaFX Application Thread] DEBUG AssetLoader          - Loading from cache: /assets/sounds/menu/select.wav
15:00:38.748 [JavaFX Application Thread] DEBUG FXGL.Menu            - fireNewGame()
15:00:38.749 [JavaFX Application Thread] DEBUG GameApplication      - Starting new game
15:00:38.749 [JavaFX Application Thread] DEBUG Input                - Clearing active input actions
15:00:38.749 [JavaFX Application Thread] DEBUG AssetLoader          - Loading from disk: /assets/ui/css/fxgl_dark.css
15:00:38.771 [JavaFX Application Thread] DEBUG AppStateMachine      - MainMenuState -> LoadingState
15:00:38.776 [FXGL Background Thread 1 ] DEBUG InitAppTask          - Clearing previous game
15:00:38.776 [FXGL Background Thread 1 ] DEBUG GameWorld            - Clearing game world
15:00:38.777 [FXGL Background Thread 1 ] DEBUG PhysicsWorld         - Clearing physics world
15:00:38.777 [FXGL Background Thread 1 ] DEBUG GameScene            - Clearing game scene
15:00:38.792 [FXGL Background Thread 1 ] DEBUG InitAppTask          - Initializing Game
15:00:38.823 [FXGL Background Thread 1 ] DEBUG AssetLoader          - Loading from disk: /assets/json/luigi.json
15:00:39.471 [FXGL Background Thread 1 ] DEBUG GameWorld            - Clearing removable entities
15:00:39.471 [FXGL Background Thread 1 ] DEBUG GameWorld            - Setting level from map
15:00:39.506 [FXGL Background Thread 1 ] DEBUG AssetLoader          - Loading from disk: /assets/textures/tiles_spritesheet.png
15:00:39.545 [FXGL Background Thread 1 ] DEBUG AssetLoader          - Loading from cache: /assets/textures/tiles_spritesheet.png
15:00:39.546 [FXGL Background Thread 1 ] DEBUG AssetLoader          - Loading from cache: /assets/textures/tiles_spritesheet.png
15:00:39.546 [FXGL Background Thread 1 ] DEBUG AssetLoader          - Loading from cache: /assets/textures/tiles_spritesheet.png
15:00:39.547 [FXGL Background Thread 1 ] DEBUG AssetLoader          - Loading from cache: /assets/textures/tiles_spritesheet.png
15:00:39.547 [FXGL Background Thread 1 ] DEBUG AssetLoader          - Loading from cache: /assets/textures/tiles_spritesheet.png
15:00:39.548 [FXGL Background Thread 1 ] DEBUG AssetLoader          - Loading from cache: /assets/textures/tiles_spritesheet.png
15:00:39.548 [FXGL Background Thread 1 ] DEBUG AssetLoader          - Loading from cache: /assets/textures/tiles_spritesheet.png
15:00:39.548 [FXGL Background Thread 1 ] DEBUG AssetLoader          - Loading from cache: /assets/textures/tiles_spritesheet.png
15:00:39.549 [FXGL Background Thread 1 ] DEBUG AssetLoader          - Loading from cache: /assets/textures/tiles_spritesheet.png
15:00:39.549 [FXGL Background Thread 1 ] DEBUG AssetLoader          - Loading from cache: /assets/textures/tiles_spritesheet.png
15:00:39.549 [FXGL Background Thread 1 ] DEBUG AssetLoader          - Loading from cache: /assets/textures/tiles_spritesheet.png
15:00:39.549 [FXGL Background Thread 1 ] DEBUG AssetLoader          - Loading from cache: /assets/textures/tiles_spritesheet.png
15:00:39.550 [FXGL Background Thread 1 ] DEBUG AssetLoader          - Loading from cache: /assets/textures/tiles_spritesheet.png
15:00:39.550 [FXGL Background Thread 1 ] DEBUG AssetLoader          - Loading from cache: /assets/textures/tiles_spritesheet.png
15:00:39.550 [FXGL Background Thread 1 ] DEBUG AssetLoader          - Loading from cache: /assets/textures/tiles_spritesheet.png
15:00:39.551 [FXGL Background Thread 1 ] DEBUG AssetLoader          - Loading from cache: /assets/textures/tiles_spritesheet.png
15:00:39.551 [FXGL Background Thread 1 ] DEBUG AssetLoader          - Loading from cache: /assets/textures/tiles_spritesheet.png
15:00:39.551 [FXGL Background Thread 1 ] DEBUG AssetLoader          - Loading from cache: /assets/textures/tiles_spritesheet.png
15:00:39.552 [FXGL Background Thread 1 ] DEBUG AssetLoader          - Loading from cache: /assets/textures/tiles_spritesheet.png
15:00:39.552 [FXGL Background Thread 1 ] DEBUG AssetLoader          - Loading from cache: /assets/textures/tiles_spritesheet.png
15:00:39.553 [FXGL Background Thread 1 ] DEBUG AssetLoader          - Loading from cache: /assets/textures/tiles_spritesheet.png
15:00:39.553 [FXGL Background Thread 1 ] DEBUG AssetLoader          - Loading from cache: /assets/textures/tiles_spritesheet.png
15:00:39.553 [FXGL Background Thread 1 ] DEBUG AssetLoader          - Loading from cache: /assets/textures/tiles_spritesheet.png
15:00:39.554 [FXGL Background Thread 1 ] DEBUG AssetLoader          - Loading from cache: /assets/textures/tiles_spritesheet.png
15:00:39.554 [FXGL Background Thread 1 ] DEBUG AssetLoader          - Loading from cache: /assets/textures/tiles_spritesheet.png
15:00:39.555 [FXGL Background Thread 1 ] DEBUG AssetLoader          - Loading from cache: /assets/textures/tiles_spritesheet.png
15:00:39.555 [FXGL Background Thread 1 ] DEBUG AssetLoader          - Loading from cache: /assets/textures/tiles_spritesheet.png
15:00:39.556 [FXGL Background Thread 1 ] DEBUG AssetLoader          - Loading from cache: /assets/textures/tiles_spritesheet.png
15:00:39.556 [FXGL Background Thread 1 ] DEBUG AssetLoader          - Loading from cache: /assets/textures/tiles_spritesheet.png
15:00:39.557 [FXGL Background Thread 1 ] DEBUG AssetLoader          - Loading from cache: /assets/textures/tiles_spritesheet.png
15:00:39.557 [FXGL Background Thread 1 ] DEBUG AssetLoader          - Loading from cache: /assets/textures/tiles_spritesheet.png
15:00:39.557 [FXGL Background Thread 1 ] DEBUG AssetLoader          - Loading from cache: /assets/textures/tiles_spritesheet.png
15:00:39.558 [FXGL Background Thread 1 ] DEBUG AssetLoader          - Loading from cache: /assets/textures/tiles_spritesheet.png
15:00:39.558 [FXGL Background Thread 1 ] DEBUG AssetLoader          - Loading from cache: /assets/textures/tiles_spritesheet.png
15:00:39.558 [FXGL Background Thread 1 ] DEBUG AssetLoader          - Loading from cache: /assets/textures/tiles_spritesheet.png
15:00:39.559 [FXGL Background Thread 1 ] DEBUG AssetLoader          - Loading from cache: /assets/textures/tiles_spritesheet.png
15:00:39.559 [FXGL Background Thread 1 ] DEBUG AssetLoader          - Loading from cache: /assets/textures/tiles_spritesheet.png
15:00:39.559 [FXGL Background Thread 1 ] DEBUG AssetLoader          - Loading from cache: /assets/textures/tiles_spritesheet.png
15:00:39.560 [FXGL Background Thread 1 ] DEBUG AssetLoader          - Loading from cache: /assets/textures/tiles_spritesheet.png
15:00:39.560 [FXGL Background Thread 1 ] DEBUG AssetLoader          - Loading from cache: /assets/textures/tiles_spritesheet.png
15:00:39.560 [FXGL Background Thread 1 ] DEBUG AssetLoader          - Loading from cache: /assets/textures/tiles_spritesheet.png
15:00:39.560 [FXGL Background Thread 1 ] DEBUG AssetLoader          - Loading from cache: /assets/textures/tiles_spritesheet.png
15:00:39.560 [FXGL Background Thread 1 ] DEBUG AssetLoader          - Loading from cache: /assets/textures/tiles_spritesheet.png
15:00:39.561 [FXGL Background Thread 1 ] DEBUG AssetLoader          - Loading from cache: /assets/textures/tiles_spritesheet.png
15:00:39.561 [FXGL Background Thread 1 ] DEBUG AssetLoader          - Loading from cache: /assets/textures/tiles_spritesheet.png
15:00:39.561 [FXGL Background Thread 1 ] DEBUG AssetLoader          - Loading from cache: /assets/textures/tiles_spritesheet.png
15:00:39.561 [FXGL Background Thread 1 ] DEBUG AssetLoader          - Loading from cache: /assets/textures/tiles_spritesheet.png
15:00:39.561 [FXGL Background Thread 1 ] DEBUG AssetLoader          - Loading from cache: /assets/textures/tiles_spritesheet.png
15:00:39.562 [FXGL Background Thread 1 ] DEBUG AssetLoader          - Loading from cache: /assets/textures/tiles_spritesheet.png
15:00:39.562 [FXGL Background Thread 1 ] DEBUG AssetLoader          - Loading from cache: /assets/textures/tiles_spritesheet.png
15:00:39.562 [FXGL Background Thread 1 ] DEBUG AssetLoader          - Loading from cache: /assets/textures/tiles_spritesheet.png
15:00:39.562 [FXGL Background Thread 1 ] DEBUG AssetLoader          - Loading from cache: /assets/textures/tiles_spritesheet.png
15:00:39.562 [FXGL Background Thread 1 ] DEBUG AssetLoader          - Loading from cache: /assets/textures/tiles_spritesheet.png
15:00:39.563 [FXGL Background Thread 1 ] DEBUG AssetLoader          - Loading from cache: /assets/textures/tiles_spritesheet.png
15:00:39.563 [FXGL Background Thread 1 ] DEBUG AssetLoader          - Loading from cache: /assets/textures/tiles_spritesheet.png
15:00:39.563 [FXGL Background Thread 1 ] DEBUG AssetLoader          - Loading from cache: /assets/textures/tiles_spritesheet.png
15:00:39.563 [FXGL Background Thread 1 ] DEBUG AssetLoader          - Loading from cache: /assets/textures/tiles_spritesheet.png
15:00:39.563 [FXGL Background Thread 1 ] DEBUG AssetLoader          - Loading from cache: /assets/textures/tiles_spritesheet.png
15:00:39.564 [FXGL Background Thread 1 ] DEBUG AssetLoader          - Loading from cache: /assets/textures/tiles_spritesheet.png
15:00:39.564 [FXGL Background Thread 1 ] DEBUG AssetLoader          - Loading from cache: /assets/textures/tiles_spritesheet.png
15:00:39.564 [FXGL Background Thread 1 ] DEBUG AssetLoader          - Loading from cache: /assets/textures/tiles_spritesheet.png
15:00:39.564 [FXGL Background Thread 1 ] DEBUG AssetLoader          - Loading from cache: /assets/textures/tiles_spritesheet.png
15:00:39.564 [FXGL Background Thread 1 ] DEBUG AssetLoader          - Loading from cache: /assets/textures/tiles_spritesheet.png
15:00:39.565 [FXGL Background Thread 1 ] DEBUG AssetLoader          - Loading from cache: /assets/textures/tiles_spritesheet.png
15:00:39.565 [FXGL Background Thread 1 ] DEBUG AssetLoader          - Loading from cache: /assets/textures/tiles_spritesheet.png
15:00:39.565 [FXGL Background Thread 1 ] DEBUG AssetLoader          - Loading from cache: /assets/textures/tiles_spritesheet.png
15:00:39.565 [FXGL Background Thread 1 ] DEBUG AssetLoader          - Loading from cache: /assets/textures/tiles_spritesheet.png
15:00:39.565 [FXGL Background Thread 1 ] DEBUG AssetLoader          - Loading from cache: /assets/textures/tiles_spritesheet.png
15:00:39.566 [FXGL Background Thread 1 ] DEBUG AssetLoader          - Loading from cache: /assets/textures/tiles_spritesheet.png
15:00:39.566 [FXGL Background Thread 1 ] DEBUG AssetLoader          - Loading from cache: /assets/textures/tiles_spritesheet.png
15:00:39.566 [FXGL Background Thread 1 ] DEBUG AssetLoader          - Loading from cache: /assets/textures/tiles_spritesheet.png
15:00:39.566 [FXGL Background Thread 1 ] DEBUG AssetLoader          - Loading from cache: /assets/textures/tiles_spritesheet.png
15:00:39.566 [FXGL Background Thread 1 ] DEBUG AssetLoader          - Loading from cache: /assets/textures/tiles_spritesheet.png
15:00:39.567 [FXGL Background Thread 1 ] DEBUG AssetLoader          - Loading from cache: /assets/textures/tiles_spritesheet.png
15:00:39.567 [FXGL Background Thread 1 ] DEBUG AssetLoader          - Loading from cache: /assets/textures/tiles_spritesheet.png
15:00:39.571 [FXGL Background Thread 1 ] DEBUG GameScene            - Creating render group for layer: BACKGROUND(1000)
15:00:39.584 [FXGL Background Thread 1 ] DEBUG GameScene            - Creating render group for layer: DEFAULT(100000)
15:00:39.743 [FXGL Background Thread 1 ] DEBUG AssetLoader          - Loading from disk: /assets/textures/luigiwalk.png
15:00:39.749 [FXGL Background Thread 1 ] DEBUG AssetLoader          - Loading from cache: /assets/textures/luigiwalk.png
15:00:39.750 [FXGL Background Thread 1 ] DEBUG AssetLoader          - Loading from disk: /assets/textures/luigihop.png
15:00:39.757 [FXGL Background Thread 1 ] DEBUG AssetLoader          - Loading from disk: /assets/textures/enemyjump.png
15:00:39.763 [FXGL Background Thread 1 ] DEBUG AssetLoader          - Loading from cache: /assets/textures/enemyjump.png
15:00:39.765 [FXGL Background Thread 1 ] DEBUG AssetLoader          - Loading from cache: /assets/textures/enemyjump.png
15:00:39.766 [FXGL Background Thread 1 ] DEBUG InitAppTask          - Initializing Physics
15:00:39.768 [FXGL Background Thread 1 ] DEBUG InitAppTask          - Initializing UI
15:00:39.768 [FXGL Background Thread 1 ] DEBUG AssetLoader          - Loading from cache: /assets/ui/fonts/VarelaRound-Regular.ttf
15:00:39.769 [FXGL Background Thread 1 ] DEBUG AssetLoader          - Loading from cache: /assets/ui/fonts/VarelaRound-Regular.ttf
15:00:39.772 [FXGL Background Thread 1 ] DEBUG InitAppTask          - Initialization Complete
15:00:39.773 [FXGL Background Thread 1 ] INFO  InitAppTask          - Game initialization took: 0,996 sec
15:00:39.776 [JavaFX Application Thread] DEBUG Input                - Clearing active input actions
15:00:39.776 [JavaFX Application Thread] DEBUG AssetLoader          - Loading from disk: /assets/ui/css/fxgl_dark.css
15:00:39.791 [JavaFX Application Thread] DEBUG AppStateMachine      - LoadingState -> PlayState
15:00:47.031 [JavaFX Application Thread] DEBUG FXGL                 - Exiting FXGL
15:00:47.031 [JavaFX Application Thread] DEBUG MenuEventHandler     - Creating default profile
15:00:47.032 [JavaFX Application Thread] DEBUG EventBus             - Firing event: SaveEvent
15:00:47.032 [JavaFX Application Thread] DEBUG AudioPlayer          - Saving data to profile
15:00:47.032 [JavaFX Application Thread] DEBUG Bundle               - Logging bundle: audio
15:00:47.032 [JavaFX Application Thread] DEBUG Bundle               - audio.musicVolume=0.5
15:00:47.032 [JavaFX Application Thread] DEBUG Bundle               - audio.soundVolume=0.5
15:00:47.032 [JavaFX Application Thread] DEBUG Input                - Saving data to profile
15:00:47.032 [JavaFX Application Thread] DEBUG Bundle               - Logging bundle: input
15:00:47.032 [JavaFX Application Thread] DEBUG Bundle               - input.Jump=Up
15:00:47.032 [JavaFX Application Thread] DEBUG Bundle               - input.Right=Right
15:00:47.033 [JavaFX Application Thread] DEBUG Bundle               - input.Screenshot=P
15:00:47.033 [JavaFX Application Thread] DEBUG Bundle               - input.System info dump=CTRL+9
15:00:47.033 [JavaFX Application Thread] DEBUG Bundle               - input.Restart=CTRL+R
15:00:47.033 [JavaFX Application Thread] DEBUG Bundle               - input.Dev Options=CTRL+0
15:00:47.033 [JavaFX Application Thread] DEBUG Bundle               - input.Left=Left
15:00:47.033 [JavaFX Application Thread] DEBUG Bundle               - Logging bundle: gameplayStats
15:00:47.033 [JavaFX Application Thread] DEBUG Bundle               - gameplayStats.playtime=183720093515
15:00:47.033 [JavaFX Application Thread] DEBUG AchievementManager   - Saving data to profile
15:00:47.033 [JavaFX Application Thread] DEBUG Bundle               - Logging bundle: achievement
15:00:47.033 [JavaFX Application Thread] DEBUG SaveLoadManager      - Saving profile: Mathias
15:00:47.039 [JavaFX Application Thread] DEBUG DesktopFSService     - Writing to: .\profiles\Mathias\user.profile
15:00:47.051 [JavaFX Application Thread] DEBUG FXGL                 - Shutting down background threads
15:00:47.052 [JavaFX Application Thread] DEBUG FXGL                 - Saving FXGL system data
15:00:47.054 [JavaFX Application Thread] DEBUG DesktopFSService     - Writing to: system\fxgl.bundle
15:00:47.061 [JavaFX Application Thread] DEBUG FXGL                 - Closing logger and exiting JavaFX
