20:25:52.076 [JavaFX Application Thread] DEBUG GameApplication      - Logger initialized
20:25:52.092 [JavaFX Application Thread] DEBUG GameApplication      - Logging settings
Title: LuigiFactory
Version: 0.0
Width: 1400
Height: 1050
Fullscreen: false
Intro: false
Menus: false
Profiling: false
Single step:false
App Mode: DEVELOPER
Menu Key: ESCAPE
Stage Style: DECORATED
Scene Factory: class com.almasb.fxgl.scene.SceneFactory
Dialog Factory: class com.almasb.fxgl.ui.FXGLDialogFactory
UI Factory: class com.almasb.fxgl.ui.FXGLUIFactory
Notification Service: class com.almasb.fxgl.gameplay.notification.XboxNotificationView
Exception Handler: class com.almasb.fxgl.app.FXGLExceptionHandler
20:25:52.092 [JavaFX Application Thread] DEBUG GameApplication      - Starting FXGL
20:25:52.105 [JavaFX Application Thread] INFO  FXGL                 - FXGL-0.5.4 on DESKTOP
20:25:52.105 [JavaFX Application Thread] INFO  FXGL                 - Source code and latest versions at: https://github.com/AlmasB/FXGL
20:25:52.106 [JavaFX Application Thread] INFO  FXGL                 -              Join the FXGL chat at: https://gitter.im/AlmasB/FXGL
20:25:52.106 [JavaFX Application Thread] DEBUG FXGL                 - FXGL started
20:25:52.106 [JavaFX Application Thread] DEBUG FXGL                 - Initializing FXGL
20:25:52.196 [JavaFX Application Thread] DEBUG AssetLoader          - Loading from disk: /assets/ui/cursors/fxgl_default.png
20:25:52.278 [JavaFX Application Thread] DEBUG AssetLoader          - Loading from disk: /assets/ui/fonts/VarelaRound-Regular.ttf
20:25:52.632 [JavaFX Application Thread] DEBUG MainWindow           - Creating a JavaFX scene
20:25:52.632 [JavaFX Application Thread] DEBUG MainWindow           - Target size > screen size
20:25:52.714 [JavaFX Application Thread] DEBUG MainWindow           - Target settings size: 1400.0 x 1050.0
20:25:52.715 [JavaFX Application Thread] DEBUG MainWindow           - Scaled scene size:    1121.0 x 859.0
20:25:52.715 [JavaFX Application Thread] DEBUG MainWindow           - Scaled ratio: (0.8007142857142857, 0.8180952380952381)
20:25:52.720 [JavaFX Application Thread] DEBUG AssetLoader          - Loading from disk: /assets/ui/css/fxgl_dark.css
20:25:52.728 [JavaFX Application Thread] DEBUG AssetLoader          - Loading from disk: /assets/textures/fxgl_icon.png
20:25:52.758 [JavaFX Application Thread] DEBUG MainWindow           - Opening main window
20:25:53.229 [JavaFX Application Thread] DEBUG MainWindow           - Window border size: (6.0, 29.0)
20:25:53.229 [JavaFX Application Thread] DEBUG MainWindow           - Scaled size: 1121.0 x 859.0
20:25:53.230 [JavaFX Application Thread] DEBUG MainWindow           - Scaled ratio: (0.8007142857142857, 0.8180952380952381)
20:25:53.230 [JavaFX Application Thread] DEBUG MainWindow           - Scene size: 1121.0 x 859.0
20:25:53.230 [JavaFX Application Thread] DEBUG MainWindow           - Stage size: 1127.0 x 888.0
20:25:53.336 [ForkJoinPool.commonPool-worker-1] DEBUG FS                   - Loaded DesktopFSService
20:25:53.338 [ForkJoinPool.commonPool-worker-1] DEBUG FXGL                 - Loading FXGL system data
20:25:53.349 [ForkJoinPool.commonPool-worker-1] DEBUG DesktopFSService     - Reading from: system\fxgl.bundle
20:25:53.373 [ForkJoinPool.commonPool-worker-1] DEBUG Bundle               - Logging bundle: FXGL
20:25:53.375 [ForkJoinPool.commonPool-worker-1] DEBUG Bundle               - FXGL.offline.timer.version.check=2019-01-28T11:57:03.073
20:25:53.376 [ForkJoinPool.commonPool-worker-1] DEBUG FXGL                 - Initializing state machine and application states
20:25:53.380 [ForkJoinPool.commonPool-worker-1] DEBUG AssetLoader          - Loading from disk: /assets/ui/cursors/fxgl_default.png
20:25:53.391 [ForkJoinPool.commonPool-worker-1] DEBUG AssetLoader          - Loading from disk: /assets/ui/cursors/fxgl_default.png
20:25:53.407 [ForkJoinPool.commonPool-worker-1] DEBUG AssetLoader          - Loading from cache: /assets/ui/fonts/VarelaRound-Regular.ttf
20:25:53.413 [ForkJoinPool.commonPool-worker-1] DEBUG AssetLoader          - Loading from disk: /assets/ui/cursors/fxgl_default.png
20:25:53.418 [ForkJoinPool.commonPool-worker-1] DEBUG GameScene            - Game scene initialized: 1400x1050
20:25:53.431 [ForkJoinPool.commonPool-worker-1] DEBUG GameWorld            - Game world initialized
20:25:53.519 [ForkJoinPool.commonPool-worker-1] DEBUG PhysicsWorld         - Physics world initialized: appHeight=1050, physics.ppm=50,0
20:25:53.548 [ForkJoinPool.commonPool-worker-1] DEBUG Input                - Registered new binding: Pause - Esc
20:25:53.660 [JavaFX Application Thread] DEBUG FXGL                 - Running preInit()
20:25:53.664 [JavaFX Application Thread] DEBUG Input                - Registered new binding: Screenshot - P
20:25:53.666 [JavaFX Application Thread] DEBUG Input                - Registered new binding: Dev Options - CTRL+0
20:25:53.667 [JavaFX Application Thread] DEBUG Input                - Registered new binding: System info dump - CTRL+9
20:25:53.668 [JavaFX Application Thread] DEBUG Input                - Registered new binding: Restart - CTRL+R
20:25:53.669 [JavaFX Application Thread] DEBUG Input                - Registered new binding: Left - Left
20:25:53.669 [JavaFX Application Thread] DEBUG Input                - Registered new binding: Right - Right
20:25:53.670 [JavaFX Application Thread] DEBUG Input                - Registered new binding: Jump - Up
20:25:53.672 [JavaFX Application Thread] INFO  FXGL                 - FXGL initialization took: 1,565 sec
20:25:53.672 [JavaFX Application Thread] DEBUG LoopRunner           - Starting loop
20:25:53.676 [JavaFX Application Thread] DEBUG StartupState         - STARTUP
20:25:53.676 [JavaFX Application Thread] DEBUG GameApplication      - Starting new game
20:25:53.676 [JavaFX Application Thread] DEBUG Input                - Clearing active input actions
20:25:53.678 [JavaFX Application Thread] DEBUG AssetLoader          - Loading from disk: /assets/ui/css/fxgl_dark.css
20:25:53.692 [JavaFX Application Thread] DEBUG AppStateMachine      - StartupState -> LoadingState
20:25:53.701 [FXGL Background Thread 1 ] DEBUG InitAppTask          - Clearing previous game
20:25:53.701 [FXGL Background Thread 1 ] DEBUG GameWorld            - Clearing game world
20:25:53.701 [FXGL Background Thread 1 ] DEBUG PhysicsWorld         - Clearing physics world
20:25:53.702 [FXGL Background Thread 1 ] DEBUG GameScene            - Clearing game scene
20:25:53.703 [FXGL Background Thread 1 ] DEBUG InitAppTask          - Initializing Game
20:25:53.764 [FXGL Background Thread 1 ] DEBUG AssetLoader          - Loading from disk: /assets/json/luigi.json
20:25:54.251 [FXGL Background Thread 1 ] DEBUG GameWorld            - Clearing removable entities
20:25:54.251 [FXGL Background Thread 1 ] DEBUG GameWorld            - Setting level from map
20:25:54.297 [FXGL Background Thread 1 ] DEBUG AssetLoader          - Loading from disk: /assets/textures/tiles_spritesheet.png
20:25:54.346 [FXGL Background Thread 1 ] DEBUG AssetLoader          - Loading from cache: /assets/textures/tiles_spritesheet.png
20:25:54.346 [FXGL Background Thread 1 ] DEBUG AssetLoader          - Loading from cache: /assets/textures/tiles_spritesheet.png
20:25:54.346 [FXGL Background Thread 1 ] DEBUG AssetLoader          - Loading from cache: /assets/textures/tiles_spritesheet.png
20:25:54.347 [FXGL Background Thread 1 ] DEBUG AssetLoader          - Loading from cache: /assets/textures/tiles_spritesheet.png
20:25:54.347 [FXGL Background Thread 1 ] DEBUG AssetLoader          - Loading from cache: /assets/textures/tiles_spritesheet.png
20:25:54.348 [FXGL Background Thread 1 ] DEBUG AssetLoader          - Loading from cache: /assets/textures/tiles_spritesheet.png
20:25:54.348 [FXGL Background Thread 1 ] DEBUG AssetLoader          - Loading from cache: /assets/textures/tiles_spritesheet.png
20:25:54.348 [FXGL Background Thread 1 ] DEBUG AssetLoader          - Loading from cache: /assets/textures/tiles_spritesheet.png
20:25:54.349 [FXGL Background Thread 1 ] DEBUG AssetLoader          - Loading from cache: /assets/textures/tiles_spritesheet.png
20:25:54.363 [FXGL Background Thread 1 ] DEBUG AssetLoader          - Loading from cache: /assets/textures/tiles_spritesheet.png
20:25:54.363 [FXGL Background Thread 1 ] DEBUG AssetLoader          - Loading from cache: /assets/textures/tiles_spritesheet.png
20:25:54.364 [FXGL Background Thread 1 ] DEBUG AssetLoader          - Loading from cache: /assets/textures/tiles_spritesheet.png
20:25:54.364 [FXGL Background Thread 1 ] DEBUG AssetLoader          - Loading from cache: /assets/textures/tiles_spritesheet.png
20:25:54.364 [FXGL Background Thread 1 ] DEBUG AssetLoader          - Loading from cache: /assets/textures/tiles_spritesheet.png
20:25:54.365 [FXGL Background Thread 1 ] DEBUG AssetLoader          - Loading from cache: /assets/textures/tiles_spritesheet.png
20:25:54.365 [FXGL Background Thread 1 ] DEBUG AssetLoader          - Loading from cache: /assets/textures/tiles_spritesheet.png
20:25:54.366 [FXGL Background Thread 1 ] DEBUG AssetLoader          - Loading from cache: /assets/textures/tiles_spritesheet.png
20:25:54.366 [FXGL Background Thread 1 ] DEBUG AssetLoader          - Loading from cache: /assets/textures/tiles_spritesheet.png
20:25:54.366 [FXGL Background Thread 1 ] DEBUG AssetLoader          - Loading from cache: /assets/textures/tiles_spritesheet.png
20:25:54.367 [FXGL Background Thread 1 ] DEBUG AssetLoader          - Loading from cache: /assets/textures/tiles_spritesheet.png
20:25:54.367 [FXGL Background Thread 1 ] DEBUG AssetLoader          - Loading from cache: /assets/textures/tiles_spritesheet.png
20:25:54.367 [FXGL Background Thread 1 ] DEBUG AssetLoader          - Loading from cache: /assets/textures/tiles_spritesheet.png
20:25:54.367 [FXGL Background Thread 1 ] DEBUG AssetLoader          - Loading from cache: /assets/textures/tiles_spritesheet.png
20:25:54.368 [FXGL Background Thread 1 ] DEBUG AssetLoader          - Loading from cache: /assets/textures/tiles_spritesheet.png
20:25:54.368 [FXGL Background Thread 1 ] DEBUG AssetLoader          - Loading from cache: /assets/textures/tiles_spritesheet.png
20:25:54.368 [FXGL Background Thread 1 ] DEBUG AssetLoader          - Loading from cache: /assets/textures/tiles_spritesheet.png
20:25:54.369 [FXGL Background Thread 1 ] DEBUG AssetLoader          - Loading from cache: /assets/textures/tiles_spritesheet.png
20:25:54.369 [FXGL Background Thread 1 ] DEBUG AssetLoader          - Loading from cache: /assets/textures/tiles_spritesheet.png
20:25:54.369 [FXGL Background Thread 1 ] DEBUG AssetLoader          - Loading from cache: /assets/textures/tiles_spritesheet.png
20:25:54.370 [FXGL Background Thread 1 ] DEBUG AssetLoader          - Loading from cache: /assets/textures/tiles_spritesheet.png
20:25:54.370 [FXGL Background Thread 1 ] DEBUG AssetLoader          - Loading from cache: /assets/textures/tiles_spritesheet.png
20:25:54.370 [FXGL Background Thread 1 ] DEBUG AssetLoader          - Loading from cache: /assets/textures/tiles_spritesheet.png
20:25:54.371 [FXGL Background Thread 1 ] DEBUG AssetLoader          - Loading from cache: /assets/textures/tiles_spritesheet.png
20:25:54.371 [FXGL Background Thread 1 ] DEBUG AssetLoader          - Loading from cache: /assets/textures/tiles_spritesheet.png
20:25:54.371 [FXGL Background Thread 1 ] DEBUG AssetLoader          - Loading from cache: /assets/textures/tiles_spritesheet.png
20:25:54.372 [FXGL Background Thread 1 ] DEBUG AssetLoader          - Loading from cache: /assets/textures/tiles_spritesheet.png
20:25:54.372 [FXGL Background Thread 1 ] DEBUG AssetLoader          - Loading from cache: /assets/textures/tiles_spritesheet.png
20:25:54.372 [FXGL Background Thread 1 ] DEBUG AssetLoader          - Loading from cache: /assets/textures/tiles_spritesheet.png
20:25:54.373 [FXGL Background Thread 1 ] DEBUG AssetLoader          - Loading from cache: /assets/textures/tiles_spritesheet.png
20:25:54.373 [FXGL Background Thread 1 ] DEBUG AssetLoader          - Loading from cache: /assets/textures/tiles_spritesheet.png
20:25:54.373 [FXGL Background Thread 1 ] DEBUG AssetLoader          - Loading from cache: /assets/textures/tiles_spritesheet.png
20:25:54.374 [FXGL Background Thread 1 ] DEBUG AssetLoader          - Loading from cache: /assets/textures/tiles_spritesheet.png
20:25:54.374 [FXGL Background Thread 1 ] DEBUG AssetLoader          - Loading from cache: /assets/textures/tiles_spritesheet.png
20:25:54.374 [FXGL Background Thread 1 ] DEBUG AssetLoader          - Loading from cache: /assets/textures/tiles_spritesheet.png
20:25:54.375 [FXGL Background Thread 1 ] DEBUG AssetLoader          - Loading from cache: /assets/textures/tiles_spritesheet.png
20:25:54.375 [FXGL Background Thread 1 ] DEBUG AssetLoader          - Loading from cache: /assets/textures/tiles_spritesheet.png
20:25:54.376 [FXGL Background Thread 1 ] DEBUG AssetLoader          - Loading from cache: /assets/textures/tiles_spritesheet.png
20:25:54.376 [FXGL Background Thread 1 ] DEBUG AssetLoader          - Loading from cache: /assets/textures/tiles_spritesheet.png
20:25:54.376 [FXGL Background Thread 1 ] DEBUG AssetLoader          - Loading from cache: /assets/textures/tiles_spritesheet.png
20:25:54.377 [FXGL Background Thread 1 ] DEBUG AssetLoader          - Loading from cache: /assets/textures/tiles_spritesheet.png
20:25:54.377 [FXGL Background Thread 1 ] DEBUG AssetLoader          - Loading from cache: /assets/textures/tiles_spritesheet.png
20:25:54.377 [FXGL Background Thread 1 ] DEBUG AssetLoader          - Loading from cache: /assets/textures/tiles_spritesheet.png
20:25:54.378 [FXGL Background Thread 1 ] DEBUG AssetLoader          - Loading from cache: /assets/textures/tiles_spritesheet.png
20:25:54.378 [FXGL Background Thread 1 ] DEBUG AssetLoader          - Loading from cache: /assets/textures/tiles_spritesheet.png
20:25:54.378 [FXGL Background Thread 1 ] DEBUG AssetLoader          - Loading from cache: /assets/textures/tiles_spritesheet.png
20:25:54.378 [FXGL Background Thread 1 ] DEBUG AssetLoader          - Loading from cache: /assets/textures/tiles_spritesheet.png
20:25:54.379 [FXGL Background Thread 1 ] DEBUG AssetLoader          - Loading from cache: /assets/textures/tiles_spritesheet.png
20:25:54.379 [FXGL Background Thread 1 ] DEBUG AssetLoader          - Loading from cache: /assets/textures/tiles_spritesheet.png
20:25:54.379 [FXGL Background Thread 1 ] DEBUG AssetLoader          - Loading from cache: /assets/textures/tiles_spritesheet.png
20:25:54.380 [FXGL Background Thread 1 ] DEBUG AssetLoader          - Loading from cache: /assets/textures/tiles_spritesheet.png
20:25:54.380 [FXGL Background Thread 1 ] DEBUG AssetLoader          - Loading from cache: /assets/textures/tiles_spritesheet.png
20:25:54.380 [FXGL Background Thread 1 ] DEBUG AssetLoader          - Loading from cache: /assets/textures/tiles_spritesheet.png
20:25:54.381 [FXGL Background Thread 1 ] DEBUG AssetLoader          - Loading from cache: /assets/textures/tiles_spritesheet.png
20:25:54.381 [FXGL Background Thread 1 ] DEBUG AssetLoader          - Loading from cache: /assets/textures/tiles_spritesheet.png
20:25:54.382 [FXGL Background Thread 1 ] DEBUG AssetLoader          - Loading from cache: /assets/textures/tiles_spritesheet.png
20:25:54.382 [FXGL Background Thread 1 ] DEBUG AssetLoader          - Loading from cache: /assets/textures/tiles_spritesheet.png
20:25:54.382 [FXGL Background Thread 1 ] DEBUG AssetLoader          - Loading from cache: /assets/textures/tiles_spritesheet.png
20:25:54.383 [FXGL Background Thread 1 ] DEBUG AssetLoader          - Loading from cache: /assets/textures/tiles_spritesheet.png
20:25:54.383 [FXGL Background Thread 1 ] DEBUG AssetLoader          - Loading from cache: /assets/textures/tiles_spritesheet.png
20:25:54.383 [FXGL Background Thread 1 ] DEBUG AssetLoader          - Loading from cache: /assets/textures/tiles_spritesheet.png
20:25:54.384 [FXGL Background Thread 1 ] DEBUG AssetLoader          - Loading from cache: /assets/textures/tiles_spritesheet.png
20:25:54.384 [FXGL Background Thread 1 ] DEBUG AssetLoader          - Loading from cache: /assets/textures/tiles_spritesheet.png
20:25:54.384 [FXGL Background Thread 1 ] DEBUG AssetLoader          - Loading from cache: /assets/textures/tiles_spritesheet.png
20:25:54.384 [FXGL Background Thread 1 ] DEBUG AssetLoader          - Loading from cache: /assets/textures/tiles_spritesheet.png
20:25:54.385 [FXGL Background Thread 1 ] DEBUG AssetLoader          - Loading from cache: /assets/textures/tiles_spritesheet.png
20:25:54.390 [FXGL Background Thread 1 ] DEBUG GameScene            - Creating render group for layer: BACKGROUND(1000)
20:25:54.405 [FXGL Background Thread 1 ] DEBUG GameScene            - Creating render group for layer: DEFAULT(100000)
20:25:54.549 [FXGL Background Thread 1 ] DEBUG AssetLoader          - Loading from disk: /assets/textures/luigiwalk.png
20:25:54.555 [FXGL Background Thread 1 ] DEBUG AssetLoader          - Loading from cache: /assets/textures/luigiwalk.png
20:25:54.555 [FXGL Background Thread 1 ] DEBUG AssetLoader          - Loading from disk: /assets/textures/luigihop.png
20:25:54.561 [FXGL Background Thread 1 ] DEBUG AssetLoader          - Loading from disk: /assets/textures/enemyjump.png
20:25:54.565 [FXGL Background Thread 1 ] DEBUG AssetLoader          - Loading from cache: /assets/textures/enemyjump.png
20:25:54.567 [FXGL Background Thread 1 ] DEBUG AssetLoader          - Loading from cache: /assets/textures/enemyjump.png
20:25:54.568 [FXGL Background Thread 1 ] DEBUG InitAppTask          - Initializing Physics
20:25:54.570 [FXGL Background Thread 1 ] DEBUG InitAppTask          - Initializing UI
20:25:54.570 [FXGL Background Thread 1 ] DEBUG AssetLoader          - Loading from cache: /assets/ui/fonts/VarelaRound-Regular.ttf
20:25:54.571 [FXGL Background Thread 1 ] DEBUG AssetLoader          - Loading from cache: /assets/ui/fonts/VarelaRound-Regular.ttf
20:25:54.573 [FXGL Background Thread 1 ] DEBUG InitAppTask          - Initialization Complete
20:25:54.573 [FXGL Background Thread 1 ] INFO  InitAppTask          - Game initialization took: 0,873 sec
20:25:54.583 [JavaFX Application Thread] DEBUG Input                - Clearing active input actions
20:25:54.583 [JavaFX Application Thread] DEBUG AssetLoader          - Loading from disk: /assets/ui/css/fxgl_dark.css
20:25:54.605 [JavaFX Application Thread] DEBUG AppStateMachine      - LoadingState -> PlayState
20:25:57.497 [JavaFX Application Thread] DEBUG AssetLoader          - Loading from cache: /assets/sounds/smw_jump.wav
20:25:58.619 [JavaFX Application Thread] DEBUG AssetLoader          - Loading from cache: /assets/ui/fonts/VarelaRound-Regular.ttf
20:25:58.635 [JavaFX Application Thread] DEBUG AssetLoader          - Loading from cache: /assets/ui/fonts/VarelaRound-Regular.ttf
20:25:58.641 [JavaFX Application Thread] DEBUG AssetLoader          - Loading from disk: /assets/properties/languages/english.properties
20:25:58.647 [JavaFX Application Thread] DEBUG AssetLoader          - Loading from cache: /assets/ui/fonts/VarelaRound-Regular.ttf
20:25:58.648 [JavaFX Application Thread] DEBUG AppStateMachine      - Push state: DialogSubState
20:25:58.648 [JavaFX Application Thread] DEBUG Input                - Clearing active input actions
20:25:58.648 [JavaFX Application Thread] DEBUG AppStateMachine      - PlayState -> DialogSubState
20:25:58.666 [JavaFX Application Thread] DEBUG AssetLoader          - Loading from cache: /assets/textures/enemyjump.png
20:25:58.667 [JavaFX Application Thread] DEBUG AssetLoader          - Loading from cache: /assets/textures/enemyjump.png
20:25:58.668 [JavaFX Application Thread] DEBUG AssetLoader          - Loading from cache: /assets/textures/enemyjump.png
20:25:58.670 [JavaFX Application Thread] DEBUG AssetLoader          - Loading from cache: /assets/textures/luigiwalk.png
20:25:58.670 [JavaFX Application Thread] DEBUG AssetLoader          - Loading from cache: /assets/textures/luigiwalk.png
20:25:58.670 [JavaFX Application Thread] DEBUG AssetLoader          - Loading from cache: /assets/textures/luigihop.png
20:26:00.238 [JavaFX Application Thread] DEBUG AppStateMachine      - Pop state: DialogSubState
20:26:00.238 [JavaFX Application Thread] DEBUG Input                - Clearing active input actions
20:26:00.239 [JavaFX Application Thread] DEBUG AppStateMachine      - PlayState <- DialogSubState
20:26:01.505 [JavaFX Application Thread] DEBUG AssetLoader          - Loading from cache: /assets/sounds/smw_jump.wav
20:26:03.428 [JavaFX Application Thread] DEBUG AssetLoader          - Loading from cache: /assets/sounds/smw_jump.wav
20:26:04.712 [JavaFX Application Thread] DEBUG AssetLoader          - Loading from cache: /assets/sounds/smw_coin.wav
20:26:05.754 [JavaFX Application Thread] DEBUG AssetLoader          - Loading from cache: /assets/sounds/smw_jump.wav
20:26:06.479 [JavaFX Application Thread] DEBUG AssetLoader          - Loading from cache: /assets/sounds/smw_jump.wav
20:26:06.995 [JavaFX Application Thread] DEBUG AssetLoader          - Loading from cache: /assets/sounds/smw_jump.wav
20:26:07.453 [JavaFX Application Thread] DEBUG AssetLoader          - Loading from cache: /assets/sounds/smw_jump.wav
20:26:08.633 [JavaFX Application Thread] DEBUG AssetLoader          - Loading from cache: /assets/sounds/smw_coin.wav
20:26:08.664 [JavaFX Application Thread] DEBUG AssetLoader          - Loading from cache: /assets/sounds/smb_mariodie.wav
20:26:08.667 [JavaFX Application Thread] DEBUG AssetLoader          - Loading from cache: /assets/ui/fonts/VarelaRound-Regular.ttf
20:26:08.669 [JavaFX Application Thread] DEBUG AssetLoader          - Loading from cache: /assets/ui/fonts/VarelaRound-Regular.ttf
20:26:08.670 [JavaFX Application Thread] DEBUG AssetLoader          - Loading from cache: /assets/properties/languages/english.properties
20:26:08.672 [JavaFX Application Thread] DEBUG AssetLoader          - Loading from cache: /assets/ui/fonts/VarelaRound-Regular.ttf
20:26:08.673 [JavaFX Application Thread] DEBUG AppStateMachine      - Push state: DialogSubState
20:26:08.674 [JavaFX Application Thread] DEBUG Input                - Clearing active input actions
20:26:08.674 [JavaFX Application Thread] DEBUG AppStateMachine      - PlayState -> DialogSubState
20:26:08.687 [JavaFX Application Thread] DEBUG AssetLoader          - Loading from cache: /assets/textures/enemyjump.png
20:26:08.690 [JavaFX Application Thread] DEBUG AssetLoader          - Loading from cache: /assets/textures/enemyjump.png
20:26:08.692 [JavaFX Application Thread] DEBUG AssetLoader          - Loading from cache: /assets/textures/enemyjump.png
20:26:08.693 [JavaFX Application Thread] DEBUG AssetLoader          - Loading from cache: /assets/textures/luigiwalk.png
20:26:08.693 [JavaFX Application Thread] DEBUG AssetLoader          - Loading from cache: /assets/textures/luigiwalk.png
20:26:08.694 [JavaFX Application Thread] DEBUG AssetLoader          - Loading from cache: /assets/textures/luigihop.png
20:26:08.710 [JavaFX Application Thread] DEBUG AssetLoader          - Loading from cache: /assets/sounds/menu/select.wav
20:26:10.275 [JavaFX Application Thread] DEBUG AppStateMachine      - Pop state: DialogSubState
20:26:10.275 [JavaFX Application Thread] DEBUG Input                - Clearing active input actions
20:26:10.276 [JavaFX Application Thread] DEBUG AppStateMachine      - PlayState <- DialogSubState
20:26:12.170 [JavaFX Application Thread] DEBUG AssetLoader          - Loading from cache: /assets/sounds/smw_jump.wav
20:26:13.000 [JavaFX Application Thread] DEBUG AssetLoader          - Loading from cache: /assets/sounds/smw_jump.wav
20:26:13.556 [JavaFX Application Thread] DEBUG AssetLoader          - Loading from cache: /assets/sounds/smw_jump.wav
20:26:14.728 [JavaFX Application Thread] DEBUG AssetLoader          - Loading from cache: /assets/sounds/smw_coin.wav
20:26:15.260 [JavaFX Application Thread] DEBUG AssetLoader          - Loading from cache: /assets/sounds/smw_jump.wav
20:26:16.143 [JavaFX Application Thread] DEBUG AssetLoader          - Loading from cache: /assets/sounds/smw_jump.wav
20:26:18.147 [JavaFX Application Thread] DEBUG AssetLoader          - Loading from cache: /assets/sounds/smw_jump.wav
20:26:20.296 [JavaFX Application Thread] DEBUG AssetLoader          - Loading from cache: /assets/sounds/smw_jump.wav
20:26:21.276 [JavaFX Application Thread] DEBUG AssetLoader          - Loading from cache: /assets/sounds/smw_jump.wav
20:26:22.659 [JavaFX Application Thread] DEBUG AssetLoader          - Loading from cache: /assets/sounds/smw_jump.wav
20:26:23.943 [JavaFX Application Thread] DEBUG AssetLoader          - Loading from cache: /assets/sounds/smw_coin.wav
20:26:26.402 [JavaFX Application Thread] DEBUG AssetLoader          - Loading from cache: /assets/sounds/smw_jump.wav
20:26:26.888 [JavaFX Application Thread] DEBUG AssetLoader          - Loading from cache: /assets/sounds/smw_coin.wav
20:26:28.038 [JavaFX Application Thread] DEBUG AssetLoader          - Loading from cache: /assets/sounds/smw_jump.wav
20:26:28.612 [JavaFX Application Thread] DEBUG AssetLoader          - Loading from cache: /assets/sounds/smw_jump.wav
20:26:29.608 [JavaFX Application Thread] DEBUG AssetLoader          - Loading from cache: /assets/sounds/smw_jump.wav
20:26:30.294 [JavaFX Application Thread] DEBUG AssetLoader          - Loading from cache: /assets/sounds/smw_jump.wav
20:26:30.809 [JavaFX Application Thread] DEBUG AssetLoader          - Loading from cache: /assets/sounds/smw_jump.wav
20:26:33.319 [JavaFX Application Thread] DEBUG AssetLoader          - Loading from cache: /assets/sounds/smw_jump.wav
20:26:34.907 [JavaFX Application Thread] DEBUG AssetLoader          - Loading from cache: /assets/sounds/smw_jump.wav
20:26:35.741 [JavaFX Application Thread] DEBUG AssetLoader          - Loading from cache: /assets/sounds/smw_jump.wav
20:26:35.991 [JavaFX Application Thread] DEBUG AssetLoader          - Loading from cache: /assets/sounds/smw_coin.wav
20:26:37.375 [JavaFX Application Thread] DEBUG AssetLoader          - Loading from cache: /assets/sounds/smw_jump.wav
20:26:37.972 [JavaFX Application Thread] DEBUG AssetLoader          - Loading from cache: /assets/sounds/smw_jump.wav
20:26:38.971 [JavaFX Application Thread] DEBUG AssetLoader          - Loading from cache: /assets/sounds/smw_jump.wav
20:26:40.182 [JavaFX Application Thread] DEBUG AssetLoader          - Loading from cache: /assets/sounds/smw_coin.wav
20:26:40.776 [JavaFX Application Thread] DEBUG AssetLoader          - Loading from cache: /assets/sounds/smb_mariodie.wav
20:26:40.779 [JavaFX Application Thread] DEBUG AssetLoader          - Loading from cache: /assets/ui/fonts/VarelaRound-Regular.ttf
20:26:40.779 [JavaFX Application Thread] DEBUG AssetLoader          - Loading from cache: /assets/ui/fonts/VarelaRound-Regular.ttf
20:26:40.779 [JavaFX Application Thread] DEBUG AssetLoader          - Loading from cache: /assets/properties/languages/english.properties
20:26:40.781 [JavaFX Application Thread] DEBUG AssetLoader          - Loading from cache: /assets/ui/fonts/VarelaRound-Regular.ttf
20:26:40.783 [JavaFX Application Thread] DEBUG AppStateMachine      - Push state: DialogSubState
20:26:40.783 [JavaFX Application Thread] DEBUG Input                - Clearing active input actions
20:26:40.784 [JavaFX Application Thread] DEBUG AppStateMachine      - PlayState -> DialogSubState
20:26:40.802 [JavaFX Application Thread] DEBUG AssetLoader          - Loading from cache: /assets/textures/enemyjump.png
20:26:40.808 [JavaFX Application Thread] DEBUG AssetLoader          - Loading from cache: /assets/textures/enemyjump.png
20:26:40.813 [JavaFX Application Thread] DEBUG AssetLoader          - Loading from cache: /assets/textures/enemyjump.png
20:26:40.818 [JavaFX Application Thread] DEBUG AssetLoader          - Loading from cache: /assets/textures/luigiwalk.png
20:26:40.818 [JavaFX Application Thread] DEBUG AssetLoader          - Loading from cache: /assets/textures/luigiwalk.png
20:26:40.819 [JavaFX Application Thread] DEBUG AssetLoader          - Loading from cache: /assets/textures/luigihop.png
20:26:42.267 [JavaFX Application Thread] DEBUG AssetLoader          - Loading from cache: /assets/sounds/menu/select.wav
20:26:42.685 [JavaFX Application Thread] DEBUG AppStateMachine      - Pop state: DialogSubState
20:26:42.685 [JavaFX Application Thread] DEBUG Input                - Clearing active input actions
20:26:42.686 [JavaFX Application Thread] DEBUG AppStateMachine      - PlayState <- DialogSubState
20:26:43.654 [JavaFX Application Thread] DEBUG AssetLoader          - Loading from cache: /assets/sounds/smw_jump.wav
20:26:44.166 [JavaFX Application Thread] DEBUG AssetLoader          - Loading from cache: /assets/sounds/smw_jump.wav
20:26:45.352 [JavaFX Application Thread] DEBUG AssetLoader          - Loading from cache: /assets/sounds/smw_jump.wav
20:26:46.154 [JavaFX Application Thread] DEBUG AssetLoader          - Loading from cache: /assets/sounds/smw_jump.wav
20:26:47.080 [JavaFX Application Thread] DEBUG AssetLoader          - Loading from cache: /assets/sounds/smw_jump.wav
20:26:48.194 [JavaFX Application Thread] DEBUG AssetLoader          - Loading from cache: /assets/sounds/smw_jump.wav
20:26:49.355 [JavaFX Application Thread] DEBUG AssetLoader          - Loading from cache: /assets/sounds/smw_jump.wav
20:26:50.296 [JavaFX Application Thread] DEBUG AssetLoader          - Loading from cache: /assets/sounds/smw_jump.wav
20:26:55.668 [JavaFX Application Thread] DEBUG AssetLoader          - Loading from cache: /assets/sounds/smw_jump.wav
20:26:57.080 [JavaFX Application Thread] DEBUG AssetLoader          - Loading from cache: /assets/sounds/smw_jump.wav
20:26:57.127 [JavaFX Application Thread] DEBUG AssetLoader          - Loading from cache: /assets/sounds/smw_coin.wav
20:26:58.915 [JavaFX Application Thread] DEBUG AssetLoader          - Loading from cache: /assets/ui/fonts/VarelaRound-Regular.ttf
20:26:58.915 [JavaFX Application Thread] DEBUG AssetLoader          - Loading from cache: /assets/ui/fonts/VarelaRound-Regular.ttf
20:26:58.916 [JavaFX Application Thread] DEBUG AssetLoader          - Loading from cache: /assets/properties/languages/english.properties
20:26:58.917 [JavaFX Application Thread] DEBUG AssetLoader          - Loading from cache: /assets/ui/fonts/VarelaRound-Regular.ttf
20:26:58.918 [JavaFX Application Thread] DEBUG AppStateMachine      - Push state: DialogSubState
20:26:58.918 [JavaFX Application Thread] DEBUG Input                - Clearing active input actions
20:26:58.919 [JavaFX Application Thread] DEBUG AppStateMachine      - PlayState -> DialogSubState
20:26:58.922 [JavaFX Application Thread] DEBUG AssetLoader          - Loading from disk: /assets/json/luigi2.json
20:26:58.933 [JavaFX Application Thread] DEBUG GameWorld            - Clearing removable entities
20:26:58.945 [JavaFX Application Thread] DEBUG GameWorld            - Setting level from map
20:26:58.951 [JavaFX Application Thread] DEBUG AssetLoader          - Loading from cache: /assets/textures/tiles_spritesheet.png
20:26:58.951 [JavaFX Application Thread] DEBUG AssetLoader          - Loading from cache: /assets/textures/tiles_spritesheet.png
20:26:58.951 [JavaFX Application Thread] DEBUG AssetLoader          - Loading from cache: /assets/textures/tiles_spritesheet.png
20:26:58.952 [JavaFX Application Thread] DEBUG AssetLoader          - Loading from cache: /assets/textures/tiles_spritesheet.png
20:26:58.952 [JavaFX Application Thread] DEBUG AssetLoader          - Loading from cache: /assets/textures/tiles_spritesheet.png
20:26:58.952 [JavaFX Application Thread] DEBUG AssetLoader          - Loading from cache: /assets/textures/tiles_spritesheet.png
20:26:58.952 [JavaFX Application Thread] DEBUG AssetLoader          - Loading from cache: /assets/textures/tiles_spritesheet.png
20:26:58.952 [JavaFX Application Thread] DEBUG AssetLoader          - Loading from cache: /assets/textures/tiles_spritesheet.png
20:26:58.952 [JavaFX Application Thread] DEBUG AssetLoader          - Loading from cache: /assets/textures/tiles_spritesheet.png
20:26:58.952 [JavaFX Application Thread] DEBUG AssetLoader          - Loading from cache: /assets/textures/tiles_spritesheet.png
20:26:58.953 [JavaFX Application Thread] DEBUG AssetLoader          - Loading from cache: /assets/textures/tiles_spritesheet.png
20:26:58.953 [JavaFX Application Thread] DEBUG AssetLoader          - Loading from cache: /assets/textures/tiles_spritesheet.png
20:26:58.953 [JavaFX Application Thread] DEBUG AssetLoader          - Loading from cache: /assets/textures/tiles_spritesheet.png
20:26:58.953 [JavaFX Application Thread] DEBUG AssetLoader          - Loading from cache: /assets/textures/tiles_spritesheet.png
20:26:58.953 [JavaFX Application Thread] DEBUG AssetLoader          - Loading from cache: /assets/textures/tiles_spritesheet.png
20:26:58.953 [JavaFX Application Thread] DEBUG AssetLoader          - Loading from cache: /assets/textures/tiles_spritesheet.png
20:26:58.953 [JavaFX Application Thread] DEBUG AssetLoader          - Loading from cache: /assets/textures/tiles_spritesheet.png
20:26:58.954 [JavaFX Application Thread] DEBUG AssetLoader          - Loading from cache: /assets/textures/tiles_spritesheet.png
20:26:58.954 [JavaFX Application Thread] DEBUG AssetLoader          - Loading from cache: /assets/textures/tiles_spritesheet.png
20:26:58.954 [JavaFX Application Thread] DEBUG AssetLoader          - Loading from cache: /assets/textures/tiles_spritesheet.png
20:26:58.954 [JavaFX Application Thread] DEBUG AssetLoader          - Loading from cache: /assets/textures/tiles_spritesheet.png
20:26:58.954 [JavaFX Application Thread] DEBUG AssetLoader          - Loading from cache: /assets/textures/tiles_spritesheet.png
20:26:58.954 [JavaFX Application Thread] DEBUG AssetLoader          - Loading from cache: /assets/textures/tiles_spritesheet.png
20:26:58.954 [JavaFX Application Thread] DEBUG AssetLoader          - Loading from cache: /assets/textures/tiles_spritesheet.png
20:26:58.955 [JavaFX Application Thread] DEBUG AssetLoader          - Loading from cache: /assets/textures/tiles_spritesheet.png
20:26:58.955 [JavaFX Application Thread] DEBUG AssetLoader          - Loading from cache: /assets/textures/tiles_spritesheet.png
20:26:58.955 [JavaFX Application Thread] DEBUG AssetLoader          - Loading from cache: /assets/textures/tiles_spritesheet.png
20:26:58.955 [JavaFX Application Thread] DEBUG AssetLoader          - Loading from cache: /assets/textures/tiles_spritesheet.png
20:26:58.955 [JavaFX Application Thread] DEBUG AssetLoader          - Loading from cache: /assets/textures/tiles_spritesheet.png
20:26:58.955 [JavaFX Application Thread] DEBUG AssetLoader          - Loading from cache: /assets/textures/tiles_spritesheet.png
20:26:58.955 [JavaFX Application Thread] DEBUG AssetLoader          - Loading from cache: /assets/textures/tiles_spritesheet.png
20:26:58.955 [JavaFX Application Thread] DEBUG AssetLoader          - Loading from cache: /assets/textures/tiles_spritesheet.png
20:26:58.956 [JavaFX Application Thread] DEBUG AssetLoader          - Loading from cache: /assets/textures/tiles_spritesheet.png
20:26:58.956 [JavaFX Application Thread] DEBUG AssetLoader          - Loading from cache: /assets/textures/tiles_spritesheet.png
20:26:58.956 [JavaFX Application Thread] DEBUG AssetLoader          - Loading from cache: /assets/textures/tiles_spritesheet.png
20:26:58.956 [JavaFX Application Thread] DEBUG AssetLoader          - Loading from cache: /assets/textures/tiles_spritesheet.png
20:26:58.956 [JavaFX Application Thread] DEBUG AssetLoader          - Loading from cache: /assets/textures/tiles_spritesheet.png
20:26:58.956 [JavaFX Application Thread] DEBUG AssetLoader          - Loading from cache: /assets/textures/tiles_spritesheet.png
20:26:58.957 [JavaFX Application Thread] DEBUG AssetLoader          - Loading from cache: /assets/textures/tiles_spritesheet.png
20:26:58.957 [JavaFX Application Thread] DEBUG AssetLoader          - Loading from cache: /assets/textures/tiles_spritesheet.png
20:26:58.957 [JavaFX Application Thread] DEBUG AssetLoader          - Loading from cache: /assets/textures/tiles_spritesheet.png
20:26:58.957 [JavaFX Application Thread] DEBUG AssetLoader          - Loading from cache: /assets/textures/tiles_spritesheet.png
20:26:58.957 [JavaFX Application Thread] DEBUG AssetLoader          - Loading from cache: /assets/textures/tiles_spritesheet.png
20:26:58.957 [JavaFX Application Thread] DEBUG AssetLoader          - Loading from cache: /assets/textures/tiles_spritesheet.png
20:26:58.958 [JavaFX Application Thread] DEBUG AssetLoader          - Loading from cache: /assets/textures/tiles_spritesheet.png
20:26:58.958 [JavaFX Application Thread] DEBUG AssetLoader          - Loading from cache: /assets/textures/tiles_spritesheet.png
20:26:58.958 [JavaFX Application Thread] DEBUG AssetLoader          - Loading from cache: /assets/textures/tiles_spritesheet.png
20:26:58.958 [JavaFX Application Thread] DEBUG AssetLoader          - Loading from cache: /assets/textures/tiles_spritesheet.png
20:26:58.959 [JavaFX Application Thread] DEBUG AssetLoader          - Loading from cache: /assets/textures/tiles_spritesheet.png
20:26:58.959 [JavaFX Application Thread] DEBUG AssetLoader          - Loading from cache: /assets/textures/tiles_spritesheet.png
20:26:58.959 [JavaFX Application Thread] DEBUG AssetLoader          - Loading from cache: /assets/textures/tiles_spritesheet.png
20:26:58.959 [JavaFX Application Thread] DEBUG AssetLoader          - Loading from cache: /assets/textures/tiles_spritesheet.png
20:26:58.960 [JavaFX Application Thread] DEBUG AssetLoader          - Loading from cache: /assets/textures/tiles_spritesheet.png
20:26:58.960 [JavaFX Application Thread] DEBUG AssetLoader          - Loading from cache: /assets/textures/tiles_spritesheet.png
20:26:58.960 [JavaFX Application Thread] DEBUG AssetLoader          - Loading from cache: /assets/textures/tiles_spritesheet.png
20:26:58.960 [JavaFX Application Thread] DEBUG AssetLoader          - Loading from cache: /assets/textures/tiles_spritesheet.png
20:26:58.961 [JavaFX Application Thread] DEBUG AssetLoader          - Loading from cache: /assets/textures/tiles_spritesheet.png
20:26:58.961 [JavaFX Application Thread] DEBUG AssetLoader          - Loading from cache: /assets/textures/tiles_spritesheet.png
20:26:58.961 [JavaFX Application Thread] DEBUG AssetLoader          - Loading from cache: /assets/textures/tiles_spritesheet.png
20:26:58.961 [JavaFX Application Thread] DEBUG AssetLoader          - Loading from cache: /assets/textures/tiles_spritesheet.png
20:26:58.962 [JavaFX Application Thread] DEBUG AssetLoader          - Loading from cache: /assets/textures/tiles_spritesheet.png
20:26:58.962 [JavaFX Application Thread] DEBUG AssetLoader          - Loading from cache: /assets/textures/tiles_spritesheet.png
20:26:58.962 [JavaFX Application Thread] DEBUG AssetLoader          - Loading from cache: /assets/textures/tiles_spritesheet.png
20:26:58.962 [JavaFX Application Thread] DEBUG AssetLoader          - Loading from cache: /assets/textures/tiles_spritesheet.png
20:26:58.962 [JavaFX Application Thread] DEBUG AssetLoader          - Loading from cache: /assets/textures/tiles_spritesheet.png
20:26:58.962 [JavaFX Application Thread] DEBUG AssetLoader          - Loading from cache: /assets/textures/tiles_spritesheet.png
20:26:58.963 [JavaFX Application Thread] DEBUG AssetLoader          - Loading from cache: /assets/textures/tiles_spritesheet.png
20:26:58.963 [JavaFX Application Thread] DEBUG AssetLoader          - Loading from cache: /assets/textures/tiles_spritesheet.png
20:26:58.963 [JavaFX Application Thread] DEBUG AssetLoader          - Loading from cache: /assets/textures/tiles_spritesheet.png
20:26:58.963 [JavaFX Application Thread] DEBUG AssetLoader          - Loading from cache: /assets/textures/tiles_spritesheet.png
20:26:58.963 [JavaFX Application Thread] DEBUG AssetLoader          - Loading from cache: /assets/textures/tiles_spritesheet.png
20:26:58.963 [JavaFX Application Thread] DEBUG AssetLoader          - Loading from cache: /assets/textures/tiles_spritesheet.png
20:26:58.963 [JavaFX Application Thread] DEBUG AssetLoader          - Loading from cache: /assets/textures/tiles_spritesheet.png
20:26:58.964 [JavaFX Application Thread] DEBUG AssetLoader          - Loading from cache: /assets/textures/tiles_spritesheet.png
20:26:58.964 [JavaFX Application Thread] DEBUG AssetLoader          - Loading from cache: /assets/textures/tiles_spritesheet.png
20:26:58.964 [JavaFX Application Thread] DEBUG AssetLoader          - Loading from cache: /assets/textures/tiles_spritesheet.png
20:26:58.964 [JavaFX Application Thread] DEBUG AssetLoader          - Loading from cache: /assets/textures/tiles_spritesheet.png
20:26:58.964 [JavaFX Application Thread] DEBUG AssetLoader          - Loading from cache: /assets/textures/tiles_spritesheet.png
20:26:58.964 [JavaFX Application Thread] DEBUG AssetLoader          - Loading from cache: /assets/textures/tiles_spritesheet.png
20:26:58.964 [JavaFX Application Thread] DEBUG AssetLoader          - Loading from cache: /assets/textures/tiles_spritesheet.png
20:26:58.965 [JavaFX Application Thread] DEBUG AssetLoader          - Loading from cache: /assets/textures/tiles_spritesheet.png
20:26:58.965 [JavaFX Application Thread] DEBUG AssetLoader          - Loading from cache: /assets/textures/tiles_spritesheet.png
20:26:58.965 [JavaFX Application Thread] DEBUG AssetLoader          - Loading from cache: /assets/textures/tiles_spritesheet.png
20:26:58.965 [JavaFX Application Thread] DEBUG AssetLoader          - Loading from cache: /assets/textures/tiles_spritesheet.png
20:26:58.965 [JavaFX Application Thread] DEBUG AssetLoader          - Loading from cache: /assets/textures/tiles_spritesheet.png
20:26:58.965 [JavaFX Application Thread] DEBUG AssetLoader          - Loading from cache: /assets/textures/tiles_spritesheet.png
20:26:58.965 [JavaFX Application Thread] DEBUG AssetLoader          - Loading from cache: /assets/textures/tiles_spritesheet.png
20:26:58.965 [JavaFX Application Thread] DEBUG AssetLoader          - Loading from cache: /assets/textures/tiles_spritesheet.png
20:26:58.966 [JavaFX Application Thread] DEBUG AssetLoader          - Loading from cache: /assets/textures/tiles_spritesheet.png
20:26:58.966 [JavaFX Application Thread] DEBUG AssetLoader          - Loading from cache: /assets/textures/tiles_spritesheet.png
20:26:58.966 [JavaFX Application Thread] DEBUG AssetLoader          - Loading from cache: /assets/textures/tiles_spritesheet.png
20:26:58.966 [JavaFX Application Thread] DEBUG AssetLoader          - Loading from cache: /assets/textures/tiles_spritesheet.png
20:26:58.966 [JavaFX Application Thread] DEBUG AssetLoader          - Loading from cache: /assets/textures/tiles_spritesheet.png
20:26:58.966 [JavaFX Application Thread] DEBUG AssetLoader          - Loading from cache: /assets/textures/tiles_spritesheet.png
20:26:58.966 [JavaFX Application Thread] DEBUG AssetLoader          - Loading from cache: /assets/textures/tiles_spritesheet.png
20:26:58.966 [JavaFX Application Thread] DEBUG AssetLoader          - Loading from cache: /assets/textures/tiles_spritesheet.png
20:26:58.967 [JavaFX Application Thread] DEBUG AssetLoader          - Loading from cache: /assets/textures/tiles_spritesheet.png
20:26:58.967 [JavaFX Application Thread] DEBUG AssetLoader          - Loading from cache: /assets/textures/tiles_spritesheet.png
20:26:58.967 [JavaFX Application Thread] DEBUG AssetLoader          - Loading from cache: /assets/textures/tiles_spritesheet.png
20:26:58.967 [JavaFX Application Thread] DEBUG AssetLoader          - Loading from cache: /assets/textures/tiles_spritesheet.png
20:26:59.001 [JavaFX Application Thread] DEBUG AssetLoader          - Loading from cache: /assets/textures/luigiwalk.png
20:26:59.001 [JavaFX Application Thread] DEBUG AssetLoader          - Loading from cache: /assets/textures/luigiwalk.png
20:26:59.001 [JavaFX Application Thread] DEBUG AssetLoader          - Loading from cache: /assets/textures/luigihop.png
20:26:59.002 [JavaFX Application Thread] DEBUG AssetLoader          - Loading from cache: /assets/textures/enemyjump.png
20:26:59.003 [JavaFX Application Thread] DEBUG AssetLoader          - Loading from cache: /assets/textures/enemyjump.png
20:26:59.005 [JavaFX Application Thread] DEBUG AssetLoader          - Loading from disk: /assets/textures/enemywalker.png
20:26:59.014 [JavaFX Application Thread] DEBUG AssetLoader          - Loading from cache: /assets/sounds/menu/select.wav
20:26:59.901 [JavaFX Application Thread] DEBUG AppStateMachine      - Pop state: DialogSubState
20:26:59.901 [JavaFX Application Thread] DEBUG Input                - Clearing active input actions
20:26:59.902 [JavaFX Application Thread] DEBUG AppStateMachine      - PlayState <- DialogSubState
20:27:02.296 [JavaFX Application Thread] DEBUG AssetLoader          - Loading from cache: /assets/sounds/smw_coin.wav
20:27:04.358 [JavaFX Application Thread] DEBUG AssetLoader          - Loading from cache: /assets/sounds/smw_coin.wav
20:27:04.614 [JavaFX Application Thread] DEBUG AssetLoader          - Loading from cache: /assets/sounds/smb_mariodie.wav
20:27:04.616 [JavaFX Application Thread] DEBUG AssetLoader          - Loading from cache: /assets/ui/fonts/VarelaRound-Regular.ttf
20:27:04.616 [JavaFX Application Thread] DEBUG AssetLoader          - Loading from cache: /assets/ui/fonts/VarelaRound-Regular.ttf
20:27:04.616 [JavaFX Application Thread] DEBUG AssetLoader          - Loading from cache: /assets/properties/languages/english.properties
20:27:04.617 [JavaFX Application Thread] DEBUG AssetLoader          - Loading from cache: /assets/ui/fonts/VarelaRound-Regular.ttf
20:27:04.618 [JavaFX Application Thread] DEBUG AppStateMachine      - Push state: DialogSubState
20:27:04.618 [JavaFX Application Thread] DEBUG Input                - Clearing active input actions
20:27:04.618 [JavaFX Application Thread] DEBUG AppStateMachine      - PlayState -> DialogSubState
20:27:04.622 [JavaFX Application Thread] DEBUG AssetLoader          - Loading from cache: /assets/textures/luigiwalk.png
20:27:04.623 [JavaFX Application Thread] DEBUG AssetLoader          - Loading from cache: /assets/textures/luigiwalk.png
20:27:04.623 [JavaFX Application Thread] DEBUG AssetLoader          - Loading from cache: /assets/textures/luigihop.png
20:27:04.625 [JavaFX Application Thread] DEBUG AssetLoader          - Loading from cache: /assets/textures/enemywalker.png
20:27:04.636 [JavaFX Application Thread] DEBUG AssetLoader          - Loading from cache: /assets/sounds/menu/select.wav
20:27:05.158 [JavaFX Application Thread] DEBUG AppStateMachine      - Pop state: DialogSubState
20:27:05.158 [JavaFX Application Thread] DEBUG Input                - Clearing active input actions
20:27:05.159 [JavaFX Application Thread] DEBUG AppStateMachine      - PlayState <- DialogSubState
20:27:09.078 [JavaFX Application Thread] DEBUG AssetLoader          - Loading from cache: /assets/sounds/smw_jump.wav
20:27:09.565 [JavaFX Application Thread] DEBUG AssetLoader          - Loading from cache: /assets/sounds/smw_jump.wav
20:27:09.989 [JavaFX Application Thread] DEBUG AssetLoader          - Loading from cache: /assets/sounds/smw_jump.wav
20:27:11.221 [JavaFX Application Thread] DEBUG AssetLoader          - Loading from cache: /assets/sounds/smw_jump.wav
20:27:11.367 [JavaFX Application Thread] DEBUG AssetLoader          - Loading from cache: /assets/sounds/smw_coin.wav
20:27:17.713 [JavaFX Application Thread] DEBUG AssetLoader          - Loading from cache: /assets/sounds/smw_jump.wav
20:27:18.855 [JavaFX Application Thread] DEBUG AssetLoader          - Loading from cache: /assets/sounds/smw_coin.wav
20:27:20.264 [JavaFX Application Thread] DEBUG AssetLoader          - Loading from cache: /assets/sounds/smw_jump.wav
20:27:22.295 [JavaFX Application Thread] DEBUG AssetLoader          - Loading from cache: /assets/sounds/smw_coin.wav
20:27:22.524 [JavaFX Application Thread] DEBUG AssetLoader          - Loading from cache: /assets/sounds/smw_jump.wav
20:27:23.945 [JavaFX Application Thread] DEBUG AssetLoader          - Loading from cache: /assets/sounds/smw_coin.wav
20:27:24.307 [JavaFX Application Thread] DEBUG AssetLoader          - Loading from cache: /assets/sounds/smw_jump.wav
20:27:25.471 [JavaFX Application Thread] DEBUG AssetLoader          - Loading from cache: /assets/sounds/smw_jump.wav
20:27:26.099 [JavaFX Application Thread] DEBUG AssetLoader          - Loading from cache: /assets/sounds/smw_jump.wav
20:27:26.582 [JavaFX Application Thread] DEBUG AssetLoader          - Loading from cache: /assets/sounds/smw_jump.wav
20:27:27.183 [JavaFX Application Thread] DEBUG AssetLoader          - Loading from cache: /assets/sounds/smw_jump.wav
20:27:27.709 [JavaFX Application Thread] DEBUG AssetLoader          - Loading from cache: /assets/sounds/smw_jump.wav
20:27:28.727 [JavaFX Application Thread] DEBUG AssetLoader          - Loading from cache: /assets/sounds/smb_mariodie.wav
20:27:28.729 [JavaFX Application Thread] DEBUG AssetLoader          - Loading from cache: /assets/ui/fonts/VarelaRound-Regular.ttf
20:27:28.730 [JavaFX Application Thread] DEBUG AssetLoader          - Loading from cache: /assets/ui/fonts/VarelaRound-Regular.ttf
20:27:28.730 [JavaFX Application Thread] DEBUG AssetLoader          - Loading from cache: /assets/properties/languages/english.properties
20:27:28.731 [JavaFX Application Thread] DEBUG AssetLoader          - Loading from cache: /assets/ui/fonts/VarelaRound-Regular.ttf
20:27:28.732 [JavaFX Application Thread] DEBUG AppStateMachine      - Push state: DialogSubState
20:27:28.732 [JavaFX Application Thread] DEBUG Input                - Clearing active input actions
20:27:28.733 [JavaFX Application Thread] DEBUG AppStateMachine      - PlayState -> DialogSubState
20:27:28.745 [JavaFX Application Thread] DEBUG AssetLoader          - Loading from cache: /assets/textures/enemyjump.png
20:27:28.751 [JavaFX Application Thread] DEBUG AssetLoader          - Loading from cache: /assets/textures/enemyjump.png
20:27:28.756 [JavaFX Application Thread] DEBUG AssetLoader          - Loading from cache: /assets/textures/luigiwalk.png
20:27:28.757 [JavaFX Application Thread] DEBUG AssetLoader          - Loading from cache: /assets/textures/luigiwalk.png
20:27:28.757 [JavaFX Application Thread] DEBUG AssetLoader          - Loading from cache: /assets/textures/luigihop.png
20:27:28.761 [JavaFX Application Thread] DEBUG AssetLoader          - Loading from cache: /assets/textures/enemyjump.png
20:27:28.763 [JavaFX Application Thread] DEBUG AssetLoader          - Loading from cache: /assets/textures/enemyjump.png
20:27:28.765 [JavaFX Application Thread] DEBUG AssetLoader          - Loading from cache: /assets/textures/enemyjump.png
20:27:28.766 [JavaFX Application Thread] DEBUG AssetLoader          - Loading from cache: /assets/textures/luigiwalk.png
20:27:28.767 [JavaFX Application Thread] DEBUG AssetLoader          - Loading from cache: /assets/textures/luigiwalk.png
20:27:28.767 [JavaFX Application Thread] DEBUG AssetLoader          - Loading from cache: /assets/textures/luigihop.png
20:27:28.779 [JavaFX Application Thread] DEBUG AssetLoader          - Loading from cache: /assets/sounds/menu/select.wav
20:27:29.738 [JavaFX Application Thread] DEBUG AppStateMachine      - Pop state: DialogSubState
20:27:29.738 [JavaFX Application Thread] DEBUG Input                - Clearing active input actions
20:27:29.739 [JavaFX Application Thread] DEBUG AppStateMachine      - PlayState <- DialogSubState
20:27:42.947 [JavaFX Application Thread] DEBUG AssetLoader          - Loading from cache: /assets/sounds/smw_jump.wav
20:27:44.042 [JavaFX Application Thread] DEBUG AssetLoader          - Loading from cache: /assets/sounds/smw_jump.wav
20:27:46.008 [JavaFX Application Thread] DEBUG AssetLoader          - Loading from cache: /assets/sounds/smw_jump.wav
20:27:47.256 [JavaFX Application Thread] DEBUG AssetLoader          - Loading from cache: /assets/sounds/smw_jump.wav
20:27:48.016 [JavaFX Application Thread] DEBUG AssetLoader          - Loading from cache: /assets/sounds/smw_jump.wav
20:27:49.151 [JavaFX Application Thread] DEBUG AssetLoader          - Loading from cache: /assets/sounds/smw_jump.wav
20:27:51.592 [JavaFX Application Thread] DEBUG AssetLoader          - Loading from cache: /assets/sounds/smw_coin.wav
20:27:51.746 [JavaFX Application Thread] DEBUG AssetLoader          - Loading from cache: /assets/sounds/smw_jump.wav
20:27:53.437 [JavaFX Application Thread] DEBUG AssetLoader          - Loading from cache: /assets/sounds/smw_jump.wav
20:27:55.009 [JavaFX Application Thread] DEBUG AssetLoader          - Loading from cache: /assets/sounds/smw_jump.wav
20:27:56.063 [JavaFX Application Thread] DEBUG AssetLoader          - Loading from cache: /assets/sounds/smw_jump.wav
20:27:58.294 [JavaFX Application Thread] DEBUG AssetLoader          - Loading from cache: /assets/sounds/smw_coin.wav
20:28:00.278 [JavaFX Application Thread] DEBUG AssetLoader          - Loading from cache: /assets/sounds/smw_jump.wav
20:28:05.368 [JavaFX Application Thread] DEBUG AssetLoader          - Loading from cache: /assets/sounds/smw_coin.wav
20:28:05.751 [JavaFX Application Thread] DEBUG AssetLoader          - Loading from cache: /assets/sounds/smw_jump.wav
20:28:06.536 [JavaFX Application Thread] DEBUG AssetLoader          - Loading from cache: /assets/sounds/smw_jump.wav
20:28:08.665 [JavaFX Application Thread] DEBUG AssetLoader          - Loading from cache: /assets/sounds/smb_mariodie.wav
20:28:08.666 [JavaFX Application Thread] DEBUG AssetLoader          - Loading from cache: /assets/ui/fonts/VarelaRound-Regular.ttf
20:28:08.667 [JavaFX Application Thread] DEBUG AssetLoader          - Loading from cache: /assets/ui/fonts/VarelaRound-Regular.ttf
20:28:08.668 [JavaFX Application Thread] DEBUG AssetLoader          - Loading from cache: /assets/properties/languages/english.properties
20:28:08.669 [JavaFX Application Thread] DEBUG AssetLoader          - Loading from cache: /assets/ui/fonts/VarelaRound-Regular.ttf
20:28:08.670 [JavaFX Application Thread] DEBUG AppStateMachine      - Push state: DialogSubState
20:28:08.670 [JavaFX Application Thread] DEBUG Input                - Clearing active input actions
20:28:08.671 [JavaFX Application Thread] DEBUG AppStateMachine      - PlayState -> DialogSubState
20:28:08.682 [JavaFX Application Thread] DEBUG AssetLoader          - Loading from cache: /assets/textures/enemyjump.png
20:28:08.685 [JavaFX Application Thread] DEBUG AssetLoader          - Loading from cache: /assets/textures/enemyjump.png
20:28:08.689 [JavaFX Application Thread] DEBUG AssetLoader          - Loading from cache: /assets/textures/luigiwalk.png
20:28:08.690 [JavaFX Application Thread] DEBUG AssetLoader          - Loading from cache: /assets/textures/luigiwalk.png
20:28:08.690 [JavaFX Application Thread] DEBUG AssetLoader          - Loading from cache: /assets/textures/luigihop.png
20:28:08.694 [JavaFX Application Thread] DEBUG AssetLoader          - Loading from cache: /assets/textures/enemyjump.png
20:28:08.696 [JavaFX Application Thread] DEBUG AssetLoader          - Loading from cache: /assets/textures/enemyjump.png
20:28:08.698 [JavaFX Application Thread] DEBUG AssetLoader          - Loading from cache: /assets/textures/enemyjump.png
20:28:08.699 [JavaFX Application Thread] DEBUG AssetLoader          - Loading from cache: /assets/textures/luigiwalk.png
20:28:08.700 [JavaFX Application Thread] DEBUG AssetLoader          - Loading from cache: /assets/textures/luigiwalk.png
20:28:08.700 [JavaFX Application Thread] DEBUG AssetLoader          - Loading from cache: /assets/textures/luigihop.png
20:28:09.673 [JavaFX Application Thread] DEBUG AssetLoader          - Loading from cache: /assets/sounds/menu/select.wav
20:28:10.363 [JavaFX Application Thread] DEBUG AssetLoader          - Loading from cache: /assets/sounds/menu/select.wav
20:28:10.837 [JavaFX Application Thread] DEBUG AppStateMachine      - Pop state: DialogSubState
20:28:10.837 [JavaFX Application Thread] DEBUG Input                - Clearing active input actions
20:28:10.837 [JavaFX Application Thread] DEBUG AppStateMachine      - PlayState <- DialogSubState
20:28:15.080 [JavaFX Application Thread] DEBUG AssetLoader          - Loading from cache: /assets/sounds/smw_jump.wav
20:28:15.889 [JavaFX Application Thread] DEBUG AssetLoader          - Loading from cache: /assets/sounds/smw_jump.wav
20:28:16.806 [JavaFX Application Thread] DEBUG AssetLoader          - Loading from cache: /assets/sounds/smb_mariodie.wav
20:28:16.808 [JavaFX Application Thread] DEBUG AssetLoader          - Loading from cache: /assets/ui/fonts/VarelaRound-Regular.ttf
20:28:16.809 [JavaFX Application Thread] DEBUG AssetLoader          - Loading from cache: /assets/ui/fonts/VarelaRound-Regular.ttf
20:28:16.810 [JavaFX Application Thread] DEBUG AssetLoader          - Loading from cache: /assets/properties/languages/english.properties
20:28:16.812 [JavaFX Application Thread] DEBUG AssetLoader          - Loading from cache: /assets/ui/fonts/VarelaRound-Regular.ttf
20:28:16.812 [JavaFX Application Thread] DEBUG AppStateMachine      - Push state: DialogSubState
20:28:16.813 [JavaFX Application Thread] DEBUG Input                - Clearing active input actions
20:28:16.813 [JavaFX Application Thread] DEBUG AppStateMachine      - PlayState -> DialogSubState
20:28:16.820 [JavaFX Application Thread] DEBUG AssetLoader          - Loading from cache: /assets/textures/enemyjump.png
20:28:16.822 [JavaFX Application Thread] DEBUG AssetLoader          - Loading from cache: /assets/textures/enemyjump.png
20:28:16.825 [JavaFX Application Thread] DEBUG AssetLoader          - Loading from cache: /assets/textures/luigiwalk.png
20:28:16.825 [JavaFX Application Thread] DEBUG AssetLoader          - Loading from cache: /assets/textures/luigiwalk.png
20:28:16.825 [JavaFX Application Thread] DEBUG AssetLoader          - Loading from cache: /assets/textures/luigihop.png
20:28:16.828 [JavaFX Application Thread] DEBUG AssetLoader          - Loading from cache: /assets/textures/enemyjump.png
20:28:16.831 [JavaFX Application Thread] DEBUG AssetLoader          - Loading from cache: /assets/textures/enemyjump.png
20:28:16.834 [JavaFX Application Thread] DEBUG AssetLoader          - Loading from cache: /assets/textures/enemyjump.png
20:28:16.836 [JavaFX Application Thread] DEBUG AssetLoader          - Loading from cache: /assets/textures/luigiwalk.png
20:28:16.837 [JavaFX Application Thread] DEBUG AssetLoader          - Loading from cache: /assets/textures/luigiwalk.png
20:28:16.837 [JavaFX Application Thread] DEBUG AssetLoader          - Loading from cache: /assets/textures/luigihop.png
20:28:16.850 [JavaFX Application Thread] DEBUG AssetLoader          - Loading from cache: /assets/sounds/menu/select.wav
20:28:17.638 [JavaFX Application Thread] DEBUG AppStateMachine      - Pop state: DialogSubState
20:28:17.638 [JavaFX Application Thread] DEBUG Input                - Clearing active input actions
20:28:17.639 [JavaFX Application Thread] DEBUG AppStateMachine      - PlayState <- DialogSubState
20:28:22.448 [JavaFX Application Thread] DEBUG AssetLoader          - Loading from cache: /assets/sounds/smw_jump.wav
20:28:23.382 [JavaFX Application Thread] DEBUG AssetLoader          - Loading from cache: /assets/sounds/smw_jump.wav
20:28:27.816 [JavaFX Application Thread] DEBUG AssetLoader          - Loading from cache: /assets/sounds/smw_jump.wav
20:28:28.918 [JavaFX Application Thread] DEBUG AssetLoader          - Loading from cache: /assets/sounds/smw_jump.wav
20:28:29.957 [JavaFX Application Thread] DEBUG AssetLoader          - Loading from cache: /assets/sounds/smw_jump.wav
20:28:30.630 [JavaFX Application Thread] DEBUG AssetLoader          - Loading from cache: /assets/sounds/smw_jump.wav
20:28:31.393 [JavaFX Application Thread] DEBUG AssetLoader          - Loading from cache: /assets/sounds/smw_jump.wav
20:28:32.206 [JavaFX Application Thread] DEBUG AssetLoader          - Loading from cache: /assets/sounds/smw_jump.wav
20:28:36.520 [JavaFX Application Thread] DEBUG AssetLoader          - Loading from cache: /assets/sounds/smw_keyhole_exit.wav
20:28:36.521 [JavaFX Application Thread] DEBUG AssetLoader          - Loading from cache: /assets/ui/fonts/VarelaRound-Regular.ttf
20:28:36.521 [JavaFX Application Thread] DEBUG AssetLoader          - Loading from cache: /assets/ui/fonts/VarelaRound-Regular.ttf
20:28:36.522 [JavaFX Application Thread] DEBUG AssetLoader          - Loading from cache: /assets/properties/languages/english.properties
20:28:36.522 [JavaFX Application Thread] DEBUG AssetLoader          - Loading from cache: /assets/ui/fonts/VarelaRound-Regular.ttf
20:28:36.523 [JavaFX Application Thread] DEBUG AppStateMachine      - Push state: DialogSubState
20:28:36.523 [JavaFX Application Thread] DEBUG Input                - Clearing active input actions
20:28:36.523 [JavaFX Application Thread] DEBUG AppStateMachine      - PlayState -> DialogSubState
20:28:36.525 [JavaFX Application Thread] DEBUG AssetLoader          - Loading from disk: /assets/json/luigi3.json
20:28:36.549 [JavaFX Application Thread] DEBUG GameWorld            - Clearing removable entities
20:28:36.561 [JavaFX Application Thread] DEBUG GameWorld            - Setting level from map
20:28:36.565 [JavaFX Application Thread] DEBUG AssetLoader          - Loading from cache: /assets/textures/tiles_spritesheet.png
20:28:36.566 [JavaFX Application Thread] DEBUG AssetLoader          - Loading from cache: /assets/textures/tiles_spritesheet.png
20:28:36.566 [JavaFX Application Thread] DEBUG AssetLoader          - Loading from cache: /assets/textures/tiles_spritesheet.png
20:28:36.566 [JavaFX Application Thread] DEBUG AssetLoader          - Loading from cache: /assets/textures/tiles_spritesheet.png
20:28:36.566 [JavaFX Application Thread] DEBUG AssetLoader          - Loading from cache: /assets/textures/tiles_spritesheet.png
20:28:36.566 [JavaFX Application Thread] DEBUG AssetLoader          - Loading from cache: /assets/textures/tiles_spritesheet.png
20:28:36.567 [JavaFX Application Thread] DEBUG AssetLoader          - Loading from cache: /assets/textures/tiles_spritesheet.png
20:28:36.567 [JavaFX Application Thread] DEBUG AssetLoader          - Loading from cache: /assets/textures/tiles_spritesheet.png
20:28:36.567 [JavaFX Application Thread] DEBUG AssetLoader          - Loading from cache: /assets/textures/tiles_spritesheet.png
20:28:36.567 [JavaFX Application Thread] DEBUG AssetLoader          - Loading from cache: /assets/textures/tiles_spritesheet.png
20:28:36.567 [JavaFX Application Thread] DEBUG AssetLoader          - Loading from cache: /assets/textures/tiles_spritesheet.png
20:28:36.567 [JavaFX Application Thread] DEBUG AssetLoader          - Loading from cache: /assets/textures/tiles_spritesheet.png
20:28:36.567 [JavaFX Application Thread] DEBUG AssetLoader          - Loading from cache: /assets/textures/tiles_spritesheet.png
20:28:36.567 [JavaFX Application Thread] DEBUG AssetLoader          - Loading from cache: /assets/textures/tiles_spritesheet.png
20:28:36.567 [JavaFX Application Thread] DEBUG AssetLoader          - Loading from cache: /assets/textures/tiles_spritesheet.png
20:28:36.567 [JavaFX Application Thread] DEBUG AssetLoader          - Loading from cache: /assets/textures/tiles_spritesheet.png
20:28:36.568 [JavaFX Application Thread] DEBUG AssetLoader          - Loading from cache: /assets/textures/tiles_spritesheet.png
20:28:36.568 [JavaFX Application Thread] DEBUG AssetLoader          - Loading from cache: /assets/textures/tiles_spritesheet.png
20:28:36.568 [JavaFX Application Thread] DEBUG AssetLoader          - Loading from cache: /assets/textures/tiles_spritesheet.png
20:28:36.568 [JavaFX Application Thread] DEBUG AssetLoader          - Loading from cache: /assets/textures/tiles_spritesheet.png
20:28:36.568 [JavaFX Application Thread] DEBUG AssetLoader          - Loading from cache: /assets/textures/tiles_spritesheet.png
20:28:36.568 [JavaFX Application Thread] DEBUG AssetLoader          - Loading from cache: /assets/textures/tiles_spritesheet.png
20:28:36.568 [JavaFX Application Thread] DEBUG AssetLoader          - Loading from cache: /assets/textures/tiles_spritesheet.png
20:28:36.568 [JavaFX Application Thread] DEBUG AssetLoader          - Loading from cache: /assets/textures/tiles_spritesheet.png
20:28:36.569 [JavaFX Application Thread] DEBUG AssetLoader          - Loading from cache: /assets/textures/tiles_spritesheet.png
20:28:36.569 [JavaFX Application Thread] DEBUG AssetLoader          - Loading from cache: /assets/textures/tiles_spritesheet.png
20:28:36.569 [JavaFX Application Thread] DEBUG AssetLoader          - Loading from cache: /assets/textures/tiles_spritesheet.png
20:28:36.569 [JavaFX Application Thread] DEBUG AssetLoader          - Loading from cache: /assets/textures/tiles_spritesheet.png
20:28:36.569 [JavaFX Application Thread] DEBUG AssetLoader          - Loading from cache: /assets/textures/tiles_spritesheet.png
20:28:36.569 [JavaFX Application Thread] DEBUG AssetLoader          - Loading from cache: /assets/textures/tiles_spritesheet.png
20:28:36.569 [JavaFX Application Thread] DEBUG AssetLoader          - Loading from cache: /assets/textures/tiles_spritesheet.png
20:28:36.570 [JavaFX Application Thread] DEBUG AssetLoader          - Loading from cache: /assets/textures/tiles_spritesheet.png
20:28:36.570 [JavaFX Application Thread] DEBUG AssetLoader          - Loading from cache: /assets/textures/tiles_spritesheet.png
20:28:36.570 [JavaFX Application Thread] DEBUG AssetLoader          - Loading from cache: /assets/textures/tiles_spritesheet.png
20:28:36.570 [JavaFX Application Thread] DEBUG AssetLoader          - Loading from cache: /assets/textures/tiles_spritesheet.png
20:28:36.570 [JavaFX Application Thread] DEBUG AssetLoader          - Loading from cache: /assets/textures/tiles_spritesheet.png
20:28:36.570 [JavaFX Application Thread] DEBUG AssetLoader          - Loading from cache: /assets/textures/tiles_spritesheet.png
20:28:36.570 [JavaFX Application Thread] DEBUG AssetLoader          - Loading from cache: /assets/textures/tiles_spritesheet.png
20:28:36.570 [JavaFX Application Thread] DEBUG AssetLoader          - Loading from cache: /assets/textures/tiles_spritesheet.png
20:28:36.570 [JavaFX Application Thread] DEBUG AssetLoader          - Loading from cache: /assets/textures/tiles_spritesheet.png
20:28:36.571 [JavaFX Application Thread] DEBUG AssetLoader          - Loading from cache: /assets/textures/tiles_spritesheet.png
20:28:36.571 [JavaFX Application Thread] DEBUG AssetLoader          - Loading from cache: /assets/textures/tiles_spritesheet.png
20:28:36.571 [JavaFX Application Thread] DEBUG AssetLoader          - Loading from cache: /assets/textures/tiles_spritesheet.png
20:28:36.571 [JavaFX Application Thread] DEBUG AssetLoader          - Loading from cache: /assets/textures/tiles_spritesheet.png
20:28:36.571 [JavaFX Application Thread] DEBUG AssetLoader          - Loading from cache: /assets/textures/tiles_spritesheet.png
20:28:36.571 [JavaFX Application Thread] DEBUG AssetLoader          - Loading from cache: /assets/textures/tiles_spritesheet.png
20:28:36.571 [JavaFX Application Thread] DEBUG AssetLoader          - Loading from cache: /assets/textures/tiles_spritesheet.png
20:28:36.572 [JavaFX Application Thread] DEBUG AssetLoader          - Loading from cache: /assets/textures/tiles_spritesheet.png
20:28:36.572 [JavaFX Application Thread] DEBUG AssetLoader          - Loading from cache: /assets/textures/tiles_spritesheet.png
20:28:36.572 [JavaFX Application Thread] DEBUG AssetLoader          - Loading from cache: /assets/textures/tiles_spritesheet.png
20:28:36.572 [JavaFX Application Thread] DEBUG AssetLoader          - Loading from cache: /assets/textures/tiles_spritesheet.png
20:28:36.572 [JavaFX Application Thread] DEBUG AssetLoader          - Loading from cache: /assets/textures/tiles_spritesheet.png
20:28:36.572 [JavaFX Application Thread] DEBUG AssetLoader          - Loading from cache: /assets/textures/tiles_spritesheet.png
20:28:36.572 [JavaFX Application Thread] DEBUG AssetLoader          - Loading from cache: /assets/textures/tiles_spritesheet.png
20:28:36.573 [JavaFX Application Thread] DEBUG AssetLoader          - Loading from cache: /assets/textures/tiles_spritesheet.png
20:28:36.573 [JavaFX Application Thread] DEBUG AssetLoader          - Loading from cache: /assets/textures/tiles_spritesheet.png
20:28:36.573 [JavaFX Application Thread] DEBUG AssetLoader          - Loading from cache: /assets/textures/tiles_spritesheet.png
20:28:36.573 [JavaFX Application Thread] DEBUG AssetLoader          - Loading from cache: /assets/textures/tiles_spritesheet.png
20:28:36.573 [JavaFX Application Thread] DEBUG AssetLoader          - Loading from cache: /assets/textures/tiles_spritesheet.png
20:28:36.573 [JavaFX Application Thread] DEBUG AssetLoader          - Loading from cache: /assets/textures/tiles_spritesheet.png
20:28:36.573 [JavaFX Application Thread] DEBUG AssetLoader          - Loading from cache: /assets/textures/tiles_spritesheet.png
20:28:36.574 [JavaFX Application Thread] DEBUG AssetLoader          - Loading from cache: /assets/textures/tiles_spritesheet.png
20:28:36.574 [JavaFX Application Thread] DEBUG AssetLoader          - Loading from cache: /assets/textures/tiles_spritesheet.png
20:28:36.574 [JavaFX Application Thread] DEBUG AssetLoader          - Loading from cache: /assets/textures/tiles_spritesheet.png
20:28:36.574 [JavaFX Application Thread] DEBUG AssetLoader          - Loading from cache: /assets/textures/tiles_spritesheet.png
20:28:36.574 [JavaFX Application Thread] DEBUG AssetLoader          - Loading from cache: /assets/textures/tiles_spritesheet.png
20:28:36.574 [JavaFX Application Thread] DEBUG AssetLoader          - Loading from cache: /assets/textures/tiles_spritesheet.png
20:28:36.575 [JavaFX Application Thread] DEBUG AssetLoader          - Loading from cache: /assets/textures/tiles_spritesheet.png
20:28:36.575 [JavaFX Application Thread] DEBUG AssetLoader          - Loading from cache: /assets/textures/tiles_spritesheet.png
20:28:36.575 [JavaFX Application Thread] DEBUG AssetLoader          - Loading from cache: /assets/textures/tiles_spritesheet.png
20:28:36.575 [JavaFX Application Thread] DEBUG AssetLoader          - Loading from cache: /assets/textures/tiles_spritesheet.png
20:28:36.575 [JavaFX Application Thread] DEBUG AssetLoader          - Loading from cache: /assets/textures/tiles_spritesheet.png
20:28:36.575 [JavaFX Application Thread] DEBUG AssetLoader          - Loading from cache: /assets/textures/tiles_spritesheet.png
20:28:36.575 [JavaFX Application Thread] DEBUG AssetLoader          - Loading from cache: /assets/textures/tiles_spritesheet.png
20:28:36.575 [JavaFX Application Thread] DEBUG AssetLoader          - Loading from cache: /assets/textures/tiles_spritesheet.png
20:28:36.576 [JavaFX Application Thread] DEBUG AssetLoader          - Loading from cache: /assets/textures/tiles_spritesheet.png
20:28:36.576 [JavaFX Application Thread] DEBUG AssetLoader          - Loading from cache: /assets/textures/tiles_spritesheet.png
20:28:36.576 [JavaFX Application Thread] DEBUG AssetLoader          - Loading from cache: /assets/textures/tiles_spritesheet.png
20:28:36.576 [JavaFX Application Thread] DEBUG AssetLoader          - Loading from cache: /assets/textures/tiles_spritesheet.png
20:28:36.576 [JavaFX Application Thread] DEBUG AssetLoader          - Loading from cache: /assets/textures/tiles_spritesheet.png
20:28:36.576 [JavaFX Application Thread] DEBUG AssetLoader          - Loading from cache: /assets/textures/tiles_spritesheet.png
20:28:36.576 [JavaFX Application Thread] DEBUG AssetLoader          - Loading from cache: /assets/textures/tiles_spritesheet.png
20:28:36.577 [JavaFX Application Thread] DEBUG AssetLoader          - Loading from cache: /assets/textures/tiles_spritesheet.png
20:28:36.577 [JavaFX Application Thread] DEBUG AssetLoader          - Loading from cache: /assets/textures/tiles_spritesheet.png
20:28:36.577 [JavaFX Application Thread] DEBUG AssetLoader          - Loading from cache: /assets/textures/tiles_spritesheet.png
20:28:36.577 [JavaFX Application Thread] DEBUG AssetLoader          - Loading from cache: /assets/textures/tiles_spritesheet.png
20:28:36.577 [JavaFX Application Thread] DEBUG AssetLoader          - Loading from cache: /assets/textures/tiles_spritesheet.png
20:28:36.577 [JavaFX Application Thread] DEBUG AssetLoader          - Loading from cache: /assets/textures/tiles_spritesheet.png
20:28:36.578 [JavaFX Application Thread] DEBUG AssetLoader          - Loading from cache: /assets/textures/tiles_spritesheet.png
20:28:36.578 [JavaFX Application Thread] DEBUG AssetLoader          - Loading from cache: /assets/textures/tiles_spritesheet.png
20:28:36.578 [JavaFX Application Thread] DEBUG AssetLoader          - Loading from cache: /assets/textures/tiles_spritesheet.png
20:28:36.578 [JavaFX Application Thread] DEBUG AssetLoader          - Loading from cache: /assets/textures/tiles_spritesheet.png
20:28:36.578 [JavaFX Application Thread] DEBUG AssetLoader          - Loading from cache: /assets/textures/tiles_spritesheet.png
20:28:36.578 [JavaFX Application Thread] DEBUG AssetLoader          - Loading from cache: /assets/textures/tiles_spritesheet.png
20:28:36.578 [JavaFX Application Thread] DEBUG AssetLoader          - Loading from cache: /assets/textures/tiles_spritesheet.png
20:28:36.604 [JavaFX Application Thread] DEBUG AssetLoader          - Loading from cache: /assets/textures/luigiwalk.png
20:28:36.604 [JavaFX Application Thread] DEBUG AssetLoader          - Loading from cache: /assets/textures/luigiwalk.png
20:28:36.604 [JavaFX Application Thread] DEBUG AssetLoader          - Loading from cache: /assets/textures/luigihop.png
20:28:36.605 [JavaFX Application Thread] DEBUG AssetLoader          - Loading from cache: /assets/textures/enemyjump.png
20:28:36.606 [JavaFX Application Thread] DEBUG AssetLoader          - Loading from cache: /assets/textures/enemyjump.png
20:28:36.606 [JavaFX Application Thread] DEBUG AssetLoader          - Loading from cache: /assets/textures/enemyjump.png
20:28:36.607 [JavaFX Application Thread] DEBUG AssetLoader          - Loading from cache: /assets/textures/enemywalker.png
20:28:36.611 [JavaFX Application Thread] DEBUG AssetLoader          - Loading from cache: /assets/sounds/menu/select.wav
20:28:37.229 [JavaFX Application Thread] DEBUG AppStateMachine      - Pop state: DialogSubState
20:28:37.229 [JavaFX Application Thread] DEBUG Input                - Clearing active input actions
20:28:37.230 [JavaFX Application Thread] DEBUG AppStateMachine      - PlayState <- DialogSubState
20:28:37.826 [JavaFX Application Thread] DEBUG AssetLoader          - Loading from cache: /assets/sounds/smw_jump.wav
20:28:38.966 [JavaFX Application Thread] DEBUG AssetLoader          - Loading from cache: /assets/sounds/smw_jump.wav
20:28:40.481 [JavaFX Application Thread] DEBUG AssetLoader          - Loading from cache: /assets/sounds/smw_jump.wav
20:28:42.372 [JavaFX Application Thread] DEBUG AssetLoader          - Loading from cache: /assets/sounds/smw_jump.wav
20:28:42.921 [JavaFX Application Thread] DEBUG AssetLoader          - Loading from cache: /assets/sounds/smw_jump.wav
20:28:44.231 [JavaFX Application Thread] DEBUG AssetLoader          - Loading from cache: /assets/sounds/smb_mariodie.wav
20:28:44.232 [JavaFX Application Thread] DEBUG AssetLoader          - Loading from cache: /assets/ui/fonts/VarelaRound-Regular.ttf
20:28:44.232 [JavaFX Application Thread] DEBUG AssetLoader          - Loading from cache: /assets/ui/fonts/VarelaRound-Regular.ttf
20:28:44.232 [JavaFX Application Thread] DEBUG AssetLoader          - Loading from cache: /assets/properties/languages/english.properties
20:28:44.232 [JavaFX Application Thread] DEBUG AssetLoader          - Loading from cache: /assets/ui/fonts/VarelaRound-Regular.ttf
20:28:44.233 [JavaFX Application Thread] DEBUG AppStateMachine      - Push state: DialogSubState
20:28:44.233 [JavaFX Application Thread] DEBUG Input                - Clearing active input actions
20:28:44.233 [JavaFX Application Thread] DEBUG AppStateMachine      - PlayState -> DialogSubState
20:28:44.236 [JavaFX Application Thread] DEBUG AssetLoader          - Loading from cache: /assets/textures/enemyjump.png
20:28:44.237 [JavaFX Application Thread] DEBUG AssetLoader          - Loading from cache: /assets/textures/enemyjump.png
20:28:44.238 [JavaFX Application Thread] DEBUG AssetLoader          - Loading from cache: /assets/textures/enemyjump.png
20:28:44.239 [JavaFX Application Thread] DEBUG AssetLoader          - Loading from cache: /assets/textures/luigiwalk.png
20:28:44.239 [JavaFX Application Thread] DEBUG AssetLoader          - Loading from cache: /assets/textures/luigiwalk.png
20:28:44.239 [JavaFX Application Thread] DEBUG AssetLoader          - Loading from cache: /assets/textures/luigihop.png
20:28:44.245 [JavaFX Application Thread] DEBUG AssetLoader          - Loading from cache: /assets/sounds/menu/select.wav
20:28:44.921 [JavaFX Application Thread] DEBUG AppStateMachine      - Pop state: DialogSubState
20:28:44.921 [JavaFX Application Thread] DEBUG Input                - Clearing active input actions
20:28:44.921 [JavaFX Application Thread] DEBUG AppStateMachine      - PlayState <- DialogSubState
20:28:46.401 [JavaFX Application Thread] DEBUG AssetLoader          - Loading from cache: /assets/sounds/smw_jump.wav
20:28:48.344 [JavaFX Application Thread] DEBUG FXGL                 - Exiting FXGL
20:28:48.346 [JavaFX Application Thread] DEBUG FXGL                 - Shutting down background threads
20:28:48.346 [JavaFX Application Thread] DEBUG FXGL                 - Saving FXGL system data
20:28:48.351 [JavaFX Application Thread] DEBUG DesktopFSService     - Writing to: system\fxgl.bundle
20:28:48.358 [JavaFX Application Thread] DEBUG FXGL                 - Closing logger and exiting JavaFX
