14:24:18.207 [JavaFX Application Thread] DEBUG GameApplication      - Logger initialized
14:24:18.226 [JavaFX Application Thread] DEBUG GameApplication      - Logging settings
Title: LuigiFactory
Version: 0.0
Width: 1400
Height: 1050
Fullscreen: false
Intro: false
Menus: true
Profiling: false
Single step:false
App Mode: DEVELOPER
Menu Key: ESCAPE
Stage Style: DECORATED
Scene Factory: class com.almasb.fxgl.scene.SceneFactory
Dialog Factory: class com.almasb.fxgl.ui.FXGLDialogFactory
UI Factory: class com.almasb.fxgl.ui.FXGLUIFactory
Notification Service: class com.almasb.fxgl.gameplay.notification.XboxNotificationView
Exception Handler: class com.almasb.fxgl.app.FXGLExceptionHandler
14:24:18.226 [JavaFX Application Thread] DEBUG GameApplication      - Starting FXGL
14:24:18.241 [JavaFX Application Thread] INFO  FXGL                 - FXGL-0.5.4 on DESKTOP
14:24:18.242 [JavaFX Application Thread] INFO  FXGL                 - Source code and latest versions at: https://github.com/AlmasB/FXGL
14:24:18.242 [JavaFX Application Thread] INFO  FXGL                 -              Join the FXGL chat at: https://gitter.im/AlmasB/FXGL
14:24:18.243 [JavaFX Application Thread] DEBUG FXGL                 - FXGL started
14:24:18.243 [JavaFX Application Thread] DEBUG FXGL                 - Initializing FXGL
14:24:18.353 [JavaFX Application Thread] DEBUG AssetLoader          - Loading from disk: /assets/ui/cursors/fxgl_default.png
14:24:18.475 [JavaFX Application Thread] DEBUG AssetLoader          - Loading from disk: /assets/ui/fonts/VarelaRound-Regular.ttf
14:24:18.955 [JavaFX Application Thread] DEBUG MainWindow           - Creating a JavaFX scene
14:24:18.956 [JavaFX Application Thread] DEBUG MainWindow           - Target size > screen size
14:24:19.077 [JavaFX Application Thread] DEBUG MainWindow           - Target settings size: 1400.0 x 1050.0
14:24:19.078 [JavaFX Application Thread] DEBUG MainWindow           - Scaled scene size:    1121.0 x 859.0
14:24:19.078 [JavaFX Application Thread] DEBUG MainWindow           - Scaled ratio: (0.8007142857142857, 0.8180952380952381)
14:24:19.088 [JavaFX Application Thread] DEBUG AssetLoader          - Loading from disk: /assets/ui/css/fxgl_dark.css
14:24:19.101 [JavaFX Application Thread] DEBUG AssetLoader          - Loading from disk: /assets/textures/fxgl_icon.png
14:24:19.151 [JavaFX Application Thread] DEBUG MainWindow           - Opening main window
14:24:19.752 [JavaFX Application Thread] DEBUG MainWindow           - Window border size: (6.0, 29.0)
14:24:19.752 [JavaFX Application Thread] DEBUG MainWindow           - Scaled size: 1121.0 x 859.0
14:24:19.753 [JavaFX Application Thread] DEBUG MainWindow           - Scaled ratio: (0.8007142857142857, 0.8180952380952381)
14:24:19.753 [JavaFX Application Thread] DEBUG MainWindow           - Scene size: 1121.0 x 859.0
14:24:19.754 [JavaFX Application Thread] DEBUG MainWindow           - Stage size: 1127.0 x 888.0
14:24:19.884 [ForkJoinPool.commonPool-worker-1] DEBUG FS                   - Loaded DesktopFSService
14:24:19.886 [ForkJoinPool.commonPool-worker-1] DEBUG FXGL                 - Loading FXGL system data
14:24:19.903 [ForkJoinPool.commonPool-worker-1] DEBUG DesktopFSService     - Reading from: system\fxgl.bundle
14:24:19.923 [ForkJoinPool.commonPool-worker-1] DEBUG Bundle               - Logging bundle: FXGL
14:24:19.924 [ForkJoinPool.commonPool-worker-1] DEBUG Bundle               - FXGL.offline.timer.version.check=2019-01-28T11:57:03.073
14:24:19.926 [ForkJoinPool.commonPool-worker-1] DEBUG FXGL                 - Initializing state machine and application states
14:24:19.930 [ForkJoinPool.commonPool-worker-1] DEBUG AssetLoader          - Loading from disk: /assets/ui/cursors/fxgl_default.png
14:24:19.939 [ForkJoinPool.commonPool-worker-1] DEBUG AssetLoader          - Loading from disk: /assets/ui/cursors/fxgl_default.png
14:24:19.953 [ForkJoinPool.commonPool-worker-1] DEBUG AssetLoader          - Loading from cache: /assets/ui/fonts/VarelaRound-Regular.ttf
14:24:19.958 [ForkJoinPool.commonPool-worker-1] DEBUG AssetLoader          - Loading from disk: /assets/ui/cursors/fxgl_default.png
14:24:19.966 [ForkJoinPool.commonPool-worker-1] DEBUG GameScene            - Game scene initialized: 1400x1050
14:24:19.981 [ForkJoinPool.commonPool-worker-1] DEBUG GameWorld            - Game world initialized
14:24:20.105 [ForkJoinPool.commonPool-worker-1] DEBUG PhysicsWorld         - Physics world initialized: appHeight=1050, physics.ppm=50,0
14:24:20.154 [ForkJoinPool.commonPool-worker-1] DEBUG AssetLoader          - Loading from disk: /assets/ui/cursors/fxgl_default.png
14:24:20.162 [ForkJoinPool.commonPool-worker-1] DEBUG AssetLoader          - Loading from disk: /assets/properties/languages/english.properties
14:24:20.164 [ForkJoinPool.commonPool-worker-1] DEBUG AssetLoader          - Loading from cache: /assets/ui/fonts/VarelaRound-Regular.ttf
14:24:20.165 [ForkJoinPool.commonPool-worker-1] DEBUG AssetLoader          - Loading from cache: /assets/ui/fonts/VarelaRound-Regular.ttf
14:24:20.165 [ForkJoinPool.commonPool-worker-1] DEBUG AssetLoader          - Loading from cache: /assets/ui/fonts/VarelaRound-Regular.ttf
14:24:20.185 [ForkJoinPool.commonPool-worker-1] DEBUG AssetLoader          - Loading from disk: /assets/textures/particles/trace_horizontal.png
14:24:20.262 [ForkJoinPool.commonPool-worker-1] DEBUG AssetLoader          - Loading from cache: /assets/ui/fonts/VarelaRound-Regular.ttf
14:24:20.264 [ForkJoinPool.commonPool-worker-1] DEBUG FXGL.Menu            - createMenuBodyMainMenu()
14:24:20.276 [ForkJoinPool.commonPool-worker-1] DEBUG AssetLoader          - Loading from cache: /assets/ui/fonts/VarelaRound-Regular.ttf
14:24:20.280 [ForkJoinPool.commonPool-worker-1] DEBUG AssetLoader          - Loading from cache: /assets/properties/languages/english.properties
14:24:20.285 [ForkJoinPool.commonPool-worker-1] DEBUG AssetLoader          - Loading from cache: /assets/ui/fonts/VarelaRound-Regular.ttf
14:24:20.285 [ForkJoinPool.commonPool-worker-1] DEBUG AssetLoader          - Loading from cache: /assets/properties/languages/english.properties
14:24:20.286 [ForkJoinPool.commonPool-worker-1] DEBUG FXGL.Menu            - createOptionsMenu()
14:24:20.286 [ForkJoinPool.commonPool-worker-1] DEBUG AssetLoader          - Loading from cache: /assets/ui/fonts/VarelaRound-Regular.ttf
14:24:20.286 [ForkJoinPool.commonPool-worker-1] DEBUG AssetLoader          - Loading from cache: /assets/properties/languages/english.properties
14:24:20.289 [ForkJoinPool.commonPool-worker-1] DEBUG AssetLoader          - Loading from cache: /assets/ui/fonts/VarelaRound-Regular.ttf
14:24:20.289 [ForkJoinPool.commonPool-worker-1] DEBUG AssetLoader          - Loading from cache: /assets/properties/languages/english.properties
14:24:20.291 [ForkJoinPool.commonPool-worker-1] DEBUG AssetLoader          - Loading from cache: /assets/ui/fonts/VarelaRound-Regular.ttf
14:24:20.291 [ForkJoinPool.commonPool-worker-1] DEBUG AssetLoader          - Loading from cache: /assets/properties/languages/english.properties
14:24:20.308 [ForkJoinPool.commonPool-worker-1] DEBUG AssetLoader          - Loading from cache: /assets/ui/fonts/VarelaRound-Regular.ttf
14:24:20.308 [ForkJoinPool.commonPool-worker-1] DEBUG AssetLoader          - Loading from cache: /assets/properties/languages/english.properties
14:24:20.310 [ForkJoinPool.commonPool-worker-1] DEBUG AssetLoader          - Loading from cache: /assets/ui/fonts/VarelaRound-Regular.ttf
14:24:20.310 [ForkJoinPool.commonPool-worker-1] DEBUG AssetLoader          - Loading from cache: /assets/properties/languages/english.properties
14:24:20.312 [ForkJoinPool.commonPool-worker-1] DEBUG AssetLoader          - Loading from cache: /assets/ui/fonts/VarelaRound-Regular.ttf
14:24:20.312 [ForkJoinPool.commonPool-worker-1] DEBUG AssetLoader          - Loading from cache: /assets/properties/languages/english.properties
14:24:20.314 [ForkJoinPool.commonPool-worker-1] DEBUG AssetLoader          - Loading from cache: /assets/ui/fonts/VarelaRound-Regular.ttf
14:24:20.315 [ForkJoinPool.commonPool-worker-1] DEBUG AssetLoader          - Loading from cache: /assets/properties/languages/english.properties
14:24:20.316 [ForkJoinPool.commonPool-worker-1] DEBUG AssetLoader          - Loading from cache: /assets/ui/fonts/VarelaRound-Regular.ttf
14:24:20.317 [ForkJoinPool.commonPool-worker-1] DEBUG AssetLoader          - Loading from cache: /assets/properties/languages/english.properties
14:24:20.318 [ForkJoinPool.commonPool-worker-1] DEBUG AssetLoader          - Loading from disk: /assets/textures/particles/smoke.png
14:24:20.446 [ForkJoinPool.commonPool-worker-1] DEBUG AssetLoader          - Loading from disk: /assets/ui/cursors/fxgl_default.png
14:24:20.449 [ForkJoinPool.commonPool-worker-1] DEBUG AssetLoader          - Loading from cache: /assets/properties/languages/english.properties
14:24:20.449 [ForkJoinPool.commonPool-worker-1] DEBUG AssetLoader          - Loading from cache: /assets/ui/fonts/VarelaRound-Regular.ttf
14:24:20.450 [ForkJoinPool.commonPool-worker-1] DEBUG AssetLoader          - Loading from cache: /assets/ui/fonts/VarelaRound-Regular.ttf
14:24:20.451 [ForkJoinPool.commonPool-worker-1] DEBUG AssetLoader          - Loading from cache: /assets/ui/fonts/VarelaRound-Regular.ttf
14:24:20.452 [ForkJoinPool.commonPool-worker-1] DEBUG AssetLoader          - Loading from cache: /assets/textures/particles/trace_horizontal.png@64.0x64.0
14:24:20.453 [ForkJoinPool.commonPool-worker-1] DEBUG AssetLoader          - Loading from cache: /assets/ui/fonts/VarelaRound-Regular.ttf
14:24:20.454 [ForkJoinPool.commonPool-worker-1] DEBUG FXGL.Menu            - createMenuBodyGameMenu()
14:24:20.455 [ForkJoinPool.commonPool-worker-1] DEBUG AssetLoader          - Loading from cache: /assets/ui/fonts/VarelaRound-Regular.ttf
14:24:20.455 [ForkJoinPool.commonPool-worker-1] DEBUG AssetLoader          - Loading from cache: /assets/properties/languages/english.properties
14:24:20.458 [ForkJoinPool.commonPool-worker-1] DEBUG AssetLoader          - Loading from cache: /assets/ui/fonts/VarelaRound-Regular.ttf
14:24:20.459 [ForkJoinPool.commonPool-worker-1] DEBUG AssetLoader          - Loading from cache: /assets/properties/languages/english.properties
14:24:20.460 [ForkJoinPool.commonPool-worker-1] DEBUG FXGL.Menu            - createOptionsMenu()
14:24:20.461 [ForkJoinPool.commonPool-worker-1] DEBUG AssetLoader          - Loading from cache: /assets/ui/fonts/VarelaRound-Regular.ttf
14:24:20.461 [ForkJoinPool.commonPool-worker-1] DEBUG AssetLoader          - Loading from cache: /assets/properties/languages/english.properties
14:24:20.463 [ForkJoinPool.commonPool-worker-1] DEBUG AssetLoader          - Loading from cache: /assets/ui/fonts/VarelaRound-Regular.ttf
14:24:20.463 [ForkJoinPool.commonPool-worker-1] DEBUG AssetLoader          - Loading from cache: /assets/properties/languages/english.properties
14:24:20.464 [ForkJoinPool.commonPool-worker-1] DEBUG AssetLoader          - Loading from cache: /assets/ui/fonts/VarelaRound-Regular.ttf
14:24:20.464 [ForkJoinPool.commonPool-worker-1] DEBUG AssetLoader          - Loading from cache: /assets/properties/languages/english.properties
14:24:20.465 [ForkJoinPool.commonPool-worker-1] DEBUG AssetLoader          - Loading from cache: /assets/ui/fonts/VarelaRound-Regular.ttf
14:24:20.466 [ForkJoinPool.commonPool-worker-1] DEBUG AssetLoader          - Loading from cache: /assets/properties/languages/english.properties
14:24:20.467 [ForkJoinPool.commonPool-worker-1] DEBUG AssetLoader          - Loading from cache: /assets/ui/fonts/VarelaRound-Regular.ttf
14:24:20.467 [ForkJoinPool.commonPool-worker-1] DEBUG AssetLoader          - Loading from cache: /assets/properties/languages/english.properties
14:24:20.469 [ForkJoinPool.commonPool-worker-1] DEBUG AssetLoader          - Loading from cache: /assets/ui/fonts/VarelaRound-Regular.ttf
14:24:20.470 [ForkJoinPool.commonPool-worker-1] DEBUG AssetLoader          - Loading from cache: /assets/properties/languages/english.properties
14:24:20.471 [ForkJoinPool.commonPool-worker-1] DEBUG AssetLoader          - Loading from cache: /assets/ui/fonts/VarelaRound-Regular.ttf
14:24:20.471 [ForkJoinPool.commonPool-worker-1] DEBUG AssetLoader          - Loading from cache: /assets/properties/languages/english.properties
14:24:20.473 [ForkJoinPool.commonPool-worker-1] DEBUG AssetLoader          - Loading from cache: /assets/textures/particles/smoke.png@128.0x128.0
14:24:20.561 [JavaFX Application Thread] DEBUG FXGL                 - Running preInit()
14:24:20.598 [JavaFX Application Thread] DEBUG Input                - Registered new binding: Screenshot - P
14:24:20.599 [JavaFX Application Thread] DEBUG Input                - Registered new binding: Dev Options - CTRL+0
14:24:20.600 [JavaFX Application Thread] DEBUG Input                - Registered new binding: System info dump - CTRL+9
14:24:20.601 [JavaFX Application Thread] DEBUG Input                - Registered new binding: Restart - CTRL+R
14:24:20.602 [JavaFX Application Thread] DEBUG Input                - Registered new binding: Left - Left
14:24:20.602 [JavaFX Application Thread] DEBUG Input                - Registered new binding: Right - Right
14:24:20.602 [JavaFX Application Thread] DEBUG Input                - Registered new binding: Jump - Up
14:24:20.604 [JavaFX Application Thread] DEBUG MenuEventHandler     - generateDefaultProfile()
14:24:20.604 [JavaFX Application Thread] DEBUG MenuEventHandler     - Creating default profile
14:24:20.605 [JavaFX Application Thread] DEBUG EventBus             - Firing event: SaveEvent
14:24:20.608 [JavaFX Application Thread] DEBUG AudioPlayer          - Saving data to profile
14:24:20.609 [JavaFX Application Thread] DEBUG Bundle               - Logging bundle: audio
14:24:20.609 [JavaFX Application Thread] DEBUG Bundle               - audio.musicVolume=0.5
14:24:20.609 [JavaFX Application Thread] DEBUG Bundle               - audio.soundVolume=0.5
14:24:20.609 [JavaFX Application Thread] DEBUG Input                - Saving data to profile
14:24:20.609 [JavaFX Application Thread] DEBUG Bundle               - Logging bundle: input
14:24:20.609 [JavaFX Application Thread] DEBUG Bundle               - input.Jump=Up
14:24:20.610 [JavaFX Application Thread] DEBUG Bundle               - input.Right=Right
14:24:20.610 [JavaFX Application Thread] DEBUG Bundle               - input.Screenshot=P
14:24:20.610 [JavaFX Application Thread] DEBUG Bundle               - input.System info dump=CTRL+9
14:24:20.610 [JavaFX Application Thread] DEBUG Bundle               - input.Restart=CTRL+R
14:24:20.610 [JavaFX Application Thread] DEBUG Bundle               - input.Dev Options=CTRL+0
14:24:20.610 [JavaFX Application Thread] DEBUG Bundle               - input.Left=Left
14:24:20.623 [JavaFX Application Thread] DEBUG Bundle               - Logging bundle: gameplayStats
14:24:20.623 [JavaFX Application Thread] DEBUG Bundle               - gameplayStats.playtime=0
14:24:20.626 [JavaFX Application Thread] DEBUG AchievementManager   - Saving data to profile
14:24:20.626 [JavaFX Application Thread] DEBUG Bundle               - Logging bundle: achievement
14:24:20.630 [JavaFX Application Thread] INFO  FXGL                 - FXGL initialization took: 2,386 sec
14:24:20.631 [JavaFX Application Thread] DEBUG LoopRunner           - Starting loop
14:24:20.690 [JavaFX Application Thread] DEBUG StartupState         - STARTUP
14:24:20.691 [JavaFX Application Thread] DEBUG Input                - Clearing active input actions
14:24:20.693 [JavaFX Application Thread] DEBUG AssetLoader          - Loading from disk: /assets/ui/css/fxgl_dark.css
14:24:20.734 [JavaFX Application Thread] DEBUG AppStateMachine      - StartupState -> MainMenuState
14:24:20.746 [JavaFX Application Thread] DEBUG AssetLoader          - Loading from cache: /assets/properties/languages/english.properties
14:24:20.746 [JavaFX Application Thread] DEBUG AssetLoader          - Loading from cache: /assets/ui/fonts/VarelaRound-Regular.ttf
14:24:20.746 [JavaFX Application Thread] DEBUG AssetLoader          - Loading from cache: /assets/properties/languages/english.properties
14:24:20.747 [JavaFX Application Thread] DEBUG AssetLoader          - Loading from cache: /assets/ui/fonts/VarelaRound-Regular.ttf
14:24:20.747 [JavaFX Application Thread] DEBUG AssetLoader          - Loading from cache: /assets/properties/languages/english.properties
14:24:20.748 [JavaFX Application Thread] DEBUG AssetLoader          - Loading from cache: /assets/ui/fonts/VarelaRound-Regular.ttf
14:24:20.753 [JavaFX Application Thread] DEBUG SaveLoadManager      - Checking profiles dir: profiles/
14:24:20.754 [JavaFX Application Thread] DEBUG SaveLoadManager      - Loading profile names
14:24:20.756 [JavaFX Application Thread] DEBUG AssetLoader          - Loading from cache: /assets/properties/languages/english.properties
14:24:20.758 [JavaFX Application Thread] DEBUG AssetLoader          - Loading from cache: /assets/ui/fonts/VarelaRound-Regular.ttf
14:24:20.759 [JavaFX Application Thread] DEBUG AssetLoader          - Loading from cache: /assets/ui/fonts/VarelaRound-Regular.ttf
14:24:20.760 [JavaFX Application Thread] DEBUG AppStateMachine      - Push state: DialogSubState
14:24:20.760 [JavaFX Application Thread] DEBUG Input                - Clearing active input actions
14:24:20.760 [JavaFX Application Thread] DEBUG AppStateMachine      - MainMenuState -> DialogSubState
14:24:20.913 [JavaFX Application Thread] DEBUG AppStateMachine      - Pop state: DialogSubState
14:24:20.913 [JavaFX Application Thread] DEBUG Input                - Clearing active input actions
14:24:20.914 [JavaFX Application Thread] DEBUG AppStateMachine      - MainMenuState <- DialogSubState
14:24:20.916 [JavaFX Application Thread] DEBUG AssetLoader          - Loading from cache: /assets/properties/languages/english.properties
14:24:20.917 [JavaFX Application Thread] DEBUG AssetLoader          - Loading from cache: /assets/ui/fonts/VarelaRound-Regular.ttf
14:24:20.917 [JavaFX Application Thread] DEBUG AssetLoader          - Loading from cache: /assets/ui/fonts/VarelaRound-Regular.ttf
14:24:20.918 [JavaFX Application Thread] DEBUG AppStateMachine      - Push state: DialogSubState
14:24:20.918 [JavaFX Application Thread] DEBUG Input                - Clearing active input actions
14:24:20.918 [JavaFX Application Thread] DEBUG AppStateMachine      - MainMenuState -> DialogSubState
14:24:23.270 [JavaFX Application Thread] DEBUG AppStateMachine      - Pop state: DialogSubState
14:24:23.270 [JavaFX Application Thread] DEBUG Input                - Clearing active input actions
14:24:23.272 [JavaFX Application Thread] DEBUG AppStateMachine      - MainMenuState <- DialogSubState
14:24:23.272 [JavaFX Application Thread] DEBUG SaveLoadManager      - Loading profile: Mathias
14:24:23.273 [JavaFX Application Thread] DEBUG AssetLoader          - Loading from cache: /assets/properties/languages/english.properties
14:24:23.274 [JavaFX Application Thread] DEBUG AssetLoader          - Loading from cache: /assets/ui/fonts/VarelaRound-Regular.ttf
14:24:23.275 [JavaFX Application Thread] DEBUG AssetLoader          - Loading from cache: /assets/ui/fonts/VarelaRound-Regular.ttf
14:24:23.275 [JavaFX Application Thread] DEBUG AppStateMachine      - Push state: DialogSubState
14:24:23.275 [JavaFX Application Thread] DEBUG Input                - Clearing active input actions
14:24:23.275 [JavaFX Application Thread] DEBUG AppStateMachine      - MainMenuState -> DialogSubState
14:24:23.280 [FXGL Background Thread 1 ] DEBUG DesktopFSService     - Reading from: .\profiles\Mathias\user.profile
14:24:23.300 [JavaFX Application Thread] DEBUG AppStateMachine      - Pop state: DialogSubState
14:24:23.300 [JavaFX Application Thread] DEBUG Input                - Clearing active input actions
14:24:23.301 [JavaFX Application Thread] DEBUG AppStateMachine      - MainMenuState <- DialogSubState
14:24:23.301 [JavaFX Application Thread] DEBUG EventBus             - Firing event: LoadEvent[type=LOAD_PROFILE]
14:24:23.302 [JavaFX Application Thread] DEBUG AudioPlayer          - Loading data from profile
14:24:23.302 [JavaFX Application Thread] DEBUG Bundle               - Logging bundle: audio
14:24:23.302 [JavaFX Application Thread] DEBUG Bundle               - audio.musicVolume=0.5
14:24:23.302 [JavaFX Application Thread] DEBUG Bundle               - audio.soundVolume=0.5
14:24:23.303 [JavaFX Application Thread] DEBUG Input                - Loading data from profile
14:24:23.303 [JavaFX Application Thread] DEBUG Bundle               - Logging bundle: input
14:24:23.303 [JavaFX Application Thread] DEBUG Bundle               - input.Jump=Up
14:24:23.303 [JavaFX Application Thread] DEBUG Bundle               - input.Right=Right
14:24:23.303 [JavaFX Application Thread] DEBUG Bundle               - input.Screenshot=P
14:24:23.304 [JavaFX Application Thread] DEBUG Bundle               - input.System info dump=CTRL+9
14:24:23.304 [JavaFX Application Thread] DEBUG Bundle               - input.Restart=CTRL+R
14:24:23.304 [JavaFX Application Thread] DEBUG Bundle               - input.Dev Options=CTRL+0
14:24:23.304 [JavaFX Application Thread] DEBUG Bundle               - input.Left=Left
14:24:23.305 [JavaFX Application Thread] DEBUG Bundle               - Logging bundle: gameplayStats
14:24:23.305 [JavaFX Application Thread] DEBUG Bundle               - gameplayStats.playtime=170084432294
14:24:23.306 [JavaFX Application Thread] DEBUG AchievementManager   - Loading data from profile
14:24:23.306 [JavaFX Application Thread] DEBUG Bundle               - Logging bundle: achievement
14:24:23.306 [JavaFX Application Thread] DEBUG AssetLoader          - Loading from cache: /assets/properties/languages/english.properties
14:24:23.307 [JavaFX Application Thread] DEBUG AssetLoader          - Loading from cache: /assets/ui/fonts/VarelaRound-Regular.ttf
14:24:23.307 [JavaFX Application Thread] DEBUG AssetLoader          - Loading from cache: /assets/properties/languages/english.properties
14:24:23.308 [JavaFX Application Thread] DEBUG AssetLoader          - Loading from cache: /assets/ui/fonts/VarelaRound-Regular.ttf
14:24:23.308 [JavaFX Application Thread] DEBUG SaveLoadManager      - Loading last modified save file
14:24:23.308 [JavaFX Application Thread] DEBUG SaveLoadManager      - Loading save files
14:24:23.315 [JavaFX Application Thread] DEBUG AssetLoader          - Loading from cache: /assets/properties/languages/english.properties
14:24:23.316 [JavaFX Application Thread] DEBUG AssetLoader          - Loading from cache: /assets/ui/fonts/VarelaRound-Regular.ttf
14:24:23.316 [JavaFX Application Thread] DEBUG AssetLoader          - Loading from cache: /assets/ui/fonts/VarelaRound-Regular.ttf
14:24:23.317 [JavaFX Application Thread] DEBUG AppStateMachine      - Push state: DialogSubState
14:24:23.317 [JavaFX Application Thread] DEBUG Input                - Clearing active input actions
14:24:23.317 [JavaFX Application Thread] DEBUG AppStateMachine      - MainMenuState -> DialogSubState
14:24:23.339 [JavaFX Application Thread] DEBUG AppStateMachine      - Pop state: DialogSubState
14:24:23.340 [JavaFX Application Thread] DEBUG Input                - Clearing active input actions
14:24:23.340 [JavaFX Application Thread] DEBUG AppStateMachine      - MainMenuState <- DialogSubState
14:24:23.867 [JavaFX Application Thread] DEBUG AssetLoader          - Loading from cache: /assets/sounds/menu/select.wav
14:24:23.951 [JavaFX Application Thread] DEBUG FXGL.Menu            - fireNewGame()
14:24:23.951 [JavaFX Application Thread] DEBUG GameApplication      - Starting new game
14:24:23.951 [JavaFX Application Thread] DEBUG Input                - Clearing active input actions
14:24:23.951 [JavaFX Application Thread] DEBUG AssetLoader          - Loading from disk: /assets/ui/css/fxgl_dark.css
14:24:23.972 [JavaFX Application Thread] DEBUG AppStateMachine      - MainMenuState -> LoadingState
14:24:23.976 [FXGL Background Thread 1 ] DEBUG InitAppTask          - Clearing previous game
14:24:23.976 [FXGL Background Thread 1 ] DEBUG GameWorld            - Clearing game world
14:24:23.976 [FXGL Background Thread 1 ] DEBUG PhysicsWorld         - Clearing physics world
14:24:23.976 [FXGL Background Thread 1 ] DEBUG GameScene            - Clearing game scene
14:24:23.979 [FXGL Background Thread 1 ] DEBUG InitAppTask          - Initializing Game
14:24:24.007 [FXGL Background Thread 1 ] DEBUG AssetLoader          - Loading from disk: /assets/json/luigi.json
14:24:24.522 [FXGL Background Thread 1 ] DEBUG GameWorld            - Clearing removable entities
14:24:24.522 [FXGL Background Thread 1 ] DEBUG GameWorld            - Setting level from map
14:24:24.546 [FXGL Background Thread 1 ] DEBUG AssetLoader          - Loading from disk: /assets/textures/tiles_spritesheet.png
14:24:24.575 [FXGL Background Thread 1 ] DEBUG AssetLoader          - Loading from cache: /assets/textures/tiles_spritesheet.png
14:24:24.575 [FXGL Background Thread 1 ] DEBUG AssetLoader          - Loading from cache: /assets/textures/tiles_spritesheet.png
14:24:24.576 [FXGL Background Thread 1 ] DEBUG AssetLoader          - Loading from cache: /assets/textures/tiles_spritesheet.png
14:24:24.576 [FXGL Background Thread 1 ] DEBUG AssetLoader          - Loading from cache: /assets/textures/tiles_spritesheet.png
14:24:24.576 [FXGL Background Thread 1 ] DEBUG AssetLoader          - Loading from cache: /assets/textures/tiles_spritesheet.png
14:24:24.576 [FXGL Background Thread 1 ] DEBUG AssetLoader          - Loading from cache: /assets/textures/tiles_spritesheet.png
14:24:24.576 [FXGL Background Thread 1 ] DEBUG AssetLoader          - Loading from cache: /assets/textures/tiles_spritesheet.png
14:24:24.577 [FXGL Background Thread 1 ] DEBUG AssetLoader          - Loading from cache: /assets/textures/tiles_spritesheet.png
14:24:24.577 [FXGL Background Thread 1 ] DEBUG AssetLoader          - Loading from cache: /assets/textures/tiles_spritesheet.png
14:24:24.577 [FXGL Background Thread 1 ] DEBUG AssetLoader          - Loading from cache: /assets/textures/tiles_spritesheet.png
14:24:24.577 [FXGL Background Thread 1 ] DEBUG AssetLoader          - Loading from cache: /assets/textures/tiles_spritesheet.png
14:24:24.577 [FXGL Background Thread 1 ] DEBUG AssetLoader          - Loading from cache: /assets/textures/tiles_spritesheet.png
14:24:24.578 [FXGL Background Thread 1 ] DEBUG AssetLoader          - Loading from cache: /assets/textures/tiles_spritesheet.png
14:24:24.578 [FXGL Background Thread 1 ] DEBUG AssetLoader          - Loading from cache: /assets/textures/tiles_spritesheet.png
14:24:24.578 [FXGL Background Thread 1 ] DEBUG AssetLoader          - Loading from cache: /assets/textures/tiles_spritesheet.png
14:24:24.578 [FXGL Background Thread 1 ] DEBUG AssetLoader          - Loading from cache: /assets/textures/tiles_spritesheet.png
14:24:24.578 [FXGL Background Thread 1 ] DEBUG AssetLoader          - Loading from cache: /assets/textures/tiles_spritesheet.png
14:24:24.579 [FXGL Background Thread 1 ] DEBUG AssetLoader          - Loading from cache: /assets/textures/tiles_spritesheet.png
14:24:24.579 [FXGL Background Thread 1 ] DEBUG AssetLoader          - Loading from cache: /assets/textures/tiles_spritesheet.png
14:24:24.579 [FXGL Background Thread 1 ] DEBUG AssetLoader          - Loading from cache: /assets/textures/tiles_spritesheet.png
14:24:24.579 [FXGL Background Thread 1 ] DEBUG AssetLoader          - Loading from cache: /assets/textures/tiles_spritesheet.png
14:24:24.579 [FXGL Background Thread 1 ] DEBUG AssetLoader          - Loading from cache: /assets/textures/tiles_spritesheet.png
14:24:24.580 [FXGL Background Thread 1 ] DEBUG AssetLoader          - Loading from cache: /assets/textures/tiles_spritesheet.png
14:24:24.580 [FXGL Background Thread 1 ] DEBUG AssetLoader          - Loading from cache: /assets/textures/tiles_spritesheet.png
14:24:24.580 [FXGL Background Thread 1 ] DEBUG AssetLoader          - Loading from cache: /assets/textures/tiles_spritesheet.png
14:24:24.580 [FXGL Background Thread 1 ] DEBUG AssetLoader          - Loading from cache: /assets/textures/tiles_spritesheet.png
14:24:24.580 [FXGL Background Thread 1 ] DEBUG AssetLoader          - Loading from cache: /assets/textures/tiles_spritesheet.png
14:24:24.581 [FXGL Background Thread 1 ] DEBUG AssetLoader          - Loading from cache: /assets/textures/tiles_spritesheet.png
14:24:24.581 [FXGL Background Thread 1 ] DEBUG AssetLoader          - Loading from cache: /assets/textures/tiles_spritesheet.png
14:24:24.581 [FXGL Background Thread 1 ] DEBUG AssetLoader          - Loading from cache: /assets/textures/tiles_spritesheet.png
14:24:24.581 [FXGL Background Thread 1 ] DEBUG AssetLoader          - Loading from cache: /assets/textures/tiles_spritesheet.png
14:24:24.581 [FXGL Background Thread 1 ] DEBUG AssetLoader          - Loading from cache: /assets/textures/tiles_spritesheet.png
14:24:24.582 [FXGL Background Thread 1 ] DEBUG AssetLoader          - Loading from cache: /assets/textures/tiles_spritesheet.png
14:24:24.582 [FXGL Background Thread 1 ] DEBUG AssetLoader          - Loading from cache: /assets/textures/tiles_spritesheet.png
14:24:24.582 [FXGL Background Thread 1 ] DEBUG AssetLoader          - Loading from cache: /assets/textures/tiles_spritesheet.png
14:24:24.582 [FXGL Background Thread 1 ] DEBUG AssetLoader          - Loading from cache: /assets/textures/tiles_spritesheet.png
14:24:24.582 [FXGL Background Thread 1 ] DEBUG AssetLoader          - Loading from cache: /assets/textures/tiles_spritesheet.png
14:24:24.582 [FXGL Background Thread 1 ] DEBUG AssetLoader          - Loading from cache: /assets/textures/tiles_spritesheet.png
14:24:24.583 [FXGL Background Thread 1 ] DEBUG AssetLoader          - Loading from cache: /assets/textures/tiles_spritesheet.png
14:24:24.583 [FXGL Background Thread 1 ] DEBUG AssetLoader          - Loading from cache: /assets/textures/tiles_spritesheet.png
14:24:24.583 [FXGL Background Thread 1 ] DEBUG AssetLoader          - Loading from cache: /assets/textures/tiles_spritesheet.png
14:24:24.584 [FXGL Background Thread 1 ] DEBUG AssetLoader          - Loading from cache: /assets/textures/tiles_spritesheet.png
14:24:24.584 [FXGL Background Thread 1 ] DEBUG AssetLoader          - Loading from cache: /assets/textures/tiles_spritesheet.png
14:24:24.584 [FXGL Background Thread 1 ] DEBUG AssetLoader          - Loading from cache: /assets/textures/tiles_spritesheet.png
14:24:24.584 [FXGL Background Thread 1 ] DEBUG AssetLoader          - Loading from cache: /assets/textures/tiles_spritesheet.png
14:24:24.585 [FXGL Background Thread 1 ] DEBUG AssetLoader          - Loading from cache: /assets/textures/tiles_spritesheet.png
14:24:24.585 [FXGL Background Thread 1 ] DEBUG AssetLoader          - Loading from cache: /assets/textures/tiles_spritesheet.png
14:24:24.585 [FXGL Background Thread 1 ] DEBUG AssetLoader          - Loading from cache: /assets/textures/tiles_spritesheet.png
14:24:24.585 [FXGL Background Thread 1 ] DEBUG AssetLoader          - Loading from cache: /assets/textures/tiles_spritesheet.png
14:24:24.585 [FXGL Background Thread 1 ] DEBUG AssetLoader          - Loading from cache: /assets/textures/tiles_spritesheet.png
14:24:24.585 [FXGL Background Thread 1 ] DEBUG AssetLoader          - Loading from cache: /assets/textures/tiles_spritesheet.png
14:24:24.586 [FXGL Background Thread 1 ] DEBUG AssetLoader          - Loading from cache: /assets/textures/tiles_spritesheet.png
14:24:24.586 [FXGL Background Thread 1 ] DEBUG AssetLoader          - Loading from cache: /assets/textures/tiles_spritesheet.png
14:24:24.586 [FXGL Background Thread 1 ] DEBUG AssetLoader          - Loading from cache: /assets/textures/tiles_spritesheet.png
14:24:24.586 [FXGL Background Thread 1 ] DEBUG AssetLoader          - Loading from cache: /assets/textures/tiles_spritesheet.png
14:24:24.586 [FXGL Background Thread 1 ] DEBUG AssetLoader          - Loading from cache: /assets/textures/tiles_spritesheet.png
14:24:24.587 [FXGL Background Thread 1 ] DEBUG AssetLoader          - Loading from cache: /assets/textures/tiles_spritesheet.png
14:24:24.587 [FXGL Background Thread 1 ] DEBUG AssetLoader          - Loading from cache: /assets/textures/tiles_spritesheet.png
14:24:24.587 [FXGL Background Thread 1 ] DEBUG AssetLoader          - Loading from cache: /assets/textures/tiles_spritesheet.png
14:24:24.587 [FXGL Background Thread 1 ] DEBUG AssetLoader          - Loading from cache: /assets/textures/tiles_spritesheet.png
14:24:24.587 [FXGL Background Thread 1 ] DEBUG AssetLoader          - Loading from cache: /assets/textures/tiles_spritesheet.png
14:24:24.587 [FXGL Background Thread 1 ] DEBUG AssetLoader          - Loading from cache: /assets/textures/tiles_spritesheet.png
14:24:24.588 [FXGL Background Thread 1 ] DEBUG AssetLoader          - Loading from cache: /assets/textures/tiles_spritesheet.png
14:24:24.588 [FXGL Background Thread 1 ] DEBUG AssetLoader          - Loading from cache: /assets/textures/tiles_spritesheet.png
14:24:24.588 [FXGL Background Thread 1 ] DEBUG AssetLoader          - Loading from cache: /assets/textures/tiles_spritesheet.png
14:24:24.588 [FXGL Background Thread 1 ] DEBUG AssetLoader          - Loading from cache: /assets/textures/tiles_spritesheet.png
14:24:24.589 [FXGL Background Thread 1 ] DEBUG AssetLoader          - Loading from cache: /assets/textures/tiles_spritesheet.png
14:24:24.589 [FXGL Background Thread 1 ] DEBUG AssetLoader          - Loading from cache: /assets/textures/tiles_spritesheet.png
14:24:24.589 [FXGL Background Thread 1 ] DEBUG AssetLoader          - Loading from cache: /assets/textures/tiles_spritesheet.png
14:24:24.589 [FXGL Background Thread 1 ] DEBUG AssetLoader          - Loading from cache: /assets/textures/tiles_spritesheet.png
14:24:24.589 [FXGL Background Thread 1 ] DEBUG AssetLoader          - Loading from cache: /assets/textures/tiles_spritesheet.png
14:24:24.589 [FXGL Background Thread 1 ] DEBUG AssetLoader          - Loading from cache: /assets/textures/tiles_spritesheet.png
14:24:24.590 [FXGL Background Thread 1 ] DEBUG AssetLoader          - Loading from cache: /assets/textures/tiles_spritesheet.png
14:24:24.590 [FXGL Background Thread 1 ] DEBUG AssetLoader          - Loading from cache: /assets/textures/tiles_spritesheet.png
14:24:24.590 [FXGL Background Thread 1 ] DEBUG AssetLoader          - Loading from cache: /assets/textures/tiles_spritesheet.png
14:24:24.593 [FXGL Background Thread 1 ] DEBUG GameScene            - Creating render group for layer: BACKGROUND(1000)
14:24:24.604 [FXGL Background Thread 1 ] DEBUG GameScene            - Creating render group for layer: DEFAULT(100000)
14:24:24.718 [FXGL Background Thread 1 ] DEBUG AssetLoader          - Loading from disk: /assets/textures/luigiwalk.png
14:24:24.721 [FXGL Background Thread 1 ] DEBUG AssetLoader          - Loading from cache: /assets/textures/luigiwalk.png
14:24:24.721 [FXGL Background Thread 1 ] DEBUG AssetLoader          - Loading from disk: /assets/textures/luigihop.png
14:24:24.727 [FXGL Background Thread 1 ] DEBUG AssetLoader          - Loading from disk: /assets/textures/enemyjump.png
14:24:24.730 [FXGL Background Thread 1 ] DEBUG AssetLoader          - Loading from cache: /assets/textures/enemyjump.png
14:24:24.732 [FXGL Background Thread 1 ] DEBUG AssetLoader          - Loading from cache: /assets/textures/enemyjump.png
14:24:24.732 [FXGL Background Thread 1 ] DEBUG InitAppTask          - Initializing Physics
14:24:24.734 [FXGL Background Thread 1 ] DEBUG InitAppTask          - Initializing UI
14:24:24.734 [FXGL Background Thread 1 ] DEBUG AssetLoader          - Loading from cache: /assets/ui/fonts/VarelaRound-Regular.ttf
14:24:24.735 [FXGL Background Thread 1 ] DEBUG AssetLoader          - Loading from cache: /assets/ui/fonts/VarelaRound-Regular.ttf
14:24:24.737 [FXGL Background Thread 1 ] DEBUG InitAppTask          - Initialization Complete
14:24:24.738 [FXGL Background Thread 1 ] INFO  InitAppTask          - Game initialization took: 0,762 sec
14:24:24.740 [JavaFX Application Thread] DEBUG Input                - Clearing active input actions
14:24:24.741 [JavaFX Application Thread] DEBUG AssetLoader          - Loading from disk: /assets/ui/css/fxgl_dark.css
14:24:24.753 [JavaFX Application Thread] DEBUG AppStateMachine      - LoadingState -> PlayState
14:24:26.839 [JavaFX Application Thread] DEBUG AssetLoader          - Loading from cache: /assets/sounds/smw_jump.wav
14:24:28.574 [JavaFX Application Thread] DEBUG AssetLoader          - Loading from cache: /assets/sounds/smw_jump.wav
14:24:28.664 [JavaFX Application Thread] DEBUG AssetLoader          - Loading from cache: /assets/ui/fonts/VarelaRound-Regular.ttf
14:24:28.664 [JavaFX Application Thread] DEBUG AssetLoader          - Loading from cache: /assets/ui/fonts/VarelaRound-Regular.ttf
14:24:28.664 [JavaFX Application Thread] DEBUG AssetLoader          - Loading from cache: /assets/properties/languages/english.properties
14:24:28.666 [JavaFX Application Thread] DEBUG AssetLoader          - Loading from cache: /assets/ui/fonts/VarelaRound-Regular.ttf
14:24:28.666 [JavaFX Application Thread] DEBUG AppStateMachine      - Push state: DialogSubState
14:24:28.666 [JavaFX Application Thread] DEBUG Input                - Clearing active input actions
14:24:28.666 [JavaFX Application Thread] DEBUG AppStateMachine      - PlayState -> DialogSubState
14:24:28.670 [JavaFX Application Thread] DEBUG AssetLoader          - Loading from cache: /assets/textures/enemyjump.png
14:24:28.672 [JavaFX Application Thread] DEBUG AssetLoader          - Loading from cache: /assets/textures/enemyjump.png
14:24:28.674 [JavaFX Application Thread] DEBUG AssetLoader          - Loading from cache: /assets/textures/enemyjump.png
14:24:28.676 [JavaFX Application Thread] DEBUG AssetLoader          - Loading from cache: /assets/textures/luigiwalk.png
14:24:28.676 [JavaFX Application Thread] DEBUG AssetLoader          - Loading from cache: /assets/textures/luigiwalk.png
14:24:28.676 [JavaFX Application Thread] DEBUG AssetLoader          - Loading from cache: /assets/textures/luigihop.png
14:24:29.320 [JavaFX Application Thread] DEBUG AssetLoader          - Loading from cache: /assets/sounds/menu/select.wav
14:24:29.709 [JavaFX Application Thread] DEBUG AssetLoader          - Loading from cache: /assets/sounds/menu/select.wav
14:24:30.052 [JavaFX Application Thread] DEBUG AppStateMachine      - Pop state: DialogSubState
14:24:30.052 [JavaFX Application Thread] DEBUG Input                - Clearing active input actions
14:24:30.054 [JavaFX Application Thread] DEBUG AppStateMachine      - PlayState <- DialogSubState
14:24:31.021 [JavaFX Application Thread] DEBUG FXGL                 - Exiting FXGL
14:24:31.021 [JavaFX Application Thread] DEBUG MenuEventHandler     - Creating default profile
14:24:31.021 [JavaFX Application Thread] DEBUG EventBus             - Firing event: SaveEvent
14:24:31.022 [JavaFX Application Thread] DEBUG AudioPlayer          - Saving data to profile
14:24:31.022 [JavaFX Application Thread] DEBUG Bundle               - Logging bundle: audio
14:24:31.022 [JavaFX Application Thread] DEBUG Bundle               - audio.musicVolume=0.5
14:24:31.022 [JavaFX Application Thread] DEBUG Bundle               - audio.soundVolume=0.5
14:24:31.023 [JavaFX Application Thread] DEBUG Input                - Saving data to profile
14:24:31.023 [JavaFX Application Thread] DEBUG Bundle               - Logging bundle: input
14:24:31.023 [JavaFX Application Thread] DEBUG Bundle               - input.Jump=Up
14:24:31.023 [JavaFX Application Thread] DEBUG Bundle               - input.Right=Right
14:24:31.024 [JavaFX Application Thread] DEBUG Bundle               - input.Screenshot=P
14:24:31.024 [JavaFX Application Thread] DEBUG Bundle               - input.System info dump=CTRL+9
14:24:31.024 [JavaFX Application Thread] DEBUG Bundle               - input.Restart=CTRL+R
14:24:31.024 [JavaFX Application Thread] DEBUG Bundle               - input.Dev Options=CTRL+0
14:24:31.024 [JavaFX Application Thread] DEBUG Bundle               - input.Left=Left
14:24:31.025 [JavaFX Application Thread] DEBUG Bundle               - Logging bundle: gameplayStats
14:24:31.025 [JavaFX Application Thread] DEBUG Bundle               - gameplayStats.playtime=174973713133
14:24:31.025 [JavaFX Application Thread] DEBUG AchievementManager   - Saving data to profile
14:24:31.025 [JavaFX Application Thread] DEBUG Bundle               - Logging bundle: achievement
14:24:31.025 [JavaFX Application Thread] DEBUG SaveLoadManager      - Saving profile: Mathias
14:24:31.032 [JavaFX Application Thread] DEBUG DesktopFSService     - Writing to: .\profiles\Mathias\user.profile
14:24:31.048 [JavaFX Application Thread] DEBUG FXGL                 - Shutting down background threads
14:24:31.049 [JavaFX Application Thread] DEBUG FXGL                 - Saving FXGL system data
14:24:31.051 [JavaFX Application Thread] DEBUG DesktopFSService     - Writing to: system\fxgl.bundle
14:24:31.057 [JavaFX Application Thread] DEBUG FXGL                 - Closing logger and exiting JavaFX
