20:21:17.558 [JavaFX Application Thread] DEBUG GameApplication      - Logger initialized
20:21:17.575 [JavaFX Application Thread] DEBUG GameApplication      - Logging settings
Title: LuigiFactory
Version: 0.0
Width: 1400
Height: 1050
Fullscreen: false
Intro: false
Menus: false
Profiling: false
Single step:false
App Mode: DEVELOPER
Menu Key: ESCAPE
Stage Style: DECORATED
Scene Factory: class com.almasb.fxgl.scene.SceneFactory
Dialog Factory: class com.almasb.fxgl.ui.FXGLDialogFactory
UI Factory: class com.almasb.fxgl.ui.FXGLUIFactory
Notification Service: class com.almasb.fxgl.gameplay.notification.XboxNotificationView
Exception Handler: class com.almasb.fxgl.app.FXGLExceptionHandler
20:21:17.576 [JavaFX Application Thread] DEBUG GameApplication      - Starting FXGL
20:21:17.588 [JavaFX Application Thread] INFO  FXGL                 - FXGL-0.5.4 on DESKTOP
20:21:17.588 [JavaFX Application Thread] INFO  FXGL                 - Source code and latest versions at: https://github.com/AlmasB/FXGL
20:21:17.589 [JavaFX Application Thread] INFO  FXGL                 -              Join the FXGL chat at: https://gitter.im/AlmasB/FXGL
20:21:17.602 [JavaFX Application Thread] DEBUG FXGL                 - FXGL started
20:21:17.603 [JavaFX Application Thread] DEBUG FXGL                 - Initializing FXGL
20:21:17.681 [JavaFX Application Thread] DEBUG AssetLoader          - Loading from disk: /assets/ui/cursors/fxgl_default.png
20:21:17.773 [JavaFX Application Thread] DEBUG AssetLoader          - Loading from disk: /assets/ui/fonts/VarelaRound-Regular.ttf
20:21:18.135 [JavaFX Application Thread] DEBUG MainWindow           - Creating a JavaFX scene
20:21:18.135 [JavaFX Application Thread] DEBUG MainWindow           - Target size > screen size
20:21:18.232 [JavaFX Application Thread] DEBUG MainWindow           - Target settings size: 1400.0 x 1050.0
20:21:18.232 [JavaFX Application Thread] DEBUG MainWindow           - Scaled scene size:    1121.0 x 859.0
20:21:18.232 [JavaFX Application Thread] DEBUG MainWindow           - Scaled ratio: (0.8007142857142857, 0.8180952380952381)
20:21:18.238 [JavaFX Application Thread] DEBUG AssetLoader          - Loading from disk: /assets/ui/css/fxgl_dark.css
20:21:18.248 [JavaFX Application Thread] DEBUG AssetLoader          - Loading from disk: /assets/textures/fxgl_icon.png
20:21:18.287 [JavaFX Application Thread] DEBUG MainWindow           - Opening main window
20:21:18.786 [JavaFX Application Thread] DEBUG MainWindow           - Window border size: (6.0, 29.0)
20:21:18.786 [JavaFX Application Thread] DEBUG MainWindow           - Scaled size: 1121.0 x 859.0
20:21:18.786 [JavaFX Application Thread] DEBUG MainWindow           - Scaled ratio: (0.8007142857142857, 0.8180952380952381)
20:21:18.787 [JavaFX Application Thread] DEBUG MainWindow           - Scene size: 1121.0 x 859.0
20:21:18.787 [JavaFX Application Thread] DEBUG MainWindow           - Stage size: 1127.0 x 888.0
20:21:18.890 [ForkJoinPool.commonPool-worker-1] DEBUG FS                   - Loaded DesktopFSService
20:21:18.891 [ForkJoinPool.commonPool-worker-1] DEBUG FXGL                 - Loading FXGL system data
20:21:18.917 [ForkJoinPool.commonPool-worker-1] DEBUG DesktopFSService     - Reading from: system\fxgl.bundle
20:21:18.936 [ForkJoinPool.commonPool-worker-1] DEBUG Bundle               - Logging bundle: FXGL
20:21:18.937 [ForkJoinPool.commonPool-worker-1] DEBUG Bundle               - FXGL.offline.timer.version.check=2019-01-28T11:57:03.073
20:21:18.938 [ForkJoinPool.commonPool-worker-1] DEBUG FXGL                 - Initializing state machine and application states
20:21:18.942 [ForkJoinPool.commonPool-worker-1] DEBUG AssetLoader          - Loading from disk: /assets/ui/cursors/fxgl_default.png
20:21:18.952 [ForkJoinPool.commonPool-worker-1] DEBUG AssetLoader          - Loading from disk: /assets/ui/cursors/fxgl_default.png
20:21:18.969 [ForkJoinPool.commonPool-worker-1] DEBUG AssetLoader          - Loading from cache: /assets/ui/fonts/VarelaRound-Regular.ttf
20:21:18.975 [ForkJoinPool.commonPool-worker-1] DEBUG AssetLoader          - Loading from disk: /assets/ui/cursors/fxgl_default.png
20:21:18.985 [ForkJoinPool.commonPool-worker-1] DEBUG GameScene            - Game scene initialized: 1400x1050
20:21:18.997 [ForkJoinPool.commonPool-worker-1] DEBUG GameWorld            - Game world initialized
20:21:19.139 [ForkJoinPool.commonPool-worker-1] DEBUG PhysicsWorld         - Physics world initialized: appHeight=1050, physics.ppm=50,0
20:21:19.169 [ForkJoinPool.commonPool-worker-1] DEBUG Input                - Registered new binding: Pause - Esc
20:21:19.264 [JavaFX Application Thread] DEBUG FXGL                 - Running preInit()
20:21:19.268 [JavaFX Application Thread] DEBUG Input                - Registered new binding: Screenshot - P
20:21:19.269 [JavaFX Application Thread] DEBUG Input                - Registered new binding: Dev Options - CTRL+0
20:21:19.270 [JavaFX Application Thread] DEBUG Input                - Registered new binding: System info dump - CTRL+9
20:21:19.270 [JavaFX Application Thread] DEBUG Input                - Registered new binding: Restart - CTRL+R
20:21:19.271 [JavaFX Application Thread] DEBUG Input                - Registered new binding: Left - Left
20:21:19.271 [JavaFX Application Thread] DEBUG Input                - Registered new binding: Right - Right
20:21:19.272 [JavaFX Application Thread] DEBUG Input                - Registered new binding: Jump - Up
20:21:19.273 [JavaFX Application Thread] INFO  FXGL                 - FXGL initialization took: 1,670 sec
20:21:19.274 [JavaFX Application Thread] DEBUG LoopRunner           - Starting loop
20:21:19.277 [JavaFX Application Thread] DEBUG StartupState         - STARTUP
20:21:19.277 [JavaFX Application Thread] DEBUG GameApplication      - Starting new game
20:21:19.277 [JavaFX Application Thread] DEBUG Input                - Clearing active input actions
20:21:19.280 [JavaFX Application Thread] DEBUG AssetLoader          - Loading from disk: /assets/ui/css/fxgl_dark.css
20:21:19.291 [JavaFX Application Thread] DEBUG AppStateMachine      - StartupState -> LoadingState
20:21:19.301 [FXGL Background Thread 1 ] DEBUG InitAppTask          - Clearing previous game
20:21:19.301 [FXGL Background Thread 1 ] DEBUG GameWorld            - Clearing game world
20:21:19.302 [FXGL Background Thread 1 ] DEBUG PhysicsWorld         - Clearing physics world
20:21:19.302 [FXGL Background Thread 1 ] DEBUG GameScene            - Clearing game scene
20:21:19.305 [FXGL Background Thread 1 ] DEBUG InitAppTask          - Initializing Game
20:21:19.363 [FXGL Background Thread 1 ] DEBUG AssetLoader          - Loading from disk: /assets/json/luigi.json
20:21:19.835 [FXGL Background Thread 1 ] DEBUG GameWorld            - Clearing removable entities
20:21:19.835 [FXGL Background Thread 1 ] DEBUG GameWorld            - Setting level from map
20:21:19.872 [FXGL Background Thread 1 ] DEBUG AssetLoader          - Loading from disk: /assets/textures/tiles_spritesheet.png
20:21:19.924 [FXGL Background Thread 1 ] DEBUG AssetLoader          - Loading from cache: /assets/textures/tiles_spritesheet.png
20:21:19.924 [FXGL Background Thread 1 ] DEBUG AssetLoader          - Loading from cache: /assets/textures/tiles_spritesheet.png
20:21:19.925 [FXGL Background Thread 1 ] DEBUG AssetLoader          - Loading from cache: /assets/textures/tiles_spritesheet.png
20:21:19.925 [FXGL Background Thread 1 ] DEBUG AssetLoader          - Loading from cache: /assets/textures/tiles_spritesheet.png
20:21:19.925 [FXGL Background Thread 1 ] DEBUG AssetLoader          - Loading from cache: /assets/textures/tiles_spritesheet.png
20:21:19.925 [FXGL Background Thread 1 ] DEBUG AssetLoader          - Loading from cache: /assets/textures/tiles_spritesheet.png
20:21:19.926 [FXGL Background Thread 1 ] DEBUG AssetLoader          - Loading from cache: /assets/textures/tiles_spritesheet.png
20:21:19.926 [FXGL Background Thread 1 ] DEBUG AssetLoader          - Loading from cache: /assets/textures/tiles_spritesheet.png
20:21:19.926 [FXGL Background Thread 1 ] DEBUG AssetLoader          - Loading from cache: /assets/textures/tiles_spritesheet.png
20:21:19.926 [FXGL Background Thread 1 ] DEBUG AssetLoader          - Loading from cache: /assets/textures/tiles_spritesheet.png
20:21:19.927 [FXGL Background Thread 1 ] DEBUG AssetLoader          - Loading from cache: /assets/textures/tiles_spritesheet.png
20:21:19.927 [FXGL Background Thread 1 ] DEBUG AssetLoader          - Loading from cache: /assets/textures/tiles_spritesheet.png
20:21:19.927 [FXGL Background Thread 1 ] DEBUG AssetLoader          - Loading from cache: /assets/textures/tiles_spritesheet.png
20:21:19.927 [FXGL Background Thread 1 ] DEBUG AssetLoader          - Loading from cache: /assets/textures/tiles_spritesheet.png
20:21:19.927 [FXGL Background Thread 1 ] DEBUG AssetLoader          - Loading from cache: /assets/textures/tiles_spritesheet.png
20:21:19.928 [FXGL Background Thread 1 ] DEBUG AssetLoader          - Loading from cache: /assets/textures/tiles_spritesheet.png
20:21:19.928 [FXGL Background Thread 1 ] DEBUG AssetLoader          - Loading from cache: /assets/textures/tiles_spritesheet.png
20:21:19.928 [FXGL Background Thread 1 ] DEBUG AssetLoader          - Loading from cache: /assets/textures/tiles_spritesheet.png
20:21:19.928 [FXGL Background Thread 1 ] DEBUG AssetLoader          - Loading from cache: /assets/textures/tiles_spritesheet.png
20:21:19.929 [FXGL Background Thread 1 ] DEBUG AssetLoader          - Loading from cache: /assets/textures/tiles_spritesheet.png
20:21:19.929 [FXGL Background Thread 1 ] DEBUG AssetLoader          - Loading from cache: /assets/textures/tiles_spritesheet.png
20:21:19.929 [FXGL Background Thread 1 ] DEBUG AssetLoader          - Loading from cache: /assets/textures/tiles_spritesheet.png
20:21:19.929 [FXGL Background Thread 1 ] DEBUG AssetLoader          - Loading from cache: /assets/textures/tiles_spritesheet.png
20:21:19.929 [FXGL Background Thread 1 ] DEBUG AssetLoader          - Loading from cache: /assets/textures/tiles_spritesheet.png
20:21:19.930 [FXGL Background Thread 1 ] DEBUG AssetLoader          - Loading from cache: /assets/textures/tiles_spritesheet.png
20:21:19.930 [FXGL Background Thread 1 ] DEBUG AssetLoader          - Loading from cache: /assets/textures/tiles_spritesheet.png
20:21:19.930 [FXGL Background Thread 1 ] DEBUG AssetLoader          - Loading from cache: /assets/textures/tiles_spritesheet.png
20:21:19.930 [FXGL Background Thread 1 ] DEBUG AssetLoader          - Loading from cache: /assets/textures/tiles_spritesheet.png
20:21:19.930 [FXGL Background Thread 1 ] DEBUG AssetLoader          - Loading from cache: /assets/textures/tiles_spritesheet.png
20:21:19.931 [FXGL Background Thread 1 ] DEBUG AssetLoader          - Loading from cache: /assets/textures/tiles_spritesheet.png
20:21:19.931 [FXGL Background Thread 1 ] DEBUG AssetLoader          - Loading from cache: /assets/textures/tiles_spritesheet.png
20:21:19.931 [FXGL Background Thread 1 ] DEBUG AssetLoader          - Loading from cache: /assets/textures/tiles_spritesheet.png
20:21:19.931 [FXGL Background Thread 1 ] DEBUG AssetLoader          - Loading from cache: /assets/textures/tiles_spritesheet.png
20:21:19.931 [FXGL Background Thread 1 ] DEBUG AssetLoader          - Loading from cache: /assets/textures/tiles_spritesheet.png
20:21:19.932 [FXGL Background Thread 1 ] DEBUG AssetLoader          - Loading from cache: /assets/textures/tiles_spritesheet.png
20:21:19.932 [FXGL Background Thread 1 ] DEBUG AssetLoader          - Loading from cache: /assets/textures/tiles_spritesheet.png
20:21:19.932 [FXGL Background Thread 1 ] DEBUG AssetLoader          - Loading from cache: /assets/textures/tiles_spritesheet.png
20:21:19.932 [FXGL Background Thread 1 ] DEBUG AssetLoader          - Loading from cache: /assets/textures/tiles_spritesheet.png
20:21:19.933 [FXGL Background Thread 1 ] DEBUG AssetLoader          - Loading from cache: /assets/textures/tiles_spritesheet.png
20:21:19.933 [FXGL Background Thread 1 ] DEBUG AssetLoader          - Loading from cache: /assets/textures/tiles_spritesheet.png
20:21:19.933 [FXGL Background Thread 1 ] DEBUG AssetLoader          - Loading from cache: /assets/textures/tiles_spritesheet.png
20:21:19.933 [FXGL Background Thread 1 ] DEBUG AssetLoader          - Loading from cache: /assets/textures/tiles_spritesheet.png
20:21:19.934 [FXGL Background Thread 1 ] DEBUG AssetLoader          - Loading from cache: /assets/textures/tiles_spritesheet.png
20:21:19.934 [FXGL Background Thread 1 ] DEBUG AssetLoader          - Loading from cache: /assets/textures/tiles_spritesheet.png
20:21:19.934 [FXGL Background Thread 1 ] DEBUG AssetLoader          - Loading from cache: /assets/textures/tiles_spritesheet.png
20:21:19.934 [FXGL Background Thread 1 ] DEBUG AssetLoader          - Loading from cache: /assets/textures/tiles_spritesheet.png
20:21:19.934 [FXGL Background Thread 1 ] DEBUG AssetLoader          - Loading from cache: /assets/textures/tiles_spritesheet.png
20:21:19.935 [FXGL Background Thread 1 ] DEBUG AssetLoader          - Loading from cache: /assets/textures/tiles_spritesheet.png
20:21:19.935 [FXGL Background Thread 1 ] DEBUG AssetLoader          - Loading from cache: /assets/textures/tiles_spritesheet.png
20:21:19.935 [FXGL Background Thread 1 ] DEBUG AssetLoader          - Loading from cache: /assets/textures/tiles_spritesheet.png
20:21:19.935 [FXGL Background Thread 1 ] DEBUG AssetLoader          - Loading from cache: /assets/textures/tiles_spritesheet.png
20:21:19.935 [FXGL Background Thread 1 ] DEBUG AssetLoader          - Loading from cache: /assets/textures/tiles_spritesheet.png
20:21:19.935 [FXGL Background Thread 1 ] DEBUG AssetLoader          - Loading from cache: /assets/textures/tiles_spritesheet.png
20:21:19.936 [FXGL Background Thread 1 ] DEBUG AssetLoader          - Loading from cache: /assets/textures/tiles_spritesheet.png
20:21:19.936 [FXGL Background Thread 1 ] DEBUG AssetLoader          - Loading from cache: /assets/textures/tiles_spritesheet.png
20:21:19.936 [FXGL Background Thread 1 ] DEBUG AssetLoader          - Loading from cache: /assets/textures/tiles_spritesheet.png
20:21:19.936 [FXGL Background Thread 1 ] DEBUG AssetLoader          - Loading from cache: /assets/textures/tiles_spritesheet.png
20:21:19.937 [FXGL Background Thread 1 ] DEBUG AssetLoader          - Loading from cache: /assets/textures/tiles_spritesheet.png
20:21:19.937 [FXGL Background Thread 1 ] DEBUG AssetLoader          - Loading from cache: /assets/textures/tiles_spritesheet.png
20:21:19.937 [FXGL Background Thread 1 ] DEBUG AssetLoader          - Loading from cache: /assets/textures/tiles_spritesheet.png
20:21:19.938 [FXGL Background Thread 1 ] DEBUG AssetLoader          - Loading from cache: /assets/textures/tiles_spritesheet.png
20:21:19.938 [FXGL Background Thread 1 ] DEBUG AssetLoader          - Loading from cache: /assets/textures/tiles_spritesheet.png
20:21:19.938 [FXGL Background Thread 1 ] DEBUG AssetLoader          - Loading from cache: /assets/textures/tiles_spritesheet.png
20:21:19.939 [FXGL Background Thread 1 ] DEBUG AssetLoader          - Loading from cache: /assets/textures/tiles_spritesheet.png
20:21:19.939 [FXGL Background Thread 1 ] DEBUG AssetLoader          - Loading from cache: /assets/textures/tiles_spritesheet.png
20:21:19.939 [FXGL Background Thread 1 ] DEBUG AssetLoader          - Loading from cache: /assets/textures/tiles_spritesheet.png
20:21:19.939 [FXGL Background Thread 1 ] DEBUG AssetLoader          - Loading from cache: /assets/textures/tiles_spritesheet.png
20:21:19.940 [FXGL Background Thread 1 ] DEBUG AssetLoader          - Loading from cache: /assets/textures/tiles_spritesheet.png
20:21:19.940 [FXGL Background Thread 1 ] DEBUG AssetLoader          - Loading from cache: /assets/textures/tiles_spritesheet.png
20:21:19.940 [FXGL Background Thread 1 ] DEBUG AssetLoader          - Loading from cache: /assets/textures/tiles_spritesheet.png
20:21:19.940 [FXGL Background Thread 1 ] DEBUG AssetLoader          - Loading from cache: /assets/textures/tiles_spritesheet.png
20:21:19.941 [FXGL Background Thread 1 ] DEBUG AssetLoader          - Loading from cache: /assets/textures/tiles_spritesheet.png
20:21:19.941 [FXGL Background Thread 1 ] DEBUG AssetLoader          - Loading from cache: /assets/textures/tiles_spritesheet.png
20:21:19.941 [FXGL Background Thread 1 ] DEBUG AssetLoader          - Loading from cache: /assets/textures/tiles_spritesheet.png
20:21:19.941 [FXGL Background Thread 1 ] DEBUG AssetLoader          - Loading from cache: /assets/textures/tiles_spritesheet.png
20:21:19.945 [FXGL Background Thread 1 ] DEBUG GameScene            - Creating render group for layer: BACKGROUND(1000)
20:21:19.954 [FXGL Background Thread 1 ] DEBUG GameScene            - Creating render group for layer: DEFAULT(100000)
20:21:20.054 [FXGL Background Thread 1 ] DEBUG AssetLoader          - Loading from disk: /assets/textures/luigiwalk.png
20:21:20.062 [FXGL Background Thread 1 ] DEBUG AssetLoader          - Loading from cache: /assets/textures/luigiwalk.png
20:21:20.062 [FXGL Background Thread 1 ] DEBUG AssetLoader          - Loading from disk: /assets/textures/luigihop.png
20:21:20.075 [FXGL Background Thread 1 ] DEBUG AssetLoader          - Loading from disk: /assets/textures/enemyjump.png
20:21:20.079 [FXGL Background Thread 1 ] DEBUG AssetLoader          - Loading from cache: /assets/textures/enemyjump.png
20:21:20.080 [FXGL Background Thread 1 ] DEBUG AssetLoader          - Loading from cache: /assets/textures/enemyjump.png
20:21:20.081 [FXGL Background Thread 1 ] DEBUG InitAppTask          - Initializing Physics
20:21:20.082 [FXGL Background Thread 1 ] DEBUG InitAppTask          - Initializing UI
20:21:20.083 [FXGL Background Thread 1 ] DEBUG AssetLoader          - Loading from cache: /assets/ui/fonts/VarelaRound-Regular.ttf
20:21:20.083 [FXGL Background Thread 1 ] DEBUG AssetLoader          - Loading from cache: /assets/ui/fonts/VarelaRound-Regular.ttf
20:21:20.086 [FXGL Background Thread 1 ] DEBUG InitAppTask          - Initialization Complete
20:21:20.086 [FXGL Background Thread 1 ] INFO  InitAppTask          - Game initialization took: 0,786 sec
20:21:20.095 [JavaFX Application Thread] DEBUG Input                - Clearing active input actions
20:21:20.095 [JavaFX Application Thread] DEBUG AssetLoader          - Loading from disk: /assets/ui/css/fxgl_dark.css
20:21:20.114 [JavaFX Application Thread] DEBUG AppStateMachine      - LoadingState -> PlayState
20:21:24.124 [JavaFX Application Thread] DEBUG AssetLoader          - Loading from cache: /assets/sounds/smw_jump.wav
20:21:25.984 [JavaFX Application Thread] DEBUG AssetLoader          - Loading from cache: /assets/sounds/smw_coin.wav
20:21:26.299 [JavaFX Application Thread] DEBUG AssetLoader          - Loading from cache: /assets/sounds/smw_jump.wav
20:21:28.593 [JavaFX Application Thread] DEBUG AssetLoader          - Loading from cache: /assets/sounds/smw_jump.wav
20:21:32.805 [JavaFX Application Thread] DEBUG AssetLoader          - Loading from cache: /assets/sounds/smw_jump.wav
20:21:33.439 [JavaFX Application Thread] DEBUG AssetLoader          - Loading from cache: /assets/sounds/smw_jump.wav
20:21:34.432 [JavaFX Application Thread] DEBUG AssetLoader          - Loading from cache: /assets/sounds/smw_coin.wav
20:21:35.029 [JavaFX Application Thread] DEBUG AssetLoader          - Loading from cache: /assets/sounds/smw_jump.wav
20:21:35.621 [JavaFX Application Thread] DEBUG AssetLoader          - Loading from cache: /assets/sounds/smw_jump.wav
20:21:36.799 [JavaFX Application Thread] DEBUG AssetLoader          - Loading from cache: /assets/sounds/smw_coin.wav
20:21:38.582 [JavaFX Application Thread] DEBUG AssetLoader          - Loading from cache: /assets/sounds/smw_jump.wav
20:21:44.336 [JavaFX Application Thread] DEBUG AssetLoader          - Loading from cache: /assets/sounds/smw_coin.wav
20:21:46.703 [JavaFX Application Thread] DEBUG AssetLoader          - Loading from cache: /assets/sounds/smw_coin.wav
20:21:47.009 [JavaFX Application Thread] DEBUG AssetLoader          - Loading from cache: /assets/sounds/smw_jump.wav
20:21:48.464 [JavaFX Application Thread] DEBUG AssetLoader          - Loading from cache: /assets/sounds/smw_jump.wav
20:21:48.982 [JavaFX Application Thread] DEBUG AssetLoader          - Loading from cache: /assets/sounds/smw_jump.wav
20:21:50.184 [JavaFX Application Thread] DEBUG AssetLoader          - Loading from cache: /assets/sounds/smw_jump.wav
20:21:51.378 [JavaFX Application Thread] DEBUG AssetLoader          - Loading from cache: /assets/sounds/smw_jump.wav
20:21:52.214 [JavaFX Application Thread] DEBUG AssetLoader          - Loading from cache: /assets/sounds/smw_jump.wav
20:21:53.724 [JavaFX Application Thread] DEBUG AssetLoader          - Loading from cache: /assets/sounds/smw_jump.wav
20:21:54.198 [JavaFX Application Thread] DEBUG AssetLoader          - Loading from cache: /assets/sounds/smw_jump.wav
20:21:54.564 [JavaFX Application Thread] DEBUG AssetLoader          - Loading from cache: /assets/sounds/smw_jump.wav
20:21:55.016 [JavaFX Application Thread] DEBUG AssetLoader          - Loading from cache: /assets/sounds/smw_jump.wav
20:21:55.455 [JavaFX Application Thread] DEBUG AssetLoader          - Loading from cache: /assets/sounds/smw_jump.wav
20:21:56.666 [JavaFX Application Thread] DEBUG AssetLoader          - Loading from cache: /assets/sounds/smw_jump.wav
20:21:57.935 [JavaFX Application Thread] DEBUG AssetLoader          - Loading from cache: /assets/sounds/smw_jump.wav
20:21:59.424 [JavaFX Application Thread] DEBUG AssetLoader          - Loading from cache: /assets/sounds/smw_jump.wav
20:22:00.214 [JavaFX Application Thread] DEBUG AssetLoader          - Loading from cache: /assets/sounds/smw_jump.wav
20:22:01.617 [JavaFX Application Thread] DEBUG AssetLoader          - Loading from cache: /assets/sounds/smw_jump.wav
20:22:02.015 [JavaFX Application Thread] DEBUG AssetLoader          - Loading from cache: /assets/sounds/smw_coin.wav
20:22:03.066 [JavaFX Application Thread] DEBUG AssetLoader          - Loading from cache: /assets/sounds/smw_jump.wav
20:22:04.022 [JavaFX Application Thread] DEBUG AssetLoader          - Loading from cache: /assets/sounds/smw_jump.wav
20:22:05.669 [JavaFX Application Thread] DEBUG AssetLoader          - Loading from cache: /assets/sounds/smw_jump.wav
20:22:06.563 [JavaFX Application Thread] DEBUG AssetLoader          - Loading from cache: /assets/sounds/smw_jump.wav
20:22:07.792 [JavaFX Application Thread] DEBUG AssetLoader          - Loading from cache: /assets/sounds/smw_coin.wav
20:22:09.035 [JavaFX Application Thread] DEBUG AssetLoader          - Loading from cache: /assets/sounds/smw_jump.wav
20:22:12.848 [JavaFX Application Thread] DEBUG AssetLoader          - Loading from cache: /assets/sounds/smw_jump.wav
20:22:14.271 [JavaFX Application Thread] DEBUG AssetLoader          - Loading from cache: /assets/sounds/smw_coin.wav
20:22:14.326 [JavaFX Application Thread] DEBUG AssetLoader          - Loading from cache: /assets/sounds/smw_jump.wav
20:22:16.094 [JavaFX Application Thread] DEBUG AssetLoader          - Loading from cache: /assets/ui/fonts/VarelaRound-Regular.ttf
20:22:16.112 [JavaFX Application Thread] DEBUG AssetLoader          - Loading from cache: /assets/ui/fonts/VarelaRound-Regular.ttf
20:22:16.117 [JavaFX Application Thread] DEBUG AssetLoader          - Loading from disk: /assets/properties/languages/english.properties
20:22:16.126 [JavaFX Application Thread] DEBUG AssetLoader          - Loading from cache: /assets/ui/fonts/VarelaRound-Regular.ttf
20:22:16.128 [JavaFX Application Thread] DEBUG AppStateMachine      - Push state: DialogSubState
20:22:16.129 [JavaFX Application Thread] DEBUG Input                - Clearing active input actions
20:22:16.129 [JavaFX Application Thread] DEBUG AppStateMachine      - PlayState -> DialogSubState
20:22:16.141 [JavaFX Application Thread] DEBUG AssetLoader          - Loading from disk: /assets/json/luigi2.json
20:22:16.154 [JavaFX Application Thread] DEBUG GameWorld            - Clearing removable entities
20:22:16.161 [JavaFX Application Thread] DEBUG GameWorld            - Setting level from map
20:22:16.166 [JavaFX Application Thread] DEBUG AssetLoader          - Loading from cache: /assets/textures/tiles_spritesheet.png
20:22:16.166 [JavaFX Application Thread] DEBUG AssetLoader          - Loading from cache: /assets/textures/tiles_spritesheet.png
20:22:16.166 [JavaFX Application Thread] DEBUG AssetLoader          - Loading from cache: /assets/textures/tiles_spritesheet.png
20:22:16.166 [JavaFX Application Thread] DEBUG AssetLoader          - Loading from cache: /assets/textures/tiles_spritesheet.png
20:22:16.166 [JavaFX Application Thread] DEBUG AssetLoader          - Loading from cache: /assets/textures/tiles_spritesheet.png
20:22:16.166 [JavaFX Application Thread] DEBUG AssetLoader          - Loading from cache: /assets/textures/tiles_spritesheet.png
20:22:16.167 [JavaFX Application Thread] DEBUG AssetLoader          - Loading from cache: /assets/textures/tiles_spritesheet.png
20:22:16.167 [JavaFX Application Thread] DEBUG AssetLoader          - Loading from cache: /assets/textures/tiles_spritesheet.png
20:22:16.167 [JavaFX Application Thread] DEBUG AssetLoader          - Loading from cache: /assets/textures/tiles_spritesheet.png
20:22:16.167 [JavaFX Application Thread] DEBUG AssetLoader          - Loading from cache: /assets/textures/tiles_spritesheet.png
20:22:16.167 [JavaFX Application Thread] DEBUG AssetLoader          - Loading from cache: /assets/textures/tiles_spritesheet.png
20:22:16.167 [JavaFX Application Thread] DEBUG AssetLoader          - Loading from cache: /assets/textures/tiles_spritesheet.png
20:22:16.167 [JavaFX Application Thread] DEBUG AssetLoader          - Loading from cache: /assets/textures/tiles_spritesheet.png
20:22:16.168 [JavaFX Application Thread] DEBUG AssetLoader          - Loading from cache: /assets/textures/tiles_spritesheet.png
20:22:16.168 [JavaFX Application Thread] DEBUG AssetLoader          - Loading from cache: /assets/textures/tiles_spritesheet.png
20:22:16.168 [JavaFX Application Thread] DEBUG AssetLoader          - Loading from cache: /assets/textures/tiles_spritesheet.png
20:22:16.168 [JavaFX Application Thread] DEBUG AssetLoader          - Loading from cache: /assets/textures/tiles_spritesheet.png
20:22:16.168 [JavaFX Application Thread] DEBUG AssetLoader          - Loading from cache: /assets/textures/tiles_spritesheet.png
20:22:16.168 [JavaFX Application Thread] DEBUG AssetLoader          - Loading from cache: /assets/textures/tiles_spritesheet.png
20:22:16.169 [JavaFX Application Thread] DEBUG AssetLoader          - Loading from cache: /assets/textures/tiles_spritesheet.png
20:22:16.169 [JavaFX Application Thread] DEBUG AssetLoader          - Loading from cache: /assets/textures/tiles_spritesheet.png
20:22:16.169 [JavaFX Application Thread] DEBUG AssetLoader          - Loading from cache: /assets/textures/tiles_spritesheet.png
20:22:16.169 [JavaFX Application Thread] DEBUG AssetLoader          - Loading from cache: /assets/textures/tiles_spritesheet.png
20:22:16.169 [JavaFX Application Thread] DEBUG AssetLoader          - Loading from cache: /assets/textures/tiles_spritesheet.png
20:22:16.170 [JavaFX Application Thread] DEBUG AssetLoader          - Loading from cache: /assets/textures/tiles_spritesheet.png
20:22:16.170 [JavaFX Application Thread] DEBUG AssetLoader          - Loading from cache: /assets/textures/tiles_spritesheet.png
20:22:16.170 [JavaFX Application Thread] DEBUG AssetLoader          - Loading from cache: /assets/textures/tiles_spritesheet.png
20:22:16.170 [JavaFX Application Thread] DEBUG AssetLoader          - Loading from cache: /assets/textures/tiles_spritesheet.png
20:22:16.170 [JavaFX Application Thread] DEBUG AssetLoader          - Loading from cache: /assets/textures/tiles_spritesheet.png
20:22:16.170 [JavaFX Application Thread] DEBUG AssetLoader          - Loading from cache: /assets/textures/tiles_spritesheet.png
20:22:16.171 [JavaFX Application Thread] DEBUG AssetLoader          - Loading from cache: /assets/textures/tiles_spritesheet.png
20:22:16.171 [JavaFX Application Thread] DEBUG AssetLoader          - Loading from cache: /assets/textures/tiles_spritesheet.png
20:22:16.171 [JavaFX Application Thread] DEBUG AssetLoader          - Loading from cache: /assets/textures/tiles_spritesheet.png
20:22:16.171 [JavaFX Application Thread] DEBUG AssetLoader          - Loading from cache: /assets/textures/tiles_spritesheet.png
20:22:16.171 [JavaFX Application Thread] DEBUG AssetLoader          - Loading from cache: /assets/textures/tiles_spritesheet.png
20:22:16.171 [JavaFX Application Thread] DEBUG AssetLoader          - Loading from cache: /assets/textures/tiles_spritesheet.png
20:22:16.171 [JavaFX Application Thread] DEBUG AssetLoader          - Loading from cache: /assets/textures/tiles_spritesheet.png
20:22:16.172 [JavaFX Application Thread] DEBUG AssetLoader          - Loading from cache: /assets/textures/tiles_spritesheet.png
20:22:16.172 [JavaFX Application Thread] DEBUG AssetLoader          - Loading from cache: /assets/textures/tiles_spritesheet.png
20:22:16.172 [JavaFX Application Thread] DEBUG AssetLoader          - Loading from cache: /assets/textures/tiles_spritesheet.png
20:22:16.172 [JavaFX Application Thread] DEBUG AssetLoader          - Loading from cache: /assets/textures/tiles_spritesheet.png
20:22:16.172 [JavaFX Application Thread] DEBUG AssetLoader          - Loading from cache: /assets/textures/tiles_spritesheet.png
20:22:16.172 [JavaFX Application Thread] DEBUG AssetLoader          - Loading from cache: /assets/textures/tiles_spritesheet.png
20:22:16.173 [JavaFX Application Thread] DEBUG AssetLoader          - Loading from cache: /assets/textures/tiles_spritesheet.png
20:22:16.173 [JavaFX Application Thread] DEBUG AssetLoader          - Loading from cache: /assets/textures/tiles_spritesheet.png
20:22:16.173 [JavaFX Application Thread] DEBUG AssetLoader          - Loading from cache: /assets/textures/tiles_spritesheet.png
20:22:16.173 [JavaFX Application Thread] DEBUG AssetLoader          - Loading from cache: /assets/textures/tiles_spritesheet.png
20:22:16.173 [JavaFX Application Thread] DEBUG AssetLoader          - Loading from cache: /assets/textures/tiles_spritesheet.png
20:22:16.173 [JavaFX Application Thread] DEBUG AssetLoader          - Loading from cache: /assets/textures/tiles_spritesheet.png
20:22:16.174 [JavaFX Application Thread] DEBUG AssetLoader          - Loading from cache: /assets/textures/tiles_spritesheet.png
20:22:16.174 [JavaFX Application Thread] DEBUG AssetLoader          - Loading from cache: /assets/textures/tiles_spritesheet.png
20:22:16.174 [JavaFX Application Thread] DEBUG AssetLoader          - Loading from cache: /assets/textures/tiles_spritesheet.png
20:22:16.174 [JavaFX Application Thread] DEBUG AssetLoader          - Loading from cache: /assets/textures/tiles_spritesheet.png
20:22:16.175 [JavaFX Application Thread] DEBUG AssetLoader          - Loading from cache: /assets/textures/tiles_spritesheet.png
20:22:16.175 [JavaFX Application Thread] DEBUG AssetLoader          - Loading from cache: /assets/textures/tiles_spritesheet.png
20:22:16.175 [JavaFX Application Thread] DEBUG AssetLoader          - Loading from cache: /assets/textures/tiles_spritesheet.png
20:22:16.175 [JavaFX Application Thread] DEBUG AssetLoader          - Loading from cache: /assets/textures/tiles_spritesheet.png
20:22:16.175 [JavaFX Application Thread] DEBUG AssetLoader          - Loading from cache: /assets/textures/tiles_spritesheet.png
20:22:16.175 [JavaFX Application Thread] DEBUG AssetLoader          - Loading from cache: /assets/textures/tiles_spritesheet.png
20:22:16.176 [JavaFX Application Thread] DEBUG AssetLoader          - Loading from cache: /assets/textures/tiles_spritesheet.png
20:22:16.176 [JavaFX Application Thread] DEBUG AssetLoader          - Loading from cache: /assets/textures/tiles_spritesheet.png
20:22:16.176 [JavaFX Application Thread] DEBUG AssetLoader          - Loading from cache: /assets/textures/tiles_spritesheet.png
20:22:16.176 [JavaFX Application Thread] DEBUG AssetLoader          - Loading from cache: /assets/textures/tiles_spritesheet.png
20:22:16.176 [JavaFX Application Thread] DEBUG AssetLoader          - Loading from cache: /assets/textures/tiles_spritesheet.png
20:22:16.176 [JavaFX Application Thread] DEBUG AssetLoader          - Loading from cache: /assets/textures/tiles_spritesheet.png
20:22:16.177 [JavaFX Application Thread] DEBUG AssetLoader          - Loading from cache: /assets/textures/tiles_spritesheet.png
20:22:16.177 [JavaFX Application Thread] DEBUG AssetLoader          - Loading from cache: /assets/textures/tiles_spritesheet.png
20:22:16.177 [JavaFX Application Thread] DEBUG AssetLoader          - Loading from cache: /assets/textures/tiles_spritesheet.png
20:22:16.177 [JavaFX Application Thread] DEBUG AssetLoader          - Loading from cache: /assets/textures/tiles_spritesheet.png
20:22:16.177 [JavaFX Application Thread] DEBUG AssetLoader          - Loading from cache: /assets/textures/tiles_spritesheet.png
20:22:16.177 [JavaFX Application Thread] DEBUG AssetLoader          - Loading from cache: /assets/textures/tiles_spritesheet.png
20:22:16.177 [JavaFX Application Thread] DEBUG AssetLoader          - Loading from cache: /assets/textures/tiles_spritesheet.png
20:22:16.177 [JavaFX Application Thread] DEBUG AssetLoader          - Loading from cache: /assets/textures/tiles_spritesheet.png
20:22:16.178 [JavaFX Application Thread] DEBUG AssetLoader          - Loading from cache: /assets/textures/tiles_spritesheet.png
20:22:16.178 [JavaFX Application Thread] DEBUG AssetLoader          - Loading from cache: /assets/textures/tiles_spritesheet.png
20:22:16.178 [JavaFX Application Thread] DEBUG AssetLoader          - Loading from cache: /assets/textures/tiles_spritesheet.png
20:22:16.178 [JavaFX Application Thread] DEBUG AssetLoader          - Loading from cache: /assets/textures/tiles_spritesheet.png
20:22:16.178 [JavaFX Application Thread] DEBUG AssetLoader          - Loading from cache: /assets/textures/tiles_spritesheet.png
20:22:16.178 [JavaFX Application Thread] DEBUG AssetLoader          - Loading from cache: /assets/textures/tiles_spritesheet.png
20:22:16.178 [JavaFX Application Thread] DEBUG AssetLoader          - Loading from cache: /assets/textures/tiles_spritesheet.png
20:22:16.179 [JavaFX Application Thread] DEBUG AssetLoader          - Loading from cache: /assets/textures/tiles_spritesheet.png
20:22:16.179 [JavaFX Application Thread] DEBUG AssetLoader          - Loading from cache: /assets/textures/tiles_spritesheet.png
20:22:16.179 [JavaFX Application Thread] DEBUG AssetLoader          - Loading from cache: /assets/textures/tiles_spritesheet.png
20:22:16.179 [JavaFX Application Thread] DEBUG AssetLoader          - Loading from cache: /assets/textures/tiles_spritesheet.png
20:22:16.179 [JavaFX Application Thread] DEBUG AssetLoader          - Loading from cache: /assets/textures/tiles_spritesheet.png
20:22:16.179 [JavaFX Application Thread] DEBUG AssetLoader          - Loading from cache: /assets/textures/tiles_spritesheet.png
20:22:16.179 [JavaFX Application Thread] DEBUG AssetLoader          - Loading from cache: /assets/textures/tiles_spritesheet.png
20:22:16.180 [JavaFX Application Thread] DEBUG AssetLoader          - Loading from cache: /assets/textures/tiles_spritesheet.png
20:22:16.180 [JavaFX Application Thread] DEBUG AssetLoader          - Loading from cache: /assets/textures/tiles_spritesheet.png
20:22:16.180 [JavaFX Application Thread] DEBUG AssetLoader          - Loading from cache: /assets/textures/tiles_spritesheet.png
20:22:16.180 [JavaFX Application Thread] DEBUG AssetLoader          - Loading from cache: /assets/textures/tiles_spritesheet.png
20:22:16.180 [JavaFX Application Thread] DEBUG AssetLoader          - Loading from cache: /assets/textures/tiles_spritesheet.png
20:22:16.180 [JavaFX Application Thread] DEBUG AssetLoader          - Loading from cache: /assets/textures/tiles_spritesheet.png
20:22:16.180 [JavaFX Application Thread] DEBUG AssetLoader          - Loading from cache: /assets/textures/tiles_spritesheet.png
20:22:16.180 [JavaFX Application Thread] DEBUG AssetLoader          - Loading from cache: /assets/textures/tiles_spritesheet.png
20:22:16.181 [JavaFX Application Thread] DEBUG AssetLoader          - Loading from cache: /assets/textures/tiles_spritesheet.png
20:22:16.181 [JavaFX Application Thread] DEBUG AssetLoader          - Loading from cache: /assets/textures/tiles_spritesheet.png
20:22:16.181 [JavaFX Application Thread] DEBUG AssetLoader          - Loading from cache: /assets/textures/tiles_spritesheet.png
20:22:16.181 [JavaFX Application Thread] DEBUG AssetLoader          - Loading from cache: /assets/textures/tiles_spritesheet.png
20:22:16.181 [JavaFX Application Thread] DEBUG AssetLoader          - Loading from cache: /assets/textures/tiles_spritesheet.png
20:22:16.214 [JavaFX Application Thread] DEBUG AssetLoader          - Loading from cache: /assets/textures/luigiwalk.png
20:22:16.214 [JavaFX Application Thread] DEBUG AssetLoader          - Loading from cache: /assets/textures/luigiwalk.png
20:22:16.214 [JavaFX Application Thread] DEBUG AssetLoader          - Loading from cache: /assets/textures/luigihop.png
20:22:16.215 [JavaFX Application Thread] DEBUG AssetLoader          - Loading from cache: /assets/textures/enemyjump.png
20:22:16.216 [JavaFX Application Thread] DEBUG AssetLoader          - Loading from cache: /assets/textures/enemyjump.png
20:22:16.218 [JavaFX Application Thread] DEBUG AssetLoader          - Loading from disk: /assets/textures/enemywalker.png
20:22:18.022 [JavaFX Application Thread] DEBUG AppStateMachine      - Pop state: DialogSubState
20:22:18.022 [JavaFX Application Thread] DEBUG Input                - Clearing active input actions
20:22:18.023 [JavaFX Application Thread] DEBUG AppStateMachine      - PlayState <- DialogSubState
20:22:20.448 [JavaFX Application Thread] DEBUG AssetLoader          - Loading from cache: /assets/sounds/smw_coin.wav
20:22:22.512 [JavaFX Application Thread] DEBUG AssetLoader          - Loading from cache: /assets/sounds/smw_coin.wav
20:22:22.708 [JavaFX Application Thread] DEBUG AssetLoader          - Loading from cache: /assets/ui/fonts/VarelaRound-Regular.ttf
20:22:22.708 [JavaFX Application Thread] DEBUG AssetLoader          - Loading from cache: /assets/ui/fonts/VarelaRound-Regular.ttf
20:22:22.708 [JavaFX Application Thread] DEBUG AssetLoader          - Loading from cache: /assets/properties/languages/english.properties
20:22:22.709 [JavaFX Application Thread] DEBUG AssetLoader          - Loading from cache: /assets/ui/fonts/VarelaRound-Regular.ttf
20:22:22.710 [JavaFX Application Thread] DEBUG AppStateMachine      - Push state: DialogSubState
20:22:22.710 [JavaFX Application Thread] DEBUG Input                - Clearing active input actions
20:22:22.710 [JavaFX Application Thread] DEBUG AppStateMachine      - PlayState -> DialogSubState
20:22:22.713 [JavaFX Application Thread] DEBUG AssetLoader          - Loading from cache: /assets/textures/luigiwalk.png
20:22:22.713 [JavaFX Application Thread] DEBUG AssetLoader          - Loading from cache: /assets/textures/luigiwalk.png
20:22:22.713 [JavaFX Application Thread] DEBUG AssetLoader          - Loading from cache: /assets/textures/luigihop.png
20:22:22.714 [JavaFX Application Thread] DEBUG AssetLoader          - Loading from cache: /assets/textures/enemywalker.png
20:22:22.741 [JavaFX Application Thread] DEBUG AssetLoader          - Loading from cache: /assets/sounds/menu/select.wav
20:22:23.427 [JavaFX Application Thread] DEBUG AppStateMachine      - Pop state: DialogSubState
20:22:23.427 [JavaFX Application Thread] DEBUG Input                - Clearing active input actions
20:22:23.429 [JavaFX Application Thread] DEBUG AppStateMachine      - PlayState <- DialogSubState
20:22:27.356 [JavaFX Application Thread] DEBUG AssetLoader          - Loading from cache: /assets/sounds/smw_jump.wav
20:22:29.631 [JavaFX Application Thread] DEBUG AssetLoader          - Loading from cache: /assets/sounds/smw_coin.wav
20:22:35.966 [JavaFX Application Thread] DEBUG AssetLoader          - Loading from cache: /assets/sounds/smw_jump.wav
20:22:36.738 [JavaFX Application Thread] DEBUG AssetLoader          - Loading from cache: /assets/sounds/smw_jump.wav
20:22:37.344 [JavaFX Application Thread] DEBUG AssetLoader          - Loading from cache: /assets/sounds/smw_coin.wav
20:22:39.047 [JavaFX Application Thread] DEBUG AssetLoader          - Loading from cache: /assets/sounds/smw_jump.wav
20:22:39.893 [JavaFX Application Thread] DEBUG AssetLoader          - Loading from cache: /assets/sounds/smw_jump.wav
20:22:40.910 [JavaFX Application Thread] DEBUG AssetLoader          - Loading from cache: /assets/sounds/smw_jump.wav
20:22:41.746 [JavaFX Application Thread] DEBUG AssetLoader          - Loading from cache: /assets/sounds/smw_jump.wav
20:22:42.775 [JavaFX Application Thread] DEBUG AssetLoader          - Loading from cache: /assets/sounds/smw_jump.wav
20:22:43.738 [JavaFX Application Thread] DEBUG AssetLoader          - Loading from cache: /assets/sounds/smw_jump.wav
20:22:44.768 [JavaFX Application Thread] DEBUG AssetLoader          - Loading from cache: /assets/sounds/smb_mariodie.wav
20:22:44.769 [JavaFX Application Thread] DEBUG AssetLoader          - Loading from cache: /assets/ui/fonts/VarelaRound-Regular.ttf
20:22:44.770 [JavaFX Application Thread] DEBUG AssetLoader          - Loading from cache: /assets/ui/fonts/VarelaRound-Regular.ttf
20:22:44.770 [JavaFX Application Thread] DEBUG AssetLoader          - Loading from cache: /assets/properties/languages/english.properties
20:22:44.771 [JavaFX Application Thread] DEBUG AssetLoader          - Loading from cache: /assets/ui/fonts/VarelaRound-Regular.ttf
20:22:44.772 [JavaFX Application Thread] DEBUG AppStateMachine      - Push state: DialogSubState
20:22:44.772 [JavaFX Application Thread] DEBUG Input                - Clearing active input actions
20:22:44.773 [JavaFX Application Thread] DEBUG AppStateMachine      - PlayState -> DialogSubState
20:22:44.783 [JavaFX Application Thread] DEBUG AssetLoader          - Loading from cache: /assets/textures/enemyjump.png
20:22:44.785 [JavaFX Application Thread] DEBUG AssetLoader          - Loading from cache: /assets/textures/enemyjump.png
20:22:44.788 [JavaFX Application Thread] DEBUG AssetLoader          - Loading from cache: /assets/textures/luigiwalk.png
20:22:44.788 [JavaFX Application Thread] DEBUG AssetLoader          - Loading from cache: /assets/textures/luigiwalk.png
20:22:44.789 [JavaFX Application Thread] DEBUG AssetLoader          - Loading from cache: /assets/textures/luigihop.png
20:22:44.791 [JavaFX Application Thread] DEBUG AssetLoader          - Loading from cache: /assets/textures/enemyjump.png
20:22:44.808 [JavaFX Application Thread] DEBUG AssetLoader          - Loading from cache: /assets/textures/enemyjump.png
20:22:44.810 [JavaFX Application Thread] DEBUG AssetLoader          - Loading from cache: /assets/textures/enemyjump.png
20:22:44.811 [JavaFX Application Thread] DEBUG AssetLoader          - Loading from cache: /assets/textures/luigiwalk.png
20:22:44.811 [JavaFX Application Thread] DEBUG AssetLoader          - Loading from cache: /assets/textures/luigiwalk.png
20:22:44.812 [JavaFX Application Thread] DEBUG AssetLoader          - Loading from cache: /assets/textures/luigihop.png
20:22:44.819 [JavaFX Application Thread] DEBUG AssetLoader          - Loading from cache: /assets/sounds/menu/select.wav
20:22:45.738 [JavaFX Application Thread] DEBUG AppStateMachine      - Pop state: DialogSubState
20:22:45.738 [JavaFX Application Thread] DEBUG Input                - Clearing active input actions
20:22:45.738 [JavaFX Application Thread] DEBUG AppStateMachine      - PlayState <- DialogSubState
20:22:53.984 [JavaFX Application Thread] DEBUG AssetLoader          - Loading from cache: /assets/sounds/smw_jump.wav
20:22:58.721 [JavaFX Application Thread] DEBUG AssetLoader          - Loading from cache: /assets/sounds/smb_mariodie.wav
20:22:58.723 [JavaFX Application Thread] DEBUG AssetLoader          - Loading from cache: /assets/ui/fonts/VarelaRound-Regular.ttf
20:22:58.724 [JavaFX Application Thread] DEBUG AssetLoader          - Loading from cache: /assets/ui/fonts/VarelaRound-Regular.ttf
20:22:58.725 [JavaFX Application Thread] DEBUG AssetLoader          - Loading from cache: /assets/properties/languages/english.properties
20:22:58.727 [JavaFX Application Thread] DEBUG AssetLoader          - Loading from cache: /assets/ui/fonts/VarelaRound-Regular.ttf
20:22:58.728 [JavaFX Application Thread] DEBUG AppStateMachine      - Push state: DialogSubState
20:22:58.729 [JavaFX Application Thread] DEBUG Input                - Clearing active input actions
20:22:58.729 [JavaFX Application Thread] DEBUG AppStateMachine      - PlayState -> DialogSubState
20:22:58.741 [JavaFX Application Thread] DEBUG AssetLoader          - Loading from cache: /assets/textures/enemyjump.png
20:22:58.745 [JavaFX Application Thread] DEBUG AssetLoader          - Loading from cache: /assets/textures/enemyjump.png
20:22:58.748 [JavaFX Application Thread] DEBUG AssetLoader          - Loading from cache: /assets/textures/luigiwalk.png
20:22:58.749 [JavaFX Application Thread] DEBUG AssetLoader          - Loading from cache: /assets/textures/luigiwalk.png
20:22:58.750 [JavaFX Application Thread] DEBUG AssetLoader          - Loading from cache: /assets/textures/luigihop.png
20:22:58.753 [JavaFX Application Thread] DEBUG AssetLoader          - Loading from cache: /assets/textures/enemyjump.png
20:22:58.757 [JavaFX Application Thread] DEBUG AssetLoader          - Loading from cache: /assets/textures/enemyjump.png
20:22:58.760 [JavaFX Application Thread] DEBUG AssetLoader          - Loading from cache: /assets/textures/enemyjump.png
20:22:58.761 [JavaFX Application Thread] DEBUG AssetLoader          - Loading from cache: /assets/textures/luigiwalk.png
20:22:58.762 [JavaFX Application Thread] DEBUG AssetLoader          - Loading from cache: /assets/textures/luigiwalk.png
20:22:58.762 [JavaFX Application Thread] DEBUG AssetLoader          - Loading from cache: /assets/textures/luigihop.png
20:22:59.618 [JavaFX Application Thread] DEBUG AssetLoader          - Loading from cache: /assets/sounds/menu/select.wav
20:22:59.910 [JavaFX Application Thread] DEBUG AppStateMachine      - Pop state: DialogSubState
20:22:59.910 [JavaFX Application Thread] DEBUG Input                - Clearing active input actions
20:22:59.911 [JavaFX Application Thread] DEBUG AppStateMachine      - PlayState <- DialogSubState
20:23:04.228 [JavaFX Application Thread] DEBUG FXGL                 - Exiting FXGL
20:23:04.228 [JavaFX Application Thread] DEBUG FXGL                 - Shutting down background threads
20:23:04.228 [JavaFX Application Thread] DEBUG FXGL                 - Saving FXGL system data
20:23:04.234 [JavaFX Application Thread] DEBUG DesktopFSService     - Writing to: system\fxgl.bundle
20:23:04.244 [JavaFX Application Thread] DEBUG FXGL                 - Closing logger and exiting JavaFX
